Defaulting to user installation because normal site-packages is not writeable
Requirement already satisfied: pip in /home/sshukla7/.local/lib/python3.10/site-packages (23.1.2)
Defaulting to user installation because normal site-packages is not writeable
Collecting transformers==4.20.0 (from -r requirements.txt (line 1))
  Downloading transformers-4.20.0-py3-none-any.whl (4.4 MB)
     ━━━━━━━━━━━━━━━━━━━━━━━━━━━━━━━━━━━━━━━━ 4.4/4.4 MB 98.5 MB/s eta 0:00:00
Requirement already satisfied: datasets==2.11.0 in /home/sshukla7/.local/lib/python3.10/site-packages (from -r requirements.txt (line 2)) (2.11.0)
Requirement already satisfied: sacrebleu==2.0 in /home/sshukla7/.local/lib/python3.10/site-packages (from -r requirements.txt (line 3)) (2.0.0)
Requirement already satisfied: wandb in /home/sshukla7/.local/lib/python3.10/site-packages (from -r requirements.txt (line 4)) (0.15.0)
Requirement already satisfied: nltk in /home/sshukla7/.local/lib/python3.10/site-packages (from -r requirements.txt (line 5)) (3.8.1)
Requirement already satisfied: tensorboard in /opt/sw/spack/apps/linux-rhel8-x86_64/gcc-10.3.0/python-3.10.1-qb/lib/python3.10/site-packages (from -r requirements.txt (line 6)) (2.12.2)
Requirement already satisfied: setuptools in /home/sshukla7/.local/lib/python3.10/site-packages (from -r requirements.txt (line 7)) (49.6.0)
Requirement already satisfied: rouge_score in /home/sshukla7/.local/lib/python3.10/site-packages (from -r requirements.txt (line 8)) (0.1.2)
Collecting sentencepiece (from -r requirements.txt (line 9))
  Downloading sentencepiece-0.1.98-cp310-cp310-manylinux_2_17_x86_64.manylinux2014_x86_64.whl (1.3 MB)
     ━━━━━━━━━━━━━━━━━━━━━━━━━━━━━━━━━━━━━━━━ 1.3/1.3 MB 59.4 MB/s eta 0:00:00
Requirement already satisfied: filelock in /opt/sw/spack/apps/linux-rhel8-x86_64/gcc-10.3.0/python-3.10.1-qb/lib/python3.10/site-packages (from transformers==4.20.0->-r requirements.txt (line 1)) (3.12.0)
Requirement already satisfied: huggingface-hub<1.0,>=0.1.0 in /home/sshukla7/.local/lib/python3.10/site-packages (from transformers==4.20.0->-r requirements.txt (line 1)) (0.14.1)
Requirement already satisfied: numpy>=1.17 in /opt/sw/spack/apps/linux-rhel8-x86_64/gcc-10.3.0/python-3.10.1-qb/lib/python3.10/site-packages (from transformers==4.20.0->-r requirements.txt (line 1)) (1.23.5)
Requirement already satisfied: packaging>=20.0 in /opt/sw/spack/apps/linux-rhel8-x86_64/gcc-10.3.0/python-3.10.1-qb/lib/python3.10/site-packages (from transformers==4.20.0->-r requirements.txt (line 1)) (23.1)
Requirement already satisfied: pyyaml>=5.1 in /home/sshukla7/.local/lib/python3.10/site-packages (from transformers==4.20.0->-r requirements.txt (line 1)) (6.0)
Requirement already satisfied: regex!=2019.12.17 in /home/sshukla7/.local/lib/python3.10/site-packages (from transformers==4.20.0->-r requirements.txt (line 1)) (2023.3.23)
Requirement already satisfied: requests in /opt/sw/spack/apps/linux-rhel8-x86_64/gcc-10.3.0/python-3.10.1-qb/lib/python3.10/site-packages (from transformers==4.20.0->-r requirements.txt (line 1)) (2.28.2)
Collecting tokenizers!=0.11.3,<0.13,>=0.11.1 (from transformers==4.20.0->-r requirements.txt (line 1))
  Downloading tokenizers-0.12.1-cp310-cp310-manylinux_2_12_x86_64.manylinux2010_x86_64.whl (6.6 MB)
     ━━━━━━━━━━━━━━━━━━━━━━━━━━━━━━━━━━━━━━━━ 6.6/6.6 MB 112.5 MB/s eta 0:00:00
Requirement already satisfied: tqdm>=4.27 in /home/sshukla7/.local/lib/python3.10/site-packages (from transformers==4.20.0->-r requirements.txt (line 1)) (4.65.0)
Requirement already satisfied: pyarrow>=8.0.0 in /home/sshukla7/.local/lib/python3.10/site-packages (from datasets==2.11.0->-r requirements.txt (line 2)) (11.0.0)
Requirement already satisfied: dill<0.3.7,>=0.3.0 in /home/sshukla7/.local/lib/python3.10/site-packages (from datasets==2.11.0->-r requirements.txt (line 2)) (0.3.6)
Requirement already satisfied: pandas in /opt/sw/spack/apps/linux-rhel8-x86_64/gcc-10.3.0/python-3.10.1-qb/lib/python3.10/site-packages (from datasets==2.11.0->-r requirements.txt (line 2)) (2.0.1)
Requirement already satisfied: xxhash in /home/sshukla7/.local/lib/python3.10/site-packages (from datasets==2.11.0->-r requirements.txt (line 2)) (3.2.0)
Requirement already satisfied: multiprocess in /home/sshukla7/.local/lib/python3.10/site-packages (from datasets==2.11.0->-r requirements.txt (line 2)) (0.70.14)
Requirement already satisfied: fsspec[http]>=2021.11.1 in /home/sshukla7/.local/lib/python3.10/site-packages (from datasets==2.11.0->-r requirements.txt (line 2)) (2023.4.0)
Requirement already satisfied: aiohttp in /home/sshukla7/.local/lib/python3.10/site-packages (from datasets==2.11.0->-r requirements.txt (line 2)) (3.8.4)
Requirement already satisfied: responses<0.19 in /home/sshukla7/.local/lib/python3.10/site-packages (from datasets==2.11.0->-r requirements.txt (line 2)) (0.18.0)
Requirement already satisfied: portalocker in /home/sshukla7/.local/lib/python3.10/site-packages (from sacrebleu==2.0->-r requirements.txt (line 3)) (2.7.0)
Requirement already satisfied: tabulate>=0.8.9 in /home/sshukla7/.local/lib/python3.10/site-packages (from sacrebleu==2.0->-r requirements.txt (line 3)) (0.9.0)
Requirement already satisfied: colorama in /home/sshukla7/.local/lib/python3.10/site-packages (from sacrebleu==2.0->-r requirements.txt (line 3)) (0.4.6)
Requirement already satisfied: Click!=8.0.0,>=7.0 in /home/sshukla7/.local/lib/python3.10/site-packages (from wandb->-r requirements.txt (line 4)) (8.1.3)
Requirement already satisfied: GitPython!=3.1.29,>=1.0.0 in /home/sshukla7/.local/lib/python3.10/site-packages (from wandb->-r requirements.txt (line 4)) (3.1.31)
Requirement already satisfied: psutil>=5.0.0 in /opt/sw/spack/apps/linux-rhel8-x86_64/gcc-10.3.0/python-3.10.1-qb/lib/python3.10/site-packages (from wandb->-r requirements.txt (line 4)) (5.9.5)
Requirement already satisfied: sentry-sdk>=1.0.0 in /home/sshukla7/.local/lib/python3.10/site-packages (from wandb->-r requirements.txt (line 4)) (1.21.0)
Requirement already satisfied: docker-pycreds>=0.4.0 in /home/sshukla7/.local/lib/python3.10/site-packages (from wandb->-r requirements.txt (line 4)) (0.4.0)
Requirement already satisfied: pathtools in /home/sshukla7/.local/lib/python3.10/site-packages (from wandb->-r requirements.txt (line 4)) (0.1.2)
Requirement already satisfied: setproctitle in /home/sshukla7/.local/lib/python3.10/site-packages (from wandb->-r requirements.txt (line 4)) (1.3.2)
Requirement already satisfied: appdirs>=1.4.3 in /home/sshukla7/.local/lib/python3.10/site-packages (from wandb->-r requirements.txt (line 4)) (1.4.4)
Requirement already satisfied: protobuf!=4.21.0,<5,>=3.19.0 in /opt/sw/spack/apps/linux-rhel8-x86_64/gcc-10.3.0/python-3.10.1-qb/lib/python3.10/site-packages (from wandb->-r requirements.txt (line 4)) (4.22.3)
Requirement already satisfied: joblib in /opt/sw/spack/apps/linux-rhel8-x86_64/gcc-10.3.0/python-3.10.1-qb/lib/python3.10/site-packages (from nltk->-r requirements.txt (line 5)) (1.2.0)
Requirement already satisfied: absl-py>=0.4 in /opt/sw/spack/apps/linux-rhel8-x86_64/gcc-10.3.0/python-3.10.1-qb/lib/python3.10/site-packages (from tensorboard->-r requirements.txt (line 6)) (1.4.0)
Requirement already satisfied: grpcio>=1.48.2 in /opt/sw/spack/apps/linux-rhel8-x86_64/gcc-10.3.0/python-3.10.1-qb/lib/python3.10/site-packages (from tensorboard->-r requirements.txt (line 6)) (1.54.0)
Requirement already satisfied: google-auth<3,>=1.6.3 in /opt/sw/spack/apps/linux-rhel8-x86_64/gcc-10.3.0/python-3.10.1-qb/lib/python3.10/site-packages (from tensorboard->-r requirements.txt (line 6)) (2.17.3)
Requirement already satisfied: google-auth-oauthlib<1.1,>=0.5 in /opt/sw/spack/apps/linux-rhel8-x86_64/gcc-10.3.0/python-3.10.1-qb/lib/python3.10/site-packages (from tensorboard->-r requirements.txt (line 6)) (1.0.0)
Requirement already satisfied: markdown>=2.6.8 in /opt/sw/spack/apps/linux-rhel8-x86_64/gcc-10.3.0/python-3.10.1-qb/lib/python3.10/site-packages (from tensorboard->-r requirements.txt (line 6)) (3.4.3)
Requirement already satisfied: tensorboard-data-server<0.8.0,>=0.7.0 in /opt/sw/spack/apps/linux-rhel8-x86_64/gcc-10.3.0/python-3.10.1-qb/lib/python3.10/site-packages (from tensorboard->-r requirements.txt (line 6)) (0.7.0)
Requirement already satisfied: tensorboard-plugin-wit>=1.6.0 in /opt/sw/spack/apps/linux-rhel8-x86_64/gcc-10.3.0/python-3.10.1-qb/lib/python3.10/site-packages (from tensorboard->-r requirements.txt (line 6)) (1.8.1)
Requirement already satisfied: werkzeug>=1.0.1 in /opt/sw/spack/apps/linux-rhel8-x86_64/gcc-10.3.0/python-3.10.1-qb/lib/python3.10/site-packages (from tensorboard->-r requirements.txt (line 6)) (2.2.3)
Requirement already satisfied: wheel>=0.26 in /opt/sw/spack/apps/linux-rhel8-x86_64/gcc-10.3.0/python-3.10.1-qb/lib/python3.10/site-packages (from tensorboard->-r requirements.txt (line 6)) (0.40.0)
Requirement already satisfied: six>=1.14.0 in /opt/sw/spack/apps/linux-rhel8-x86_64/gcc-10.3.0/python-3.10.1-qb/lib/python3.10/site-packages (from rouge_score->-r requirements.txt (line 8)) (1.16.0)
Requirement already satisfied: attrs>=17.3.0 in /home/sshukla7/.local/lib/python3.10/site-packages (from aiohttp->datasets==2.11.0->-r requirements.txt (line 2)) (23.1.0)
Requirement already satisfied: charset-normalizer<4.0,>=2.0 in /opt/sw/spack/apps/linux-rhel8-x86_64/gcc-10.3.0/python-3.10.1-qb/lib/python3.10/site-packages (from aiohttp->datasets==2.11.0->-r requirements.txt (line 2)) (3.1.0)
Requirement already satisfied: multidict<7.0,>=4.5 in /home/sshukla7/.local/lib/python3.10/site-packages (from aiohttp->datasets==2.11.0->-r requirements.txt (line 2)) (6.0.4)
Requirement already satisfied: async-timeout<5.0,>=4.0.0a3 in /home/sshukla7/.local/lib/python3.10/site-packages (from aiohttp->datasets==2.11.0->-r requirements.txt (line 2)) (4.0.2)
Requirement already satisfied: yarl<2.0,>=1.0 in /home/sshukla7/.local/lib/python3.10/site-packages (from aiohttp->datasets==2.11.0->-r requirements.txt (line 2)) (1.9.2)
Requirement already satisfied: frozenlist>=1.1.1 in /home/sshukla7/.local/lib/python3.10/site-packages (from aiohttp->datasets==2.11.0->-r requirements.txt (line 2)) (1.3.3)
Requirement already satisfied: aiosignal>=1.1.2 in /home/sshukla7/.local/lib/python3.10/site-packages (from aiohttp->datasets==2.11.0->-r requirements.txt (line 2)) (1.3.1)
Requirement already satisfied: gitdb<5,>=4.0.1 in /home/sshukla7/.local/lib/python3.10/site-packages (from GitPython!=3.1.29,>=1.0.0->wandb->-r requirements.txt (line 4)) (4.0.10)
Requirement already satisfied: cachetools<6.0,>=2.0.0 in /opt/sw/spack/apps/linux-rhel8-x86_64/gcc-10.3.0/python-3.10.1-qb/lib/python3.10/site-packages (from google-auth<3,>=1.6.3->tensorboard->-r requirements.txt (line 6)) (5.3.0)
Requirement already satisfied: pyasn1-modules>=0.2.1 in /opt/sw/spack/apps/linux-rhel8-x86_64/gcc-10.3.0/python-3.10.1-qb/lib/python3.10/site-packages (from google-auth<3,>=1.6.3->tensorboard->-r requirements.txt (line 6)) (0.3.0)
Requirement already satisfied: rsa<5,>=3.1.4 in /opt/sw/spack/apps/linux-rhel8-x86_64/gcc-10.3.0/python-3.10.1-qb/lib/python3.10/site-packages (from google-auth<3,>=1.6.3->tensorboard->-r requirements.txt (line 6)) (4.9)
Requirement already satisfied: requests-oauthlib>=0.7.0 in /opt/sw/spack/apps/linux-rhel8-x86_64/gcc-10.3.0/python-3.10.1-qb/lib/python3.10/site-packages (from google-auth-oauthlib<1.1,>=0.5->tensorboard->-r requirements.txt (line 6)) (1.3.1)
Requirement already satisfied: typing-extensions>=3.7.4.3 in /opt/sw/spack/apps/linux-rhel8-x86_64/gcc-10.3.0/python-3.10.1-qb/lib/python3.10/site-packages (from huggingface-hub<1.0,>=0.1.0->transformers==4.20.0->-r requirements.txt (line 1)) (4.5.0)
Requirement already satisfied: idna<4,>=2.5 in /opt/sw/spack/apps/linux-rhel8-x86_64/gcc-10.3.0/python-3.10.1-qb/lib/python3.10/site-packages (from requests->transformers==4.20.0->-r requirements.txt (line 1)) (3.4)
Requirement already satisfied: urllib3<1.27,>=1.21.1 in /opt/sw/spack/apps/linux-rhel8-x86_64/gcc-10.3.0/python-3.10.1-qb/lib/python3.10/site-packages (from requests->transformers==4.20.0->-r requirements.txt (line 1)) (1.26.15)
Requirement already satisfied: certifi>=2017.4.17 in /opt/sw/spack/apps/linux-rhel8-x86_64/gcc-10.3.0/python-3.10.1-qb/lib/python3.10/site-packages (from requests->transformers==4.20.0->-r requirements.txt (line 1)) (2022.12.7)
Requirement already satisfied: MarkupSafe>=2.1.1 in /opt/sw/spack/apps/linux-rhel8-x86_64/gcc-10.3.0/python-3.10.1-qb/lib/python3.10/site-packages (from werkzeug>=1.0.1->tensorboard->-r requirements.txt (line 6)) (2.1.2)
Requirement already satisfied: python-dateutil>=2.8.2 in /opt/sw/spack/apps/linux-rhel8-x86_64/gcc-10.3.0/python-3.10.1-qb/lib/python3.10/site-packages (from pandas->datasets==2.11.0->-r requirements.txt (line 2)) (2.8.2)
Requirement already satisfied: pytz>=2020.1 in /opt/sw/spack/apps/linux-rhel8-x86_64/gcc-10.3.0/python-3.10.1-qb/lib/python3.10/site-packages (from pandas->datasets==2.11.0->-r requirements.txt (line 2)) (2023.3)
Requirement already satisfied: tzdata>=2022.1 in /opt/sw/spack/apps/linux-rhel8-x86_64/gcc-10.3.0/python-3.10.1-qb/lib/python3.10/site-packages (from pandas->datasets==2.11.0->-r requirements.txt (line 2)) (2023.3)
Requirement already satisfied: smmap<6,>=3.0.1 in /home/sshukla7/.local/lib/python3.10/site-packages (from gitdb<5,>=4.0.1->GitPython!=3.1.29,>=1.0.0->wandb->-r requirements.txt (line 4)) (5.0.0)
Requirement already satisfied: pyasn1<0.6.0,>=0.4.6 in /opt/sw/spack/apps/linux-rhel8-x86_64/gcc-10.3.0/python-3.10.1-qb/lib/python3.10/site-packages (from pyasn1-modules>=0.2.1->google-auth<3,>=1.6.3->tensorboard->-r requirements.txt (line 6)) (0.5.0)
Requirement already satisfied: oauthlib>=3.0.0 in /opt/sw/spack/apps/linux-rhel8-x86_64/gcc-10.3.0/python-3.10.1-qb/lib/python3.10/site-packages (from requests-oauthlib>=0.7.0->google-auth-oauthlib<1.1,>=0.5->tensorboard->-r requirements.txt (line 6)) (3.2.2)
Installing collected packages: tokenizers, sentencepiece, transformers
  Attempting uninstall: tokenizers
    Found existing installation: tokenizers 0.13.3
    Uninstalling tokenizers-0.13.3:
      Successfully uninstalled tokenizers-0.13.3
  Attempting uninstall: transformers
    Found existing installation: transformers 4.17.0
    Uninstalling transformers-4.17.0:
      Successfully uninstalled transformers-4.17.0
Successfully installed sentencepiece-0.1.98 tokenizers-0.12.1 transformers-4.20.0
Defaulting to user installation because normal site-packages is not writeable
Requirement already satisfied: datasets in /home/sshukla7/.local/lib/python3.10/site-packages (2.11.0)
Requirement already satisfied: transformers in /home/sshukla7/.local/lib/python3.10/site-packages (4.20.0)
Requirement already satisfied: accelerate in /home/sshukla7/.local/lib/python3.10/site-packages (0.5.1)
Requirement already satisfied: numpy>=1.17 in /opt/sw/spack/apps/linux-rhel8-x86_64/gcc-10.3.0/python-3.10.1-qb/lib/python3.10/site-packages (from datasets) (1.23.5)
Requirement already satisfied: pyarrow>=8.0.0 in /home/sshukla7/.local/lib/python3.10/site-packages (from datasets) (11.0.0)
Requirement already satisfied: dill<0.3.7,>=0.3.0 in /home/sshukla7/.local/lib/python3.10/site-packages (from datasets) (0.3.6)
Requirement already satisfied: pandas in /opt/sw/spack/apps/linux-rhel8-x86_64/gcc-10.3.0/python-3.10.1-qb/lib/python3.10/site-packages (from datasets) (2.0.1)
Requirement already satisfied: requests>=2.19.0 in /opt/sw/spack/apps/linux-rhel8-x86_64/gcc-10.3.0/python-3.10.1-qb/lib/python3.10/site-packages (from datasets) (2.28.2)
Requirement already satisfied: tqdm>=4.62.1 in /home/sshukla7/.local/lib/python3.10/site-packages (from datasets) (4.65.0)
Requirement already satisfied: xxhash in /home/sshukla7/.local/lib/python3.10/site-packages (from datasets) (3.2.0)
Requirement already satisfied: multiprocess in /home/sshukla7/.local/lib/python3.10/site-packages (from datasets) (0.70.14)
Requirement already satisfied: fsspec[http]>=2021.11.1 in /home/sshukla7/.local/lib/python3.10/site-packages (from datasets) (2023.4.0)
Requirement already satisfied: aiohttp in /home/sshukla7/.local/lib/python3.10/site-packages (from datasets) (3.8.4)
Requirement already satisfied: huggingface-hub<1.0.0,>=0.11.0 in /home/sshukla7/.local/lib/python3.10/site-packages (from datasets) (0.14.1)
Requirement already satisfied: packaging in /opt/sw/spack/apps/linux-rhel8-x86_64/gcc-10.3.0/python-3.10.1-qb/lib/python3.10/site-packages (from datasets) (23.1)
Requirement already satisfied: responses<0.19 in /home/sshukla7/.local/lib/python3.10/site-packages (from datasets) (0.18.0)
Requirement already satisfied: pyyaml>=5.1 in /home/sshukla7/.local/lib/python3.10/site-packages (from datasets) (6.0)
Requirement already satisfied: filelock in /opt/sw/spack/apps/linux-rhel8-x86_64/gcc-10.3.0/python-3.10.1-qb/lib/python3.10/site-packages (from transformers) (3.12.0)
Requirement already satisfied: regex!=2019.12.17 in /home/sshukla7/.local/lib/python3.10/site-packages (from transformers) (2023.3.23)
Requirement already satisfied: tokenizers!=0.11.3,<0.13,>=0.11.1 in /home/sshukla7/.local/lib/python3.10/site-packages (from transformers) (0.12.1)
Requirement already satisfied: torch>=1.4.0 in /opt/sw/spack/apps/linux-rhel8-x86_64/gcc-10.3.0/python-3.10.1-qb/lib/python3.10/site-packages (from accelerate) (2.0.0)
Requirement already satisfied: attrs>=17.3.0 in /home/sshukla7/.local/lib/python3.10/site-packages (from aiohttp->datasets) (23.1.0)
Requirement already satisfied: charset-normalizer<4.0,>=2.0 in /opt/sw/spack/apps/linux-rhel8-x86_64/gcc-10.3.0/python-3.10.1-qb/lib/python3.10/site-packages (from aiohttp->datasets) (3.1.0)
Requirement already satisfied: multidict<7.0,>=4.5 in /home/sshukla7/.local/lib/python3.10/site-packages (from aiohttp->datasets) (6.0.4)
Requirement already satisfied: async-timeout<5.0,>=4.0.0a3 in /home/sshukla7/.local/lib/python3.10/site-packages (from aiohttp->datasets) (4.0.2)
Requirement already satisfied: yarl<2.0,>=1.0 in /home/sshukla7/.local/lib/python3.10/site-packages (from aiohttp->datasets) (1.9.2)
Requirement already satisfied: frozenlist>=1.1.1 in /home/sshukla7/.local/lib/python3.10/site-packages (from aiohttp->datasets) (1.3.3)
Requirement already satisfied: aiosignal>=1.1.2 in /home/sshukla7/.local/lib/python3.10/site-packages (from aiohttp->datasets) (1.3.1)
Requirement already satisfied: typing-extensions>=3.7.4.3 in /opt/sw/spack/apps/linux-rhel8-x86_64/gcc-10.3.0/python-3.10.1-qb/lib/python3.10/site-packages (from huggingface-hub<1.0.0,>=0.11.0->datasets) (4.5.0)
Requirement already satisfied: idna<4,>=2.5 in /opt/sw/spack/apps/linux-rhel8-x86_64/gcc-10.3.0/python-3.10.1-qb/lib/python3.10/site-packages (from requests>=2.19.0->datasets) (3.4)
Requirement already satisfied: urllib3<1.27,>=1.21.1 in /opt/sw/spack/apps/linux-rhel8-x86_64/gcc-10.3.0/python-3.10.1-qb/lib/python3.10/site-packages (from requests>=2.19.0->datasets) (1.26.15)
Requirement already satisfied: certifi>=2017.4.17 in /opt/sw/spack/apps/linux-rhel8-x86_64/gcc-10.3.0/python-3.10.1-qb/lib/python3.10/site-packages (from requests>=2.19.0->datasets) (2022.12.7)
Requirement already satisfied: sympy in /opt/sw/spack/apps/linux-rhel8-x86_64/gcc-10.3.0/python-3.10.1-qb/lib/python3.10/site-packages (from torch>=1.4.0->accelerate) (1.11.1)
Requirement already satisfied: networkx in /opt/sw/spack/apps/linux-rhel8-x86_64/gcc-10.3.0/python-3.10.1-qb/lib/python3.10/site-packages (from torch>=1.4.0->accelerate) (3.1)
Requirement already satisfied: jinja2 in /opt/sw/spack/apps/linux-rhel8-x86_64/gcc-10.3.0/python-3.10.1-qb/lib/python3.10/site-packages (from torch>=1.4.0->accelerate) (3.1.2)
Requirement already satisfied: nvidia-cuda-nvrtc-cu11==11.7.99 in /opt/sw/spack/apps/linux-rhel8-x86_64/gcc-10.3.0/python-3.10.1-qb/lib/python3.10/site-packages (from torch>=1.4.0->accelerate) (11.7.99)
Requirement already satisfied: nvidia-cuda-runtime-cu11==11.7.99 in /opt/sw/spack/apps/linux-rhel8-x86_64/gcc-10.3.0/python-3.10.1-qb/lib/python3.10/site-packages (from torch>=1.4.0->accelerate) (11.7.99)
Requirement already satisfied: nvidia-cuda-cupti-cu11==11.7.101 in /opt/sw/spack/apps/linux-rhel8-x86_64/gcc-10.3.0/python-3.10.1-qb/lib/python3.10/site-packages (from torch>=1.4.0->accelerate) (11.7.101)
Requirement already satisfied: nvidia-cudnn-cu11==8.5.0.96 in /opt/sw/spack/apps/linux-rhel8-x86_64/gcc-10.3.0/python-3.10.1-qb/lib/python3.10/site-packages (from torch>=1.4.0->accelerate) (8.5.0.96)
Requirement already satisfied: nvidia-cublas-cu11==11.10.3.66 in /opt/sw/spack/apps/linux-rhel8-x86_64/gcc-10.3.0/python-3.10.1-qb/lib/python3.10/site-packages (from torch>=1.4.0->accelerate) (11.10.3.66)
Requirement already satisfied: nvidia-cufft-cu11==10.9.0.58 in /opt/sw/spack/apps/linux-rhel8-x86_64/gcc-10.3.0/python-3.10.1-qb/lib/python3.10/site-packages (from torch>=1.4.0->accelerate) (10.9.0.58)
Requirement already satisfied: nvidia-curand-cu11==10.2.10.91 in /opt/sw/spack/apps/linux-rhel8-x86_64/gcc-10.3.0/python-3.10.1-qb/lib/python3.10/site-packages (from torch>=1.4.0->accelerate) (10.2.10.91)
Requirement already satisfied: nvidia-cusolver-cu11==11.4.0.1 in /opt/sw/spack/apps/linux-rhel8-x86_64/gcc-10.3.0/python-3.10.1-qb/lib/python3.10/site-packages (from torch>=1.4.0->accelerate) (11.4.0.1)
Requirement already satisfied: nvidia-cusparse-cu11==11.7.4.91 in /opt/sw/spack/apps/linux-rhel8-x86_64/gcc-10.3.0/python-3.10.1-qb/lib/python3.10/site-packages (from torch>=1.4.0->accelerate) (11.7.4.91)
Requirement already satisfied: nvidia-nccl-cu11==2.14.3 in /opt/sw/spack/apps/linux-rhel8-x86_64/gcc-10.3.0/python-3.10.1-qb/lib/python3.10/site-packages (from torch>=1.4.0->accelerate) (2.14.3)
Requirement already satisfied: nvidia-nvtx-cu11==11.7.91 in /opt/sw/spack/apps/linux-rhel8-x86_64/gcc-10.3.0/python-3.10.1-qb/lib/python3.10/site-packages (from torch>=1.4.0->accelerate) (11.7.91)
Requirement already satisfied: triton==2.0.0 in /opt/sw/spack/apps/linux-rhel8-x86_64/gcc-10.3.0/python-3.10.1-qb/lib/python3.10/site-packages (from torch>=1.4.0->accelerate) (2.0.0)
Requirement already satisfied: setuptools in /home/sshukla7/.local/lib/python3.10/site-packages (from nvidia-cublas-cu11==11.10.3.66->torch>=1.4.0->accelerate) (49.6.0)
Requirement already satisfied: wheel in /opt/sw/spack/apps/linux-rhel8-x86_64/gcc-10.3.0/python-3.10.1-qb/lib/python3.10/site-packages (from nvidia-cublas-cu11==11.10.3.66->torch>=1.4.0->accelerate) (0.40.0)
Requirement already satisfied: cmake in /opt/sw/spack/apps/linux-rhel8-x86_64/gcc-10.3.0/python-3.10.1-qb/lib/python3.10/site-packages (from triton==2.0.0->torch>=1.4.0->accelerate) (3.26.3)
Requirement already satisfied: lit in /opt/sw/spack/apps/linux-rhel8-x86_64/gcc-10.3.0/python-3.10.1-qb/lib/python3.10/site-packages (from triton==2.0.0->torch>=1.4.0->accelerate) (16.0.2)
Requirement already satisfied: python-dateutil>=2.8.2 in /opt/sw/spack/apps/linux-rhel8-x86_64/gcc-10.3.0/python-3.10.1-qb/lib/python3.10/site-packages (from pandas->datasets) (2.8.2)
Requirement already satisfied: pytz>=2020.1 in /opt/sw/spack/apps/linux-rhel8-x86_64/gcc-10.3.0/python-3.10.1-qb/lib/python3.10/site-packages (from pandas->datasets) (2023.3)
Requirement already satisfied: tzdata>=2022.1 in /opt/sw/spack/apps/linux-rhel8-x86_64/gcc-10.3.0/python-3.10.1-qb/lib/python3.10/site-packages (from pandas->datasets) (2023.3)
Requirement already satisfied: six>=1.5 in /opt/sw/spack/apps/linux-rhel8-x86_64/gcc-10.3.0/python-3.10.1-qb/lib/python3.10/site-packages (from python-dateutil>=2.8.2->pandas->datasets) (1.16.0)
Requirement already satisfied: MarkupSafe>=2.0 in /opt/sw/spack/apps/linux-rhel8-x86_64/gcc-10.3.0/python-3.10.1-qb/lib/python3.10/site-packages (from jinja2->torch>=1.4.0->accelerate) (2.1.2)
Requirement already satisfied: mpmath>=0.19 in /opt/sw/spack/apps/linux-rhel8-x86_64/gcc-10.3.0/python-3.10.1-qb/lib/python3.10/site-packages (from sympy->torch>=1.4.0->accelerate) (1.3.0)
