
Lmod is automatically replacing "gnu9/9.3.0" with "gnu10/10.3.0-ya".


Inactive Modules:
  1) hwloc/2.1.0     2) libfabric     3) openmpi4     4) ucx

The cache for model files in Transformers v4.22.0 has been updated. Migrating your old cache. This is a one-time only operation. You can interrupt this and resume the migration later on by calling `transformers.utils.move_cache()`.
0it [00:00, ?it/s]0it [00:00, ?it/s]
2023-05-03 13:22:55.354388: I tensorflow/core/platform/cpu_feature_guard.cc:182] This TensorFlow binary is optimized to use available CPU instructions in performance-critical operations.
To enable the following instructions: AVX2 FMA, in other operations, rebuild TensorFlow with the appropriate compiler flags.
2023-05-03 13:22:58.952668: W tensorflow/compiler/tf2tensorrt/utils/py_utils.cc:38] TF-TRT Warning: Could not find TensorRT
wandb: Tracking run with wandb version 0.15.0
wandb: W&B syncing is set to `offline` in this directory.  
wandb: Run `wandb online` or set WANDB_MODE=online to enable cloud syncing.
Downloading builder script: 0.00B [00:00, ?B/s]Downloading builder script: 0.00B [00:00, ?B/s]
Downloading metadata: 0.00B [00:00, ?B/s]Downloading metadata: 0.00B [00:00, ?B/s]
Downloading readme:   0%|          | 0.00/3.30k [00:00<?, ?B/s]Downloading readme: 100%|██████████| 3.30k/3.30k [00:00<00:00, 6.40MB/s]
Traceback (most recent call last):
  File "/home/sshukla7/sshukla7/DQ_BART/run_summarization_no_trainer_xSumDutch.py", line 969, in <module>
    main()
  File "/home/sshukla7/sshukla7/DQ_BART/run_summarization_no_trainer_xSumDutch.py", line 447, in main
    raw_datasets = load_dataset(args.dataset_name, args.dataset_config_name)
  File "/home/sshukla7/.local/lib/python3.10/site-packages/datasets/load.py", line 1767, in load_dataset
    builder_instance = load_dataset_builder(
  File "/home/sshukla7/.local/lib/python3.10/site-packages/datasets/load.py", line 1524, in load_dataset_builder
    builder_instance: DatasetBuilder = builder_cls(
TypeError: 'NoneType' object is not callable
wandb: Waiting for W&B process to finish... (failed 1).
wandb: You can sync this run to the cloud by running:
wandb: wandb sync /home/sshukla7/sshukla7/DQ_BART/wandb/offline-run-20230503_132309-dwec73qy
wandb: Find logs at: ./wandb/offline-run-20230503_132309-dwec73qy/logs
