Defaulting to user installation because normal site-packages is not writeable
Requirement already satisfied: pip in /home/sshukla7/.local/lib/python3.10/site-packages (23.1.2)
Defaulting to user installation because normal site-packages is not writeable
Requirement already satisfied: transformers==4.28.1 in /home/sshukla7/.local/lib/python3.10/site-packages (from -r requirementsmlSum.txt (line 1)) (4.28.1)
Requirement already satisfied: datasets==2.12.0 in /home/sshukla7/.local/lib/python3.10/site-packages (from -r requirementsmlSum.txt (line 2)) (2.12.0)
Requirement already satisfied: sacrebleu==2.0 in /home/sshukla7/.local/lib/python3.10/site-packages (from -r requirementsmlSum.txt (line 3)) (2.0.0)
Requirement already satisfied: wandb in /home/sshukla7/.local/lib/python3.10/site-packages (from -r requirementsmlSum.txt (line 4)) (0.15.0)
Requirement already satisfied: nltk in /home/sshukla7/.local/lib/python3.10/site-packages (from -r requirementsmlSum.txt (line 5)) (3.8.1)
Requirement already satisfied: accelerate in /home/sshukla7/.local/lib/python3.10/site-packages (from -r requirementsmlSum.txt (line 6)) (0.18.0)
Requirement already satisfied: tensorboard in /opt/sw/spack/apps/linux-rhel8-x86_64/gcc-10.3.0/python-3.10.1-qb/lib/python3.10/site-packages (from -r requirementsmlSum.txt (line 7)) (2.12.2)
Requirement already satisfied: setuptools in /home/sshukla7/.local/lib/python3.10/site-packages (from -r requirementsmlSum.txt (line 8)) (49.6.0)
Requirement already satisfied: rouge_score in /home/sshukla7/.local/lib/python3.10/site-packages (from -r requirementsmlSum.txt (line 9)) (0.1.2)
Requirement already satisfied: tokenizers==0.11.6 in /home/sshukla7/.local/lib/python3.10/site-packages (from -r requirementsmlSum.txt (line 10)) (0.11.6)
Requirement already satisfied: filelock in /opt/sw/spack/apps/linux-rhel8-x86_64/gcc-10.3.0/python-3.10.1-qb/lib/python3.10/site-packages (from transformers==4.28.1->-r requirementsmlSum.txt (line 1)) (3.12.0)
Requirement already satisfied: huggingface-hub<1.0,>=0.11.0 in /home/sshukla7/.local/lib/python3.10/site-packages (from transformers==4.28.1->-r requirementsmlSum.txt (line 1)) (0.14.1)
Requirement already satisfied: numpy>=1.17 in /opt/sw/spack/apps/linux-rhel8-x86_64/gcc-10.3.0/python-3.10.1-qb/lib/python3.10/site-packages (from transformers==4.28.1->-r requirementsmlSum.txt (line 1)) (1.23.5)
Requirement already satisfied: packaging>=20.0 in /opt/sw/spack/apps/linux-rhel8-x86_64/gcc-10.3.0/python-3.10.1-qb/lib/python3.10/site-packages (from transformers==4.28.1->-r requirementsmlSum.txt (line 1)) (23.1)
Requirement already satisfied: pyyaml>=5.1 in /home/sshukla7/.local/lib/python3.10/site-packages (from transformers==4.28.1->-r requirementsmlSum.txt (line 1)) (6.0)
Requirement already satisfied: regex!=2019.12.17 in /home/sshukla7/.local/lib/python3.10/site-packages (from transformers==4.28.1->-r requirementsmlSum.txt (line 1)) (2023.3.23)
Requirement already satisfied: requests in /opt/sw/spack/apps/linux-rhel8-x86_64/gcc-10.3.0/python-3.10.1-qb/lib/python3.10/site-packages (from transformers==4.28.1->-r requirementsmlSum.txt (line 1)) (2.28.2)
Requirement already satisfied: tqdm>=4.27 in /home/sshukla7/.local/lib/python3.10/site-packages (from transformers==4.28.1->-r requirementsmlSum.txt (line 1)) (4.65.0)
Requirement already satisfied: pyarrow>=8.0.0 in /home/sshukla7/.local/lib/python3.10/site-packages (from datasets==2.12.0->-r requirementsmlSum.txt (line 2)) (11.0.0)
Requirement already satisfied: dill<0.3.7,>=0.3.0 in /home/sshukla7/.local/lib/python3.10/site-packages (from datasets==2.12.0->-r requirementsmlSum.txt (line 2)) (0.3.6)
Requirement already satisfied: pandas in /opt/sw/spack/apps/linux-rhel8-x86_64/gcc-10.3.0/python-3.10.1-qb/lib/python3.10/site-packages (from datasets==2.12.0->-r requirementsmlSum.txt (line 2)) (2.0.1)
Requirement already satisfied: xxhash in /home/sshukla7/.local/lib/python3.10/site-packages (from datasets==2.12.0->-r requirementsmlSum.txt (line 2)) (3.2.0)
Requirement already satisfied: multiprocess in /home/sshukla7/.local/lib/python3.10/site-packages (from datasets==2.12.0->-r requirementsmlSum.txt (line 2)) (0.70.14)
Requirement already satisfied: fsspec[http]>=2021.11.1 in /home/sshukla7/.local/lib/python3.10/site-packages (from datasets==2.12.0->-r requirementsmlSum.txt (line 2)) (2023.4.0)
Requirement already satisfied: aiohttp in /home/sshukla7/.local/lib/python3.10/site-packages (from datasets==2.12.0->-r requirementsmlSum.txt (line 2)) (3.8.4)
Requirement already satisfied: responses<0.19 in /home/sshukla7/.local/lib/python3.10/site-packages (from datasets==2.12.0->-r requirementsmlSum.txt (line 2)) (0.18.0)
Requirement already satisfied: portalocker in /home/sshukla7/.local/lib/python3.10/site-packages (from sacrebleu==2.0->-r requirementsmlSum.txt (line 3)) (2.7.0)
Requirement already satisfied: tabulate>=0.8.9 in /home/sshukla7/.local/lib/python3.10/site-packages (from sacrebleu==2.0->-r requirementsmlSum.txt (line 3)) (0.9.0)
Requirement already satisfied: colorama in /home/sshukla7/.local/lib/python3.10/site-packages (from sacrebleu==2.0->-r requirementsmlSum.txt (line 3)) (0.4.6)
Requirement already satisfied: Click!=8.0.0,>=7.0 in /home/sshukla7/.local/lib/python3.10/site-packages (from wandb->-r requirementsmlSum.txt (line 4)) (8.1.3)
Requirement already satisfied: GitPython!=3.1.29,>=1.0.0 in /home/sshukla7/.local/lib/python3.10/site-packages (from wandb->-r requirementsmlSum.txt (line 4)) (3.1.31)
Requirement already satisfied: psutil>=5.0.0 in /opt/sw/spack/apps/linux-rhel8-x86_64/gcc-10.3.0/python-3.10.1-qb/lib/python3.10/site-packages (from wandb->-r requirementsmlSum.txt (line 4)) (5.9.5)
Requirement already satisfied: sentry-sdk>=1.0.0 in /home/sshukla7/.local/lib/python3.10/site-packages (from wandb->-r requirementsmlSum.txt (line 4)) (1.21.0)
Requirement already satisfied: docker-pycreds>=0.4.0 in /home/sshukla7/.local/lib/python3.10/site-packages (from wandb->-r requirementsmlSum.txt (line 4)) (0.4.0)
Requirement already satisfied: pathtools in /home/sshukla7/.local/lib/python3.10/site-packages (from wandb->-r requirementsmlSum.txt (line 4)) (0.1.2)
Requirement already satisfied: setproctitle in /home/sshukla7/.local/lib/python3.10/site-packages (from wandb->-r requirementsmlSum.txt (line 4)) (1.3.2)
Requirement already satisfied: appdirs>=1.4.3 in /home/sshukla7/.local/lib/python3.10/site-packages (from wandb->-r requirementsmlSum.txt (line 4)) (1.4.4)
Requirement already satisfied: protobuf!=4.21.0,<5,>=3.19.0 in /opt/sw/spack/apps/linux-rhel8-x86_64/gcc-10.3.0/python-3.10.1-qb/lib/python3.10/site-packages (from wandb->-r requirementsmlSum.txt (line 4)) (4.22.3)
Requirement already satisfied: joblib in /opt/sw/spack/apps/linux-rhel8-x86_64/gcc-10.3.0/python-3.10.1-qb/lib/python3.10/site-packages (from nltk->-r requirementsmlSum.txt (line 5)) (1.2.0)
Requirement already satisfied: torch>=1.4.0 in /opt/sw/spack/apps/linux-rhel8-x86_64/gcc-10.3.0/python-3.10.1-qb/lib/python3.10/site-packages (from accelerate->-r requirementsmlSum.txt (line 6)) (2.0.0)
Requirement already satisfied: absl-py>=0.4 in /opt/sw/spack/apps/linux-rhel8-x86_64/gcc-10.3.0/python-3.10.1-qb/lib/python3.10/site-packages (from tensorboard->-r requirementsmlSum.txt (line 7)) (1.4.0)
Requirement already satisfied: grpcio>=1.48.2 in /opt/sw/spack/apps/linux-rhel8-x86_64/gcc-10.3.0/python-3.10.1-qb/lib/python3.10/site-packages (from tensorboard->-r requirementsmlSum.txt (line 7)) (1.54.0)
Requirement already satisfied: google-auth<3,>=1.6.3 in /opt/sw/spack/apps/linux-rhel8-x86_64/gcc-10.3.0/python-3.10.1-qb/lib/python3.10/site-packages (from tensorboard->-r requirementsmlSum.txt (line 7)) (2.17.3)
Requirement already satisfied: google-auth-oauthlib<1.1,>=0.5 in /opt/sw/spack/apps/linux-rhel8-x86_64/gcc-10.3.0/python-3.10.1-qb/lib/python3.10/site-packages (from tensorboard->-r requirementsmlSum.txt (line 7)) (1.0.0)
Requirement already satisfied: markdown>=2.6.8 in /opt/sw/spack/apps/linux-rhel8-x86_64/gcc-10.3.0/python-3.10.1-qb/lib/python3.10/site-packages (from tensorboard->-r requirementsmlSum.txt (line 7)) (3.4.3)
Requirement already satisfied: tensorboard-data-server<0.8.0,>=0.7.0 in /opt/sw/spack/apps/linux-rhel8-x86_64/gcc-10.3.0/python-3.10.1-qb/lib/python3.10/site-packages (from tensorboard->-r requirementsmlSum.txt (line 7)) (0.7.0)
Requirement already satisfied: tensorboard-plugin-wit>=1.6.0 in /opt/sw/spack/apps/linux-rhel8-x86_64/gcc-10.3.0/python-3.10.1-qb/lib/python3.10/site-packages (from tensorboard->-r requirementsmlSum.txt (line 7)) (1.8.1)
Requirement already satisfied: werkzeug>=1.0.1 in /opt/sw/spack/apps/linux-rhel8-x86_64/gcc-10.3.0/python-3.10.1-qb/lib/python3.10/site-packages (from tensorboard->-r requirementsmlSum.txt (line 7)) (2.2.3)
Requirement already satisfied: wheel>=0.26 in /opt/sw/spack/apps/linux-rhel8-x86_64/gcc-10.3.0/python-3.10.1-qb/lib/python3.10/site-packages (from tensorboard->-r requirementsmlSum.txt (line 7)) (0.40.0)
Requirement already satisfied: six>=1.14.0 in /opt/sw/spack/apps/linux-rhel8-x86_64/gcc-10.3.0/python-3.10.1-qb/lib/python3.10/site-packages (from rouge_score->-r requirementsmlSum.txt (line 9)) (1.16.0)
Requirement already satisfied: attrs>=17.3.0 in /home/sshukla7/.local/lib/python3.10/site-packages (from aiohttp->datasets==2.12.0->-r requirementsmlSum.txt (line 2)) (23.1.0)
Requirement already satisfied: charset-normalizer<4.0,>=2.0 in /opt/sw/spack/apps/linux-rhel8-x86_64/gcc-10.3.0/python-3.10.1-qb/lib/python3.10/site-packages (from aiohttp->datasets==2.12.0->-r requirementsmlSum.txt (line 2)) (3.1.0)
Requirement already satisfied: multidict<7.0,>=4.5 in /home/sshukla7/.local/lib/python3.10/site-packages (from aiohttp->datasets==2.12.0->-r requirementsmlSum.txt (line 2)) (6.0.4)
Requirement already satisfied: async-timeout<5.0,>=4.0.0a3 in /home/sshukla7/.local/lib/python3.10/site-packages (from aiohttp->datasets==2.12.0->-r requirementsmlSum.txt (line 2)) (4.0.2)
Requirement already satisfied: yarl<2.0,>=1.0 in /home/sshukla7/.local/lib/python3.10/site-packages (from aiohttp->datasets==2.12.0->-r requirementsmlSum.txt (line 2)) (1.9.2)
Requirement already satisfied: frozenlist>=1.1.1 in /home/sshukla7/.local/lib/python3.10/site-packages (from aiohttp->datasets==2.12.0->-r requirementsmlSum.txt (line 2)) (1.3.3)
Requirement already satisfied: aiosignal>=1.1.2 in /home/sshukla7/.local/lib/python3.10/site-packages (from aiohttp->datasets==2.12.0->-r requirementsmlSum.txt (line 2)) (1.3.1)
Requirement already satisfied: gitdb<5,>=4.0.1 in /home/sshukla7/.local/lib/python3.10/site-packages (from GitPython!=3.1.29,>=1.0.0->wandb->-r requirementsmlSum.txt (line 4)) (4.0.10)
Requirement already satisfied: cachetools<6.0,>=2.0.0 in /opt/sw/spack/apps/linux-rhel8-x86_64/gcc-10.3.0/python-3.10.1-qb/lib/python3.10/site-packages (from google-auth<3,>=1.6.3->tensorboard->-r requirementsmlSum.txt (line 7)) (5.3.0)
Requirement already satisfied: pyasn1-modules>=0.2.1 in /opt/sw/spack/apps/linux-rhel8-x86_64/gcc-10.3.0/python-3.10.1-qb/lib/python3.10/site-packages (from google-auth<3,>=1.6.3->tensorboard->-r requirementsmlSum.txt (line 7)) (0.3.0)
Requirement already satisfied: rsa<5,>=3.1.4 in /opt/sw/spack/apps/linux-rhel8-x86_64/gcc-10.3.0/python-3.10.1-qb/lib/python3.10/site-packages (from google-auth<3,>=1.6.3->tensorboard->-r requirementsmlSum.txt (line 7)) (4.9)
Requirement already satisfied: requests-oauthlib>=0.7.0 in /opt/sw/spack/apps/linux-rhel8-x86_64/gcc-10.3.0/python-3.10.1-qb/lib/python3.10/site-packages (from google-auth-oauthlib<1.1,>=0.5->tensorboard->-r requirementsmlSum.txt (line 7)) (1.3.1)
Requirement already satisfied: typing-extensions>=3.7.4.3 in /opt/sw/spack/apps/linux-rhel8-x86_64/gcc-10.3.0/python-3.10.1-qb/lib/python3.10/site-packages (from huggingface-hub<1.0,>=0.11.0->transformers==4.28.1->-r requirementsmlSum.txt (line 1)) (4.5.0)
Requirement already satisfied: idna<4,>=2.5 in /opt/sw/spack/apps/linux-rhel8-x86_64/gcc-10.3.0/python-3.10.1-qb/lib/python3.10/site-packages (from requests->transformers==4.28.1->-r requirementsmlSum.txt (line 1)) (3.4)
Requirement already satisfied: urllib3<1.27,>=1.21.1 in /opt/sw/spack/apps/linux-rhel8-x86_64/gcc-10.3.0/python-3.10.1-qb/lib/python3.10/site-packages (from requests->transformers==4.28.1->-r requirementsmlSum.txt (line 1)) (1.26.15)
Requirement already satisfied: certifi>=2017.4.17 in /opt/sw/spack/apps/linux-rhel8-x86_64/gcc-10.3.0/python-3.10.1-qb/lib/python3.10/site-packages (from requests->transformers==4.28.1->-r requirementsmlSum.txt (line 1)) (2022.12.7)
Requirement already satisfied: sympy in /opt/sw/spack/apps/linux-rhel8-x86_64/gcc-10.3.0/python-3.10.1-qb/lib/python3.10/site-packages (from torch>=1.4.0->accelerate->-r requirementsmlSum.txt (line 6)) (1.11.1)
Requirement already satisfied: networkx in /opt/sw/spack/apps/linux-rhel8-x86_64/gcc-10.3.0/python-3.10.1-qb/lib/python3.10/site-packages (from torch>=1.4.0->accelerate->-r requirementsmlSum.txt (line 6)) (3.1)
Requirement already satisfied: jinja2 in /opt/sw/spack/apps/linux-rhel8-x86_64/gcc-10.3.0/python-3.10.1-qb/lib/python3.10/site-packages (from torch>=1.4.0->accelerate->-r requirementsmlSum.txt (line 6)) (3.1.2)
Requirement already satisfied: nvidia-cuda-nvrtc-cu11==11.7.99 in /opt/sw/spack/apps/linux-rhel8-x86_64/gcc-10.3.0/python-3.10.1-qb/lib/python3.10/site-packages (from torch>=1.4.0->accelerate->-r requirementsmlSum.txt (line 6)) (11.7.99)
Requirement already satisfied: nvidia-cuda-runtime-cu11==11.7.99 in /opt/sw/spack/apps/linux-rhel8-x86_64/gcc-10.3.0/python-3.10.1-qb/lib/python3.10/site-packages (from torch>=1.4.0->accelerate->-r requirementsmlSum.txt (line 6)) (11.7.99)
Requirement already satisfied: nvidia-cuda-cupti-cu11==11.7.101 in /opt/sw/spack/apps/linux-rhel8-x86_64/gcc-10.3.0/python-3.10.1-qb/lib/python3.10/site-packages (from torch>=1.4.0->accelerate->-r requirementsmlSum.txt (line 6)) (11.7.101)
Requirement already satisfied: nvidia-cudnn-cu11==8.5.0.96 in /opt/sw/spack/apps/linux-rhel8-x86_64/gcc-10.3.0/python-3.10.1-qb/lib/python3.10/site-packages (from torch>=1.4.0->accelerate->-r requirementsmlSum.txt (line 6)) (8.5.0.96)
Requirement already satisfied: nvidia-cublas-cu11==11.10.3.66 in /opt/sw/spack/apps/linux-rhel8-x86_64/gcc-10.3.0/python-3.10.1-qb/lib/python3.10/site-packages (from torch>=1.4.0->accelerate->-r requirementsmlSum.txt (line 6)) (11.10.3.66)
Requirement already satisfied: nvidia-cufft-cu11==10.9.0.58 in /opt/sw/spack/apps/linux-rhel8-x86_64/gcc-10.3.0/python-3.10.1-qb/lib/python3.10/site-packages (from torch>=1.4.0->accelerate->-r requirementsmlSum.txt (line 6)) (10.9.0.58)
Requirement already satisfied: nvidia-curand-cu11==10.2.10.91 in /opt/sw/spack/apps/linux-rhel8-x86_64/gcc-10.3.0/python-3.10.1-qb/lib/python3.10/site-packages (from torch>=1.4.0->accelerate->-r requirementsmlSum.txt (line 6)) (10.2.10.91)
Requirement already satisfied: nvidia-cusolver-cu11==11.4.0.1 in /opt/sw/spack/apps/linux-rhel8-x86_64/gcc-10.3.0/python-3.10.1-qb/lib/python3.10/site-packages (from torch>=1.4.0->accelerate->-r requirementsmlSum.txt (line 6)) (11.4.0.1)
Requirement already satisfied: nvidia-cusparse-cu11==11.7.4.91 in /opt/sw/spack/apps/linux-rhel8-x86_64/gcc-10.3.0/python-3.10.1-qb/lib/python3.10/site-packages (from torch>=1.4.0->accelerate->-r requirementsmlSum.txt (line 6)) (11.7.4.91)
Requirement already satisfied: nvidia-nccl-cu11==2.14.3 in /opt/sw/spack/apps/linux-rhel8-x86_64/gcc-10.3.0/python-3.10.1-qb/lib/python3.10/site-packages (from torch>=1.4.0->accelerate->-r requirementsmlSum.txt (line 6)) (2.14.3)
Requirement already satisfied: nvidia-nvtx-cu11==11.7.91 in /opt/sw/spack/apps/linux-rhel8-x86_64/gcc-10.3.0/python-3.10.1-qb/lib/python3.10/site-packages (from torch>=1.4.0->accelerate->-r requirementsmlSum.txt (line 6)) (11.7.91)
Requirement already satisfied: triton==2.0.0 in /opt/sw/spack/apps/linux-rhel8-x86_64/gcc-10.3.0/python-3.10.1-qb/lib/python3.10/site-packages (from torch>=1.4.0->accelerate->-r requirementsmlSum.txt (line 6)) (2.0.0)
Requirement already satisfied: cmake in /opt/sw/spack/apps/linux-rhel8-x86_64/gcc-10.3.0/python-3.10.1-qb/lib/python3.10/site-packages (from triton==2.0.0->torch>=1.4.0->accelerate->-r requirementsmlSum.txt (line 6)) (3.26.3)
Requirement already satisfied: lit in /opt/sw/spack/apps/linux-rhel8-x86_64/gcc-10.3.0/python-3.10.1-qb/lib/python3.10/site-packages (from triton==2.0.0->torch>=1.4.0->accelerate->-r requirementsmlSum.txt (line 6)) (16.0.2)
Requirement already satisfied: MarkupSafe>=2.1.1 in /opt/sw/spack/apps/linux-rhel8-x86_64/gcc-10.3.0/python-3.10.1-qb/lib/python3.10/site-packages (from werkzeug>=1.0.1->tensorboard->-r requirementsmlSum.txt (line 7)) (2.1.2)
Requirement already satisfied: python-dateutil>=2.8.2 in /opt/sw/spack/apps/linux-rhel8-x86_64/gcc-10.3.0/python-3.10.1-qb/lib/python3.10/site-packages (from pandas->datasets==2.12.0->-r requirementsmlSum.txt (line 2)) (2.8.2)
Requirement already satisfied: pytz>=2020.1 in /opt/sw/spack/apps/linux-rhel8-x86_64/gcc-10.3.0/python-3.10.1-qb/lib/python3.10/site-packages (from pandas->datasets==2.12.0->-r requirementsmlSum.txt (line 2)) (2023.3)
Requirement already satisfied: tzdata>=2022.1 in /opt/sw/spack/apps/linux-rhel8-x86_64/gcc-10.3.0/python-3.10.1-qb/lib/python3.10/site-packages (from pandas->datasets==2.12.0->-r requirementsmlSum.txt (line 2)) (2023.3)
Requirement already satisfied: smmap<6,>=3.0.1 in /home/sshukla7/.local/lib/python3.10/site-packages (from gitdb<5,>=4.0.1->GitPython!=3.1.29,>=1.0.0->wandb->-r requirementsmlSum.txt (line 4)) (5.0.0)
Requirement already satisfied: pyasn1<0.6.0,>=0.4.6 in /opt/sw/spack/apps/linux-rhel8-x86_64/gcc-10.3.0/python-3.10.1-qb/lib/python3.10/site-packages (from pyasn1-modules>=0.2.1->google-auth<3,>=1.6.3->tensorboard->-r requirementsmlSum.txt (line 7)) (0.5.0)
Requirement already satisfied: oauthlib>=3.0.0 in /opt/sw/spack/apps/linux-rhel8-x86_64/gcc-10.3.0/python-3.10.1-qb/lib/python3.10/site-packages (from requests-oauthlib>=0.7.0->google-auth-oauthlib<1.1,>=0.5->tensorboard->-r requirementsmlSum.txt (line 7)) (3.2.2)
Requirement already satisfied: mpmath>=0.19 in /opt/sw/spack/apps/linux-rhel8-x86_64/gcc-10.3.0/python-3.10.1-qb/lib/python3.10/site-packages (from sympy->torch>=1.4.0->accelerate->-r requirementsmlSum.txt (line 6)) (1.3.0)
05/07/2023 04:39:55 - INFO - __main__ -   Distributed environment: NO
Num processes: 1
Process index: 0
Local process index: 0
Device: cuda

Mixed precision type: no

05/07/2023 04:39:55 - WARNING - __main__ -   Namespace(dataset_name='mlsum', dataset_config_name='es', train_file=None, validation_file=None, ignore_pad_token_for_loss=True, max_source_length=1024, source_prefix=None, preprocessing_num_workers=None, overwrite_cache=None, max_target_length=128, val_max_target_length=None, pad_to_max_length=False, model_name_or_path='Shahm/bart-german', config_name=None, tokenizer_name=None, text_column=None, summary_column=None, use_slow_tokenizer=False, per_device_train_batch_size=6, per_device_eval_batch_size=4, learning_rate=5e-05, weight_decay=0.0, num_train_epochs=5, max_train_steps=None, gradient_accumulation_steps=2, lr_scheduler_type=<SchedulerType.LINEAR: 'linear'>, warmup_ratio=0.05, output_dir='./output_mlsum/8_8_6_6_5_5e-05_fp16', seed=42, model_type=None, teacher_model='Shahm/bart-german', student_model='Shahm/bart-german', pred_distill=True, intermediate_distill=True, weight_bits=8, input_bits=8, clip_val=2.5, length_penalty=1.0, max_length=160, min_length=64, num_beams=6, do_train=True, do_test=True, test_teacher=False, distill_encoder=6, distill_decoder=6, log_steps=20, local_rank=0, weighted=False, new_distill_map=False, task_weight=1, logits_weight=1, hid_weight=1)
Downloading and preparing dataset mlsum/es to /home/sshukla7/.cache/huggingface/datasets/mlsum/es/1.0.0/1b2d4e3020a63e9423caeccd38a04b02b7472d5694a33f4b2ae5b09e11e1f4cb...
Dataset mlsum downloaded and prepared to /home/sshukla7/.cache/huggingface/datasets/mlsum/es/1.0.0/1b2d4e3020a63e9423caeccd38a04b02b7472d5694a33f4b2ae5b09e11e1f4cb. Subsequent calls will reuse this data.
init quantize emb
datasets size, train: 266367, validate: 10358, test: 13920
05/07/2023 04:43:00 - INFO - __main__ -   Sample 58369 of the training set: {'input_ids': [0, 9157, 5573, 326, 1535, 313, 175, 879, 808, 4216, 263, 42559, 257, 366, 475, 6417, 505, 293, 1177, 272, 1588, 4987, 3852, 102, 1177, 313, 366, 263, 3774, 17579, 281, 6, 897, 23919, 1182, 5014, 2727, 6, 213, 27598, 2095, 2953, 21444, 257, 1192, 769, 611, 11868, 897, 36510, 625, 4330, 1423, 3816, 118, 14537, 1615, 18829, 2399, 102, 10, 18829, 2399, 102, 6, 3805, 338, 1526, 1192, 4410, 2603, 17254, 3391, 507, 1757, 242, 4285, 2186, 897, 5044, 8539, 2727, 263, 6168, 196, 3204, 254, 4600, 1192, 8512, 260, 5573, 313, 175, 879, 808, 4216, 1177, 25327, 493, 18371, 118, 2727, 263, 42559, 257, 366, 6, 385, 11950, 2205, 26528, 10, 12495, 34512, 281, 6, 1423, 1192, 10, 233, 853, 263, 23184, 4330, 542, 102, 3647, 5272, 3304, 271, 1526, 1177, 313, 366, 2424, 221, 3388, 4, 1448, 21177, 267, 337, 592, 6377, 263, 764, 32905, 118, 7499, 25, 9271, 897, 9383, 808, 16446, 263, 897, 1554, 175, 879, 8843, 263, 764, 17628, 2764, 1615, 26907, 594, 9697, 263, 26908, 271, 1615, 18829, 2399, 102, 10, 18829, 2399, 102, 364, 9084, 8616, 271, 1615, 2677, 12473, 8541, 4490, 368, 6, 6256, 257, 17838, 263, 3774, 31702, 4575, 233, 808, 366, 263, 897, 5963, 366, 13850, 2727, 93, 5756, 6, 221, 31668, 1423, 221, 3388, 578, 3840, 897, 26574, 5014, 2727, 263, 897, 3872, 2154, 4347, 5163, 7222, 263, 897, 25327, 493, 31118, 7499, 2426, 4, 1287, 17579, 281, 3538, 10, 9383, 808, 853, 5573, 326, 1535, 313, 175, 879, 808, 4216, 475, 6417, 505, 293, 36, 16033, 17628, 6, 255, 1178, 154, 24110, 1423, 10532, 873, 271, 2558, 102, 43, 263, 5573, 1021, 11156, 1192, 5152, 225, 6, 1192, 28836, 19938, 542, 654, 207, 263, 897, 181, 33449, 5014, 2727, 11843, 1588, 4987, 876, 1113, 6, 4435, 1043, 5003, 1076, 1331, 139, 263, 542, 4285, 7414, 5016, 2764, 1615, 18390, 1423, 1615, 221, 31668, 4, 44, 48, 24017, 2489, 27607, 139, 542, 740, 3146, 1020, 263, 46764, 5014, 2727, 263, 14429, 254, 329, 281, 1177, 15747, 4544, 16749, 5973, 424, 4843, 366, 2764, 3774, 740, 3146, 4544, 263, 3594, 16738, 263, 764, 32905, 118, 7499, 1423, 2588, 13775, 12, 673, 6374, 3840, 2694, 428, 3290, 271, 10, 21444, 257, 17, 46, 6, 22907, 636, 1479, 1615, 295, 1780, 5766, 394, 242, 263, 764, 17628, 4, 1890, 102, 263, 5573, 27783, 281, 11, 636, 11284, 20559, 1192, 12206, 2137, 7499, 3774, 17579, 281, 2714, 897, 33451, 179, 5014, 2727, 263, 3774, 14811, 4779, 366, 1192, 897, 4051, 13850, 2727, 3304, 868, 2520, 1479, 1076, 784, 4308, 271, 10, 8002, 952, 15264, 338, 3494, 139, 263, 18371, 118, 2727, 263, 42559, 257, 366, 4, 44, 48, 10766, 5402, 2052, 8843, 2714, 6821, 542, 385, 5150, 263, 8541, 225, 2520, 2727, 263, 897, 4023, 366, 13850, 2727, 2424, 18829, 2399, 102, 10, 18829, 2399, 102, 1177, 248, 11798, 5272, 6, 221, 8810, 493, 6, 1063, 6527, 1423, 764, 32905, 118, 7499, 1423, 9, 241, 7742, 10, 2714, 366, 16749, 5973, 424, 4843, 366, 1177, 313, 366, 263, 21444, 257, 897, 26574, 5014, 2727, 2424, 2677, 12473, 8541, 4490, 368, 17, 46, 6, 22907, 636, 1479, 85, 1178, 281, 139, 10, 6426, 17373, 5285, 542, 102, 910, 6796, 102, 263, 1198, 6852, 102, 1177, 1615, 5847, 5973, 424, 4843, 139, 263, 764, 32905, 118, 7499, 4, 2884, 102, 1615, 221, 3388, 3304, 102, 9, 1290, 7222, 2714, 505, 242, 2953, 3407, 6687, 853, 1526, 26908, 271, 1615, 18829, 2399, 102, 10, 18829, 2399, 102, 1177, 7, 19202, 3774, 40492, 4544, 263, 1599, 2603, 2617, 2794, 102, 1423, 39070, 271, 2953, 542, 102, 856, 1479, 22900, 5571, 44, 48, 119, 6417, 6641, 1792, 241, 6, 34478, 493, 6, 740, 1479, 14377, 102, 1423, 2003, 2186, 17, 46, 3137, 139, 1615, 2677, 12473, 8541, 4490, 368, 4, 1587, 23919, 1182, 5014, 2727, 13, 337, 9724, 9856, 102, 1192, 18237, 594, 271, 1526, 5573, 3647, 1977, 281, 1192, 8113, 9193, 9860, 241, 5573, 11, 636, 11284, 20559, 1192, 2677, 14116, 7, 3916, 1615, 221, 3388, 3304, 1526, 1615, 11, 15025, 263, 3774, 2664, 1526, 119, 5110, 3840, 897, 3741, 7743, 3851, 1423, 1331, 2102, 2424, 4342, 5357, 5160, 263, 764, 17628, 3840, 10304, 12862, 139, 1177, 542, 2242, 3407, 4342, 2794, 1177, 1615, 20136, 7367, 4, 44, 48, 40008, 991, 366, 1192, 21444, 257, 117, 12369, 2552, 6979, 225, 2520, 2727, 263, 1331, 271, 4082, 2953, 3391, 4285, 281, 139, 13460, 1192, 769, 873, 338, 12862, 139, 1423, 13103, 2802, 10, 364, 24262, 11909, 3851, 10, 897, 748, 6377, 263, 1192, 579, 1696, 842, 1368, 4450, 897, 36510, 625, 4330, 1177, 1076, 571, 5874, 282, 2662, 1020, 2489, 3809, 1526, 1192, 8068, 271, 2560, 17, 46, 6, 31171, 1479, 10, 8002, 228, 118, 1479, 417, 2684, 1615, 21177, 267, 337, 592, 6377, 4, 1587, 23919, 1182, 5014, 2727, 263, 272, 1588, 4987, 3852, 102, 9724, 9856, 1479, 10, 6426, 1192, 18237, 594, 271, 1526, 5573, 3647, 1977, 281, 1192, 8113, 9193, 3838, 241, 5573, 313, 175, 879, 808, 4216, 1177, 25327, 493, 263, 18371, 118, 2727, 263, 42559, 257, 366, 4, 1587, 4103, 1469, 3979, 263, 897, 23919, 1182, 5014, 2727, 6, 14615, 763, 4494, 20293, 13775, 6, 9724, 9856, 1479, 10, 6426, 1615, 4285, 7414, 5016, 6, 2953, 1615, 1192, 1615, 21177, 267, 337, 592, 6377, 218, 2603, 12202, 763, 16439, 85, 1178, 281, 139, 842, 12280, 1526, 2764, 897, 9383, 808, 16446, 263, 897, 1554, 175, 879, 8843, 263, 764, 17628, 6, 40042, 102, 44, 48, 879, 6977, 139, 475, 6417, 17, 46, 1177, 1615, 11021, 1696, 2841, 5234, 1187, 6005, 2953, 897, 5963, 366, 13850, 2727, 263, 272, 1588, 4987, 3852, 102, 4, 83, 2628, 5030, 329, 638, 1479, 1192, 897, 12766, 16446, 1177, 3304, 102, 3729, 990, 118, 2727, 20719, 242, 10, 5573, 313, 175, 879, 808, 4216, 6, 3729, 2636, 3647, 5272, 18237, 594, 271, 1526, 1177, 1615, 9051, 37690, 1020, 263, 37479, 118, 2727, 263, 4787, 808, 257, 366, 6, 385, 11950, 39077, 4324, 2724, 118, 12454, 542, 102, 3647, 5272, 21444, 257, 131, 23919, 1182, 5014, 2727, 3729, 16586, 2764, 542, 102, 3594, 5014, 2727, 2424, 2357, 31558, 542, 2357, 207, 2], 'attention_mask': [1, 1, 1, 1, 1, 1, 1, 1, 1, 1, 1, 1, 1, 1, 1, 1, 1, 1, 1, 1, 1, 1, 1, 1, 1, 1, 1, 1, 1, 1, 1, 1, 1, 1, 1, 1, 1, 1, 1, 1, 1, 1, 1, 1, 1, 1, 1, 1, 1, 1, 1, 1, 1, 1, 1, 1, 1, 1, 1, 1, 1, 1, 1, 1, 1, 1, 1, 1, 1, 1, 1, 1, 1, 1, 1, 1, 1, 1, 1, 1, 1, 1, 1, 1, 1, 1, 1, 1, 1, 1, 1, 1, 1, 1, 1, 1, 1, 1, 1, 1, 1, 1, 1, 1, 1, 1, 1, 1, 1, 1, 1, 1, 1, 1, 1, 1, 1, 1, 1, 1, 1, 1, 1, 1, 1, 1, 1, 1, 1, 1, 1, 1, 1, 1, 1, 1, 1, 1, 1, 1, 1, 1, 1, 1, 1, 1, 1, 1, 1, 1, 1, 1, 1, 1, 1, 1, 1, 1, 1, 1, 1, 1, 1, 1, 1, 1, 1, 1, 1, 1, 1, 1, 1, 1, 1, 1, 1, 1, 1, 1, 1, 1, 1, 1, 1, 1, 1, 1, 1, 1, 1, 1, 1, 1, 1, 1, 1, 1, 1, 1, 1, 1, 1, 1, 1, 1, 1, 1, 1, 1, 1, 1, 1, 1, 1, 1, 1, 1, 1, 1, 1, 1, 1, 1, 1, 1, 1, 1, 1, 1, 1, 1, 1, 1, 1, 1, 1, 1, 1, 1, 1, 1, 1, 1, 1, 1, 1, 1, 1, 1, 1, 1, 1, 1, 1, 1, 1, 1, 1, 1, 1, 1, 1, 1, 1, 1, 1, 1, 1, 1, 1, 1, 1, 1, 1, 1, 1, 1, 1, 1, 1, 1, 1, 1, 1, 1, 1, 1, 1, 1, 1, 1, 1, 1, 1, 1, 1, 1, 1, 1, 1, 1, 1, 1, 1, 1, 1, 1, 1, 1, 1, 1, 1, 1, 1, 1, 1, 1, 1, 1, 1, 1, 1, 1, 1, 1, 1, 1, 1, 1, 1, 1, 1, 1, 1, 1, 1, 1, 1, 1, 1, 1, 1, 1, 1, 1, 1, 1, 1, 1, 1, 1, 1, 1, 1, 1, 1, 1, 1, 1, 1, 1, 1, 1, 1, 1, 1, 1, 1, 1, 1, 1, 1, 1, 1, 1, 1, 1, 1, 1, 1, 1, 1, 1, 1, 1, 1, 1, 1, 1, 1, 1, 1, 1, 1, 1, 1, 1, 1, 1, 1, 1, 1, 1, 1, 1, 1, 1, 1, 1, 1, 1, 1, 1, 1, 1, 1, 1, 1, 1, 1, 1, 1, 1, 1, 1, 1, 1, 1, 1, 1, 1, 1, 1, 1, 1, 1, 1, 1, 1, 1, 1, 1, 1, 1, 1, 1, 1, 1, 1, 1, 1, 1, 1, 1, 1, 1, 1, 1, 1, 1, 1, 1, 1, 1, 1, 1, 1, 1, 1, 1, 1, 1, 1, 1, 1, 1, 1, 1, 1, 1, 1, 1, 1, 1, 1, 1, 1, 1, 1, 1, 1, 1, 1, 1, 1, 1, 1, 1, 1, 1, 1, 1, 1, 1, 1, 1, 1, 1, 1, 1, 1, 1, 1, 1, 1, 1, 1, 1, 1, 1, 1, 1, 1, 1, 1, 1, 1, 1, 1, 1, 1, 1, 1, 1, 1, 1, 1, 1, 1, 1, 1, 1, 1, 1, 1, 1, 1, 1, 1, 1, 1, 1, 1, 1, 1, 1, 1, 1, 1, 1, 1, 1, 1, 1, 1, 1, 1, 1, 1, 1, 1, 1, 1, 1, 1, 1, 1, 1, 1, 1, 1, 1, 1, 1, 1, 1, 1, 1, 1, 1, 1, 1, 1, 1, 1, 1, 1, 1, 1, 1, 1, 1, 1, 1, 1, 1, 1, 1, 1, 1, 1, 1, 1, 1, 1, 1, 1, 1, 1, 1, 1, 1, 1, 1, 1, 1, 1, 1, 1, 1, 1, 1, 1, 1, 1, 1, 1, 1, 1, 1, 1, 1, 1, 1, 1, 1, 1, 1, 1, 1, 1, 1, 1, 1, 1, 1, 1, 1, 1, 1, 1, 1, 1, 1, 1, 1, 1, 1, 1, 1, 1, 1, 1, 1, 1, 1, 1, 1, 1, 1, 1, 1, 1, 1, 1, 1, 1, 1, 1, 1, 1, 1, 1, 1, 1, 1, 1, 1, 1, 1, 1, 1, 1, 1, 1, 1, 1, 1, 1, 1, 1, 1, 1, 1, 1, 1, 1, 1, 1, 1, 1, 1, 1, 1, 1, 1, 1, 1, 1, 1, 1, 1, 1, 1, 1, 1, 1, 1, 1, 1, 1, 1, 1, 1, 1, 1, 1, 1, 1, 1, 1, 1, 1, 1, 1, 1, 1, 1, 1, 1, 1, 1, 1, 1, 1, 1, 1, 1, 1, 1, 1, 1, 1, 1, 1, 1, 1, 1, 1, 1, 1, 1, 1, 1, 1, 1, 1, 1, 1, 1, 1, 1, 1, 1, 1, 1, 1, 1, 1, 1, 1, 1, 1, 1, 1, 1, 1, 1, 1, 1, 1, 1, 1, 1, 1, 1, 1, 1, 1, 1, 1, 1, 1, 1, 1, 1, 1, 1, 1, 1, 1, 1, 1, 1, 1, 1, 1, 1, 1, 1, 1, 1, 1, 1, 1, 1, 1, 1, 1, 1, 1, 1, 1, 1, 1, 1, 1, 1, 1, 1, 1, 1, 1, 1, 1, 1, 1, 1, 1, 1, 1, 1, 1, 1, 1, 1, 1, 1, 1, 1, 1, 1, 1, 1, 1, 1, 1, 1, 1, 1, 1, 1, 1, 1, 1, 1, 1, 1, 1, 1, 1, 1, 1, 1, 1, 1, 1, 1, 1, 1, 1, 1, 1, 1, 1, 1, 1, 1, 1, 1, 1, 1, 1, 1, 1, 1, 1, 1, 1, 1, 1, 1, 1, 1, 1, 1, 1, 1, 1, 1, 1, 1, 1, 1, 1, 1, 1, 1, 1, 1, 1, 1, 1, 1, 1, 1, 1, 1, 1, 1, 1, 1, 1, 1, 1, 1, 1, 1, 1, 1, 1, 1, 1, 1, 1, 1, 1, 1, 1, 1, 1, 1, 1, 1, 1, 1, 1, 1, 1, 1, 1, 1, 1, 1, 1, 1, 1, 1, 1, 1, 1, 1, 1, 1, 1, 1, 1, 1, 1, 1, 1, 1, 1, 1, 1, 1, 1, 1, 1, 1, 1, 1, 1], 'labels': [0, 717, 10839, 22106, 1526, 3774, 14811, 4779, 366, 1192, 897, 4051, 13850, 2727, 9084, 8616, 1479, 3729, 5502, 9383, 12451, 1479, 764, 17628, 2]}.
Yes, cuda is available, Found device: NVIDIA A100-SXM-80GB, n_gpu: 1
05/07/2023 04:43:04 - INFO - __main__ -   ***** Running training *****
05/07/2023 04:43:04 - INFO - __main__ -     Num examples = 266367
05/07/2023 04:43:04 - INFO - __main__ -     Num Epochs = 5
05/07/2023 04:43:04 - INFO - __main__ -     Instantaneous batch size per device = 6
05/07/2023 04:43:04 - INFO - __main__ -     Total train batch size (w. parallel, distributed & accumulation) = 12
05/07/2023 04:43:04 - INFO - __main__ -     Gradient Accumulation steps = 2
05/07/2023 04:43:04 - INFO - __main__ -     Total optimization steps = 110990
05/07/2023 04:43:04 - INFO - __main__ -     student encoder layers = 6
05/07/2023 04:43:04 - INFO - __main__ -     student decoder layers = 6
05/07/2023 04:43:04 - INFO - __main__ -     student encoder layers [0, 1, 2, 3, 4, 5] is mapped with teacher encoder layers [0, 1, 2, 3, 4, 5]
05/07/2023 04:43:04 - INFO - __main__ -     student decoder layers [0, 1, 2, 3, 4, 5] is mapped with teacher decoder layers [0, 1, 2, 3, 4, 5]
05/07/2023 13:38:40 - INFO - __main__ -   evaluation result: {'eval/rouge1': 24.7034, 'eval/rouge2': 7.0624, 'eval/rougeL': 18.0015, 'eval/rougeLsum': 19.2726} 
