Defaulting to user installation because normal site-packages is not writeable
Requirement already satisfied: pip in /home/sshukla7/.local/lib/python3.10/site-packages (23.1.2)
Defaulting to user installation because normal site-packages is not writeable
Collecting transformers==4.28.1 (from -r requirementsmlSum.txt (line 1))
  Downloading transformers-4.28.1-py3-none-any.whl (7.0 MB)
     ━━━━━━━━━━━━━━━━━━━━━━━━━━━━━━━━━━━━━━━━ 7.0/7.0 MB 101.9 MB/s eta 0:00:00
Collecting datasets==2.12.0 (from -r requirementsmlSum.txt (line 2))
  Downloading datasets-2.12.0-py3-none-any.whl (474 kB)
     ━━━━━━━━━━━━━━━━━━━━━━━━━━━━━━━━━━━━━━ 474.6/474.6 kB 28.0 MB/s eta 0:00:00
Requirement already satisfied: sacrebleu==2.0 in /home/sshukla7/.local/lib/python3.10/site-packages (from -r requirementsmlSum.txt (line 3)) (2.0.0)
Requirement already satisfied: wandb in /home/sshukla7/.local/lib/python3.10/site-packages (from -r requirementsmlSum.txt (line 4)) (0.15.0)
Requirement already satisfied: nltk in /home/sshukla7/.local/lib/python3.10/site-packages (from -r requirementsmlSum.txt (line 5)) (3.8.1)
Requirement already satisfied: accelerate in /home/sshukla7/.local/lib/python3.10/site-packages (from -r requirementsmlSum.txt (line 6)) (0.18.0)
Requirement already satisfied: tensorboard in /opt/sw/spack/apps/linux-rhel8-x86_64/gcc-10.3.0/python-3.10.1-qb/lib/python3.10/site-packages (from -r requirementsmlSum.txt (line 7)) (2.12.2)
Requirement already satisfied: setuptools in /home/sshukla7/.local/lib/python3.10/site-packages (from -r requirementsmlSum.txt (line 8)) (49.6.0)
Requirement already satisfied: rouge_score in /home/sshukla7/.local/lib/python3.10/site-packages (from -r requirementsmlSum.txt (line 9)) (0.1.2)
Requirement already satisfied: tokenizers==0.11.6 in /home/sshukla7/.local/lib/python3.10/site-packages (from -r requirementsmlSum.txt (line 10)) (0.11.6)
Requirement already satisfied: filelock in /opt/sw/spack/apps/linux-rhel8-x86_64/gcc-10.3.0/python-3.10.1-qb/lib/python3.10/site-packages (from transformers==4.28.1->-r requirementsmlSum.txt (line 1)) (3.12.0)
Requirement already satisfied: huggingface-hub<1.0,>=0.11.0 in /home/sshukla7/.local/lib/python3.10/site-packages (from transformers==4.28.1->-r requirementsmlSum.txt (line 1)) (0.14.1)
Requirement already satisfied: numpy>=1.17 in /opt/sw/spack/apps/linux-rhel8-x86_64/gcc-10.3.0/python-3.10.1-qb/lib/python3.10/site-packages (from transformers==4.28.1->-r requirementsmlSum.txt (line 1)) (1.23.5)
Requirement already satisfied: packaging>=20.0 in /opt/sw/spack/apps/linux-rhel8-x86_64/gcc-10.3.0/python-3.10.1-qb/lib/python3.10/site-packages (from transformers==4.28.1->-r requirementsmlSum.txt (line 1)) (23.1)
Requirement already satisfied: pyyaml>=5.1 in /home/sshukla7/.local/lib/python3.10/site-packages (from transformers==4.28.1->-r requirementsmlSum.txt (line 1)) (6.0)
Requirement already satisfied: regex!=2019.12.17 in /home/sshukla7/.local/lib/python3.10/site-packages (from transformers==4.28.1->-r requirementsmlSum.txt (line 1)) (2023.3.23)
Requirement already satisfied: requests in /opt/sw/spack/apps/linux-rhel8-x86_64/gcc-10.3.0/python-3.10.1-qb/lib/python3.10/site-packages (from transformers==4.28.1->-r requirementsmlSum.txt (line 1)) (2.28.2)
Requirement already satisfied: tqdm>=4.27 in /home/sshukla7/.local/lib/python3.10/site-packages (from transformers==4.28.1->-r requirementsmlSum.txt (line 1)) (4.65.0)
Requirement already satisfied: pyarrow>=8.0.0 in /home/sshukla7/.local/lib/python3.10/site-packages (from datasets==2.12.0->-r requirementsmlSum.txt (line 2)) (11.0.0)
Requirement already satisfied: dill<0.3.7,>=0.3.0 in /home/sshukla7/.local/lib/python3.10/site-packages (from datasets==2.12.0->-r requirementsmlSum.txt (line 2)) (0.3.6)
Requirement already satisfied: pandas in /opt/sw/spack/apps/linux-rhel8-x86_64/gcc-10.3.0/python-3.10.1-qb/lib/python3.10/site-packages (from datasets==2.12.0->-r requirementsmlSum.txt (line 2)) (2.0.1)
Requirement already satisfied: xxhash in /home/sshukla7/.local/lib/python3.10/site-packages (from datasets==2.12.0->-r requirementsmlSum.txt (line 2)) (3.2.0)
Requirement already satisfied: multiprocess in /home/sshukla7/.local/lib/python3.10/site-packages (from datasets==2.12.0->-r requirementsmlSum.txt (line 2)) (0.70.14)
Requirement already satisfied: fsspec[http]>=2021.11.1 in /home/sshukla7/.local/lib/python3.10/site-packages (from datasets==2.12.0->-r requirementsmlSum.txt (line 2)) (2023.4.0)
Requirement already satisfied: aiohttp in /home/sshukla7/.local/lib/python3.10/site-packages (from datasets==2.12.0->-r requirementsmlSum.txt (line 2)) (3.8.4)
Requirement already satisfied: responses<0.19 in /home/sshukla7/.local/lib/python3.10/site-packages (from datasets==2.12.0->-r requirementsmlSum.txt (line 2)) (0.18.0)
Requirement already satisfied: portalocker in /home/sshukla7/.local/lib/python3.10/site-packages (from sacrebleu==2.0->-r requirementsmlSum.txt (line 3)) (2.7.0)
Requirement already satisfied: tabulate>=0.8.9 in /home/sshukla7/.local/lib/python3.10/site-packages (from sacrebleu==2.0->-r requirementsmlSum.txt (line 3)) (0.9.0)
Requirement already satisfied: colorama in /home/sshukla7/.local/lib/python3.10/site-packages (from sacrebleu==2.0->-r requirementsmlSum.txt (line 3)) (0.4.6)
Requirement already satisfied: Click!=8.0.0,>=7.0 in /home/sshukla7/.local/lib/python3.10/site-packages (from wandb->-r requirementsmlSum.txt (line 4)) (8.1.3)
Requirement already satisfied: GitPython!=3.1.29,>=1.0.0 in /home/sshukla7/.local/lib/python3.10/site-packages (from wandb->-r requirementsmlSum.txt (line 4)) (3.1.31)
Requirement already satisfied: psutil>=5.0.0 in /opt/sw/spack/apps/linux-rhel8-x86_64/gcc-10.3.0/python-3.10.1-qb/lib/python3.10/site-packages (from wandb->-r requirementsmlSum.txt (line 4)) (5.9.5)
Requirement already satisfied: sentry-sdk>=1.0.0 in /home/sshukla7/.local/lib/python3.10/site-packages (from wandb->-r requirementsmlSum.txt (line 4)) (1.21.0)
Requirement already satisfied: docker-pycreds>=0.4.0 in /home/sshukla7/.local/lib/python3.10/site-packages (from wandb->-r requirementsmlSum.txt (line 4)) (0.4.0)
Requirement already satisfied: pathtools in /home/sshukla7/.local/lib/python3.10/site-packages (from wandb->-r requirementsmlSum.txt (line 4)) (0.1.2)
Requirement already satisfied: setproctitle in /home/sshukla7/.local/lib/python3.10/site-packages (from wandb->-r requirementsmlSum.txt (line 4)) (1.3.2)
Requirement already satisfied: appdirs>=1.4.3 in /home/sshukla7/.local/lib/python3.10/site-packages (from wandb->-r requirementsmlSum.txt (line 4)) (1.4.4)
Requirement already satisfied: protobuf!=4.21.0,<5,>=3.19.0 in /opt/sw/spack/apps/linux-rhel8-x86_64/gcc-10.3.0/python-3.10.1-qb/lib/python3.10/site-packages (from wandb->-r requirementsmlSum.txt (line 4)) (4.22.3)
Requirement already satisfied: joblib in /opt/sw/spack/apps/linux-rhel8-x86_64/gcc-10.3.0/python-3.10.1-qb/lib/python3.10/site-packages (from nltk->-r requirementsmlSum.txt (line 5)) (1.2.0)
Requirement already satisfied: torch>=1.4.0 in /opt/sw/spack/apps/linux-rhel8-x86_64/gcc-10.3.0/python-3.10.1-qb/lib/python3.10/site-packages (from accelerate->-r requirementsmlSum.txt (line 6)) (2.0.0)
Requirement already satisfied: absl-py>=0.4 in /opt/sw/spack/apps/linux-rhel8-x86_64/gcc-10.3.0/python-3.10.1-qb/lib/python3.10/site-packages (from tensorboard->-r requirementsmlSum.txt (line 7)) (1.4.0)
Requirement already satisfied: grpcio>=1.48.2 in /opt/sw/spack/apps/linux-rhel8-x86_64/gcc-10.3.0/python-3.10.1-qb/lib/python3.10/site-packages (from tensorboard->-r requirementsmlSum.txt (line 7)) (1.54.0)
Requirement already satisfied: google-auth<3,>=1.6.3 in /opt/sw/spack/apps/linux-rhel8-x86_64/gcc-10.3.0/python-3.10.1-qb/lib/python3.10/site-packages (from tensorboard->-r requirementsmlSum.txt (line 7)) (2.17.3)
Requirement already satisfied: google-auth-oauthlib<1.1,>=0.5 in /opt/sw/spack/apps/linux-rhel8-x86_64/gcc-10.3.0/python-3.10.1-qb/lib/python3.10/site-packages (from tensorboard->-r requirementsmlSum.txt (line 7)) (1.0.0)
Requirement already satisfied: markdown>=2.6.8 in /opt/sw/spack/apps/linux-rhel8-x86_64/gcc-10.3.0/python-3.10.1-qb/lib/python3.10/site-packages (from tensorboard->-r requirementsmlSum.txt (line 7)) (3.4.3)
Requirement already satisfied: tensorboard-data-server<0.8.0,>=0.7.0 in /opt/sw/spack/apps/linux-rhel8-x86_64/gcc-10.3.0/python-3.10.1-qb/lib/python3.10/site-packages (from tensorboard->-r requirementsmlSum.txt (line 7)) (0.7.0)
Requirement already satisfied: tensorboard-plugin-wit>=1.6.0 in /opt/sw/spack/apps/linux-rhel8-x86_64/gcc-10.3.0/python-3.10.1-qb/lib/python3.10/site-packages (from tensorboard->-r requirementsmlSum.txt (line 7)) (1.8.1)
Requirement already satisfied: werkzeug>=1.0.1 in /opt/sw/spack/apps/linux-rhel8-x86_64/gcc-10.3.0/python-3.10.1-qb/lib/python3.10/site-packages (from tensorboard->-r requirementsmlSum.txt (line 7)) (2.2.3)
Requirement already satisfied: wheel>=0.26 in /opt/sw/spack/apps/linux-rhel8-x86_64/gcc-10.3.0/python-3.10.1-qb/lib/python3.10/site-packages (from tensorboard->-r requirementsmlSum.txt (line 7)) (0.40.0)
Requirement already satisfied: six>=1.14.0 in /opt/sw/spack/apps/linux-rhel8-x86_64/gcc-10.3.0/python-3.10.1-qb/lib/python3.10/site-packages (from rouge_score->-r requirementsmlSum.txt (line 9)) (1.16.0)
Requirement already satisfied: attrs>=17.3.0 in /home/sshukla7/.local/lib/python3.10/site-packages (from aiohttp->datasets==2.12.0->-r requirementsmlSum.txt (line 2)) (23.1.0)
Requirement already satisfied: charset-normalizer<4.0,>=2.0 in /opt/sw/spack/apps/linux-rhel8-x86_64/gcc-10.3.0/python-3.10.1-qb/lib/python3.10/site-packages (from aiohttp->datasets==2.12.0->-r requirementsmlSum.txt (line 2)) (3.1.0)
Requirement already satisfied: multidict<7.0,>=4.5 in /home/sshukla7/.local/lib/python3.10/site-packages (from aiohttp->datasets==2.12.0->-r requirementsmlSum.txt (line 2)) (6.0.4)
Requirement already satisfied: async-timeout<5.0,>=4.0.0a3 in /home/sshukla7/.local/lib/python3.10/site-packages (from aiohttp->datasets==2.12.0->-r requirementsmlSum.txt (line 2)) (4.0.2)
Requirement already satisfied: yarl<2.0,>=1.0 in /home/sshukla7/.local/lib/python3.10/site-packages (from aiohttp->datasets==2.12.0->-r requirementsmlSum.txt (line 2)) (1.9.2)
Requirement already satisfied: frozenlist>=1.1.1 in /home/sshukla7/.local/lib/python3.10/site-packages (from aiohttp->datasets==2.12.0->-r requirementsmlSum.txt (line 2)) (1.3.3)
Requirement already satisfied: aiosignal>=1.1.2 in /home/sshukla7/.local/lib/python3.10/site-packages (from aiohttp->datasets==2.12.0->-r requirementsmlSum.txt (line 2)) (1.3.1)
Requirement already satisfied: gitdb<5,>=4.0.1 in /home/sshukla7/.local/lib/python3.10/site-packages (from GitPython!=3.1.29,>=1.0.0->wandb->-r requirementsmlSum.txt (line 4)) (4.0.10)
Requirement already satisfied: cachetools<6.0,>=2.0.0 in /opt/sw/spack/apps/linux-rhel8-x86_64/gcc-10.3.0/python-3.10.1-qb/lib/python3.10/site-packages (from google-auth<3,>=1.6.3->tensorboard->-r requirementsmlSum.txt (line 7)) (5.3.0)
Requirement already satisfied: pyasn1-modules>=0.2.1 in /opt/sw/spack/apps/linux-rhel8-x86_64/gcc-10.3.0/python-3.10.1-qb/lib/python3.10/site-packages (from google-auth<3,>=1.6.3->tensorboard->-r requirementsmlSum.txt (line 7)) (0.3.0)
Requirement already satisfied: rsa<5,>=3.1.4 in /opt/sw/spack/apps/linux-rhel8-x86_64/gcc-10.3.0/python-3.10.1-qb/lib/python3.10/site-packages (from google-auth<3,>=1.6.3->tensorboard->-r requirementsmlSum.txt (line 7)) (4.9)
Requirement already satisfied: requests-oauthlib>=0.7.0 in /opt/sw/spack/apps/linux-rhel8-x86_64/gcc-10.3.0/python-3.10.1-qb/lib/python3.10/site-packages (from google-auth-oauthlib<1.1,>=0.5->tensorboard->-r requirementsmlSum.txt (line 7)) (1.3.1)
Requirement already satisfied: typing-extensions>=3.7.4.3 in /opt/sw/spack/apps/linux-rhel8-x86_64/gcc-10.3.0/python-3.10.1-qb/lib/python3.10/site-packages (from huggingface-hub<1.0,>=0.11.0->transformers==4.28.1->-r requirementsmlSum.txt (line 1)) (4.5.0)
Requirement already satisfied: idna<4,>=2.5 in /opt/sw/spack/apps/linux-rhel8-x86_64/gcc-10.3.0/python-3.10.1-qb/lib/python3.10/site-packages (from requests->transformers==4.28.1->-r requirementsmlSum.txt (line 1)) (3.4)
Requirement already satisfied: urllib3<1.27,>=1.21.1 in /opt/sw/spack/apps/linux-rhel8-x86_64/gcc-10.3.0/python-3.10.1-qb/lib/python3.10/site-packages (from requests->transformers==4.28.1->-r requirementsmlSum.txt (line 1)) (1.26.15)
Requirement already satisfied: certifi>=2017.4.17 in /opt/sw/spack/apps/linux-rhel8-x86_64/gcc-10.3.0/python-3.10.1-qb/lib/python3.10/site-packages (from requests->transformers==4.28.1->-r requirementsmlSum.txt (line 1)) (2022.12.7)
Requirement already satisfied: sympy in /opt/sw/spack/apps/linux-rhel8-x86_64/gcc-10.3.0/python-3.10.1-qb/lib/python3.10/site-packages (from torch>=1.4.0->accelerate->-r requirementsmlSum.txt (line 6)) (1.11.1)
Requirement already satisfied: networkx in /opt/sw/spack/apps/linux-rhel8-x86_64/gcc-10.3.0/python-3.10.1-qb/lib/python3.10/site-packages (from torch>=1.4.0->accelerate->-r requirementsmlSum.txt (line 6)) (3.1)
Requirement already satisfied: jinja2 in /opt/sw/spack/apps/linux-rhel8-x86_64/gcc-10.3.0/python-3.10.1-qb/lib/python3.10/site-packages (from torch>=1.4.0->accelerate->-r requirementsmlSum.txt (line 6)) (3.1.2)
Requirement already satisfied: nvidia-cuda-nvrtc-cu11==11.7.99 in /opt/sw/spack/apps/linux-rhel8-x86_64/gcc-10.3.0/python-3.10.1-qb/lib/python3.10/site-packages (from torch>=1.4.0->accelerate->-r requirementsmlSum.txt (line 6)) (11.7.99)
Requirement already satisfied: nvidia-cuda-runtime-cu11==11.7.99 in /opt/sw/spack/apps/linux-rhel8-x86_64/gcc-10.3.0/python-3.10.1-qb/lib/python3.10/site-packages (from torch>=1.4.0->accelerate->-r requirementsmlSum.txt (line 6)) (11.7.99)
Requirement already satisfied: nvidia-cuda-cupti-cu11==11.7.101 in /opt/sw/spack/apps/linux-rhel8-x86_64/gcc-10.3.0/python-3.10.1-qb/lib/python3.10/site-packages (from torch>=1.4.0->accelerate->-r requirementsmlSum.txt (line 6)) (11.7.101)
Requirement already satisfied: nvidia-cudnn-cu11==8.5.0.96 in /opt/sw/spack/apps/linux-rhel8-x86_64/gcc-10.3.0/python-3.10.1-qb/lib/python3.10/site-packages (from torch>=1.4.0->accelerate->-r requirementsmlSum.txt (line 6)) (8.5.0.96)
Requirement already satisfied: nvidia-cublas-cu11==11.10.3.66 in /opt/sw/spack/apps/linux-rhel8-x86_64/gcc-10.3.0/python-3.10.1-qb/lib/python3.10/site-packages (from torch>=1.4.0->accelerate->-r requirementsmlSum.txt (line 6)) (11.10.3.66)
Requirement already satisfied: nvidia-cufft-cu11==10.9.0.58 in /opt/sw/spack/apps/linux-rhel8-x86_64/gcc-10.3.0/python-3.10.1-qb/lib/python3.10/site-packages (from torch>=1.4.0->accelerate->-r requirementsmlSum.txt (line 6)) (10.9.0.58)
Requirement already satisfied: nvidia-curand-cu11==10.2.10.91 in /opt/sw/spack/apps/linux-rhel8-x86_64/gcc-10.3.0/python-3.10.1-qb/lib/python3.10/site-packages (from torch>=1.4.0->accelerate->-r requirementsmlSum.txt (line 6)) (10.2.10.91)
Requirement already satisfied: nvidia-cusolver-cu11==11.4.0.1 in /opt/sw/spack/apps/linux-rhel8-x86_64/gcc-10.3.0/python-3.10.1-qb/lib/python3.10/site-packages (from torch>=1.4.0->accelerate->-r requirementsmlSum.txt (line 6)) (11.4.0.1)
Requirement already satisfied: nvidia-cusparse-cu11==11.7.4.91 in /opt/sw/spack/apps/linux-rhel8-x86_64/gcc-10.3.0/python-3.10.1-qb/lib/python3.10/site-packages (from torch>=1.4.0->accelerate->-r requirementsmlSum.txt (line 6)) (11.7.4.91)
Requirement already satisfied: nvidia-nccl-cu11==2.14.3 in /opt/sw/spack/apps/linux-rhel8-x86_64/gcc-10.3.0/python-3.10.1-qb/lib/python3.10/site-packages (from torch>=1.4.0->accelerate->-r requirementsmlSum.txt (line 6)) (2.14.3)
Requirement already satisfied: nvidia-nvtx-cu11==11.7.91 in /opt/sw/spack/apps/linux-rhel8-x86_64/gcc-10.3.0/python-3.10.1-qb/lib/python3.10/site-packages (from torch>=1.4.0->accelerate->-r requirementsmlSum.txt (line 6)) (11.7.91)
Requirement already satisfied: triton==2.0.0 in /opt/sw/spack/apps/linux-rhel8-x86_64/gcc-10.3.0/python-3.10.1-qb/lib/python3.10/site-packages (from torch>=1.4.0->accelerate->-r requirementsmlSum.txt (line 6)) (2.0.0)
Requirement already satisfied: cmake in /opt/sw/spack/apps/linux-rhel8-x86_64/gcc-10.3.0/python-3.10.1-qb/lib/python3.10/site-packages (from triton==2.0.0->torch>=1.4.0->accelerate->-r requirementsmlSum.txt (line 6)) (3.26.3)
Requirement already satisfied: lit in /opt/sw/spack/apps/linux-rhel8-x86_64/gcc-10.3.0/python-3.10.1-qb/lib/python3.10/site-packages (from triton==2.0.0->torch>=1.4.0->accelerate->-r requirementsmlSum.txt (line 6)) (16.0.2)
Requirement already satisfied: MarkupSafe>=2.1.1 in /opt/sw/spack/apps/linux-rhel8-x86_64/gcc-10.3.0/python-3.10.1-qb/lib/python3.10/site-packages (from werkzeug>=1.0.1->tensorboard->-r requirementsmlSum.txt (line 7)) (2.1.2)
Requirement already satisfied: python-dateutil>=2.8.2 in /opt/sw/spack/apps/linux-rhel8-x86_64/gcc-10.3.0/python-3.10.1-qb/lib/python3.10/site-packages (from pandas->datasets==2.12.0->-r requirementsmlSum.txt (line 2)) (2.8.2)
Requirement already satisfied: pytz>=2020.1 in /opt/sw/spack/apps/linux-rhel8-x86_64/gcc-10.3.0/python-3.10.1-qb/lib/python3.10/site-packages (from pandas->datasets==2.12.0->-r requirementsmlSum.txt (line 2)) (2023.3)
Requirement already satisfied: tzdata>=2022.1 in /opt/sw/spack/apps/linux-rhel8-x86_64/gcc-10.3.0/python-3.10.1-qb/lib/python3.10/site-packages (from pandas->datasets==2.12.0->-r requirementsmlSum.txt (line 2)) (2023.3)
Requirement already satisfied: smmap<6,>=3.0.1 in /home/sshukla7/.local/lib/python3.10/site-packages (from gitdb<5,>=4.0.1->GitPython!=3.1.29,>=1.0.0->wandb->-r requirementsmlSum.txt (line 4)) (5.0.0)
Requirement already satisfied: pyasn1<0.6.0,>=0.4.6 in /opt/sw/spack/apps/linux-rhel8-x86_64/gcc-10.3.0/python-3.10.1-qb/lib/python3.10/site-packages (from pyasn1-modules>=0.2.1->google-auth<3,>=1.6.3->tensorboard->-r requirementsmlSum.txt (line 7)) (0.5.0)
Requirement already satisfied: oauthlib>=3.0.0 in /opt/sw/spack/apps/linux-rhel8-x86_64/gcc-10.3.0/python-3.10.1-qb/lib/python3.10/site-packages (from requests-oauthlib>=0.7.0->google-auth-oauthlib<1.1,>=0.5->tensorboard->-r requirementsmlSum.txt (line 7)) (3.2.2)
Requirement already satisfied: mpmath>=0.19 in /opt/sw/spack/apps/linux-rhel8-x86_64/gcc-10.3.0/python-3.10.1-qb/lib/python3.10/site-packages (from sympy->torch>=1.4.0->accelerate->-r requirementsmlSum.txt (line 6)) (1.3.0)
Installing collected packages: transformers, datasets
  Attempting uninstall: transformers
    Found existing installation: transformers 4.22.1
    Uninstalling transformers-4.22.1:
      Successfully uninstalled transformers-4.22.1
  Attempting uninstall: datasets
    Found existing installation: datasets 2.11.0
    Uninstalling datasets-2.11.0:
      Successfully uninstalled datasets-2.11.0
Successfully installed datasets-2.12.0 transformers-4.28.1
05/05/2023 07:46:20 - INFO - __main__ -   Distributed environment: NO
Num processes: 1
Process index: 0
Local process index: 0
Device: cuda

Mixed precision type: no

05/05/2023 07:46:20 - WARNING - __main__ -   Namespace(dataset_name='ARTeLab/mlsum-it', dataset_config_name='3.0.0', train_file=None, validation_file=None, ignore_pad_token_for_loss=True, max_source_length=1024, source_prefix=None, preprocessing_num_workers=None, overwrite_cache=None, max_target_length=128, val_max_target_length=None, pad_to_max_length=False, model_name_or_path='ARTeLab/mbart-summarization-mlsum', config_name=None, tokenizer_name=None, text_column=None, summary_column=None, use_slow_tokenizer=False, per_device_train_batch_size=16, per_device_eval_batch_size=4, learning_rate=5e-05, weight_decay=0.0, num_train_epochs=20, max_train_steps=None, gradient_accumulation_steps=2, lr_scheduler_type=<SchedulerType.LINEAR: 'linear'>, warmup_ratio=0.05, output_dir='./output_ARTeLab_mlsum-it/8_8_6_6_20_5e-05_fp16', seed=28, model_type=None, teacher_model='ARTeLab/mbart-summarization-mlsum', student_model='ARTeLab/mbart-summarization-mlsum', pred_distill=True, intermediate_distill=True, weight_bits=8, input_bits=8, clip_val=2.5, length_penalty=1.0, max_length=160, min_length=50, num_beams=4, do_train=True, do_test=True, test_teacher=False, distill_encoder=6, distill_decoder=6, log_steps=20, local_rank=0, weighted=False, new_distill_map=False, task_weight=1, logits_weight=1, hid_weight=1)


the arguments are:  Namespace(dataset_name='ARTeLab/mlsum-it', dataset_config_name='3.0.0', train_file=None, validation_file=None, ignore_pad_token_for_loss=True, max_source_length=1024, source_prefix=None, preprocessing_num_workers=None, overwrite_cache=None, max_target_length=128, val_max_target_length=None, pad_to_max_length=False, model_name_or_path='ARTeLab/mbart-summarization-mlsum', config_name=None, tokenizer_name=None, text_column=None, summary_column=None, use_slow_tokenizer=False, per_device_train_batch_size=16, per_device_eval_batch_size=4, learning_rate=5e-05, weight_decay=0.0, num_train_epochs=20, max_train_steps=None, gradient_accumulation_steps=2, lr_scheduler_type=<SchedulerType.LINEAR: 'linear'>, warmup_ratio=0.05, output_dir='./output_ARTeLab_mlsum-it/8_8_6_6_20_5e-05_fp16', seed=28, model_type=None, teacher_model='ARTeLab/mbart-summarization-mlsum', student_model='ARTeLab/mbart-summarization-mlsum', pred_distill=True, intermediate_distill=True, weight_bits=8, input_bits=8, clip_val=2.5, length_penalty=1.0, max_length=160, min_length=50, num_beams=4, do_train=True, do_test=True, test_teacher=False, distill_encoder=6, distill_decoder=6, log_steps=20, local_rank=0, weighted=False, new_distill_map=False, task_weight=1, logits_weight=1, hid_weight=1)


the args output_dir is:  ./output_ARTeLab_mlsum-it/8_8_6_6_20_5e-05_fp16




dataset is not none




dataset name is : ARTeLab/mlsum-it and config name is: 3.0.0
Downloading and preparing dataset csv/ARTeLab--mlsum-it to /home/sshukla7/.cache/huggingface/datasets/ARTeLab___csv/ARTeLab--mlsum-it-150ac20fc5ad9100/0.0.0/6954658bab30a358235fa864b05cf819af0e179325c740e4bc853bcc7ec513e1...
Dataset csv downloaded and prepared to /home/sshukla7/.cache/huggingface/datasets/ARTeLab___csv/ARTeLab--mlsum-it-150ac20fc5ad9100/0.0.0/6954658bab30a358235fa864b05cf819af0e179325c740e4bc853bcc7ec513e1. Subsequent calls will reuse this data.




Raw data set after loading the data is :  DatasetDict({
    train: Dataset({
        features: ['source', 'target'],
        num_rows: 31997
    })
    validation: Dataset({
        features: ['source', 'target'],
        num_rows: 4000
    })
    test: Dataset({
        features: ['source', 'target'],
        num_rows: 4000
    })
})
init quantize emb




 The raw datset is :  DatasetDict({
    train: Dataset({
        features: ['source', 'target'],
        num_rows: 31997
    })
    validation: Dataset({
        features: ['source', 'target'],
        num_rows: 4000
    })
    test: Dataset({
        features: ['source', 'target'],
        num_rows: 4000
    })
})
datasets size, train: 31997, validate: 4000, test: 4000
05/05/2023 07:47:24 - INFO - __main__ -   Sample 3701 of the training set: {'input_ids': [4228, 8, 15347, 45, 4483, 1071, 351, 113807, 330, 63931, 46348, 11, 1718, 4474, 57313, 5, 14825, 51, 16030, 13, 45, 68043, 22909, 96, 25, 93957, 45, 1735, 22600, 4, 10, 7644, 188, 4, 290, 21, 1646, 26845, 565, 15978, 64596, 11, 1380, 51, 405, 188, 7515, 188, 37728, 28, 45, 108532, 5, 40168, 330, 13627, 188, 91606, 45, 161092, 23, 41267, 31, 28, 22024, 71465, 118673, 28, 34528, 51, 25, 28540, 1782, 7699, 145990, 5, 12940, 4078, 565, 6464, 86629, 32781, 10, 66678, 146, 24284, 31, 1696, 25, 232585, 3391, 211, 23607, 45, 74733, 31, 185202, 5, 911, 21, 1646, 64682, 565, 30780, 102, 11972, 79390, 5320, 150, 146, 30739, 62, 19488, 2167, 4, 59049, 108584, 9728, 1615, 9645, 36823, 4483, 9692, 146, 68570, 5, 46348, 11, 256, 9919, 193, 882, 1782, 95529, 10, 51, 69317, 12007, 587, 1613, 2878, 118, 184596, 366, 34446, 45, 44, 416, 23232, 1782, 234096, 58, 28, 3620, 78, 12198, 1380, 211, 95333, 106985, 1010, 10798, 4938, 6, 17793, 25469, 14, 23, 31671, 1782, 5, 62, 16680, 28391, 290, 986, 5885, 146, 4474, 81678, 4, 211, 118092, 103739, 6723, 211384, 15, 919, 10101, 194, 46348, 11, 565, 201769, 10, 200232, 107, 21, 1311, 13480, 1782, 117, 98978, 220, 1427, 1018, 1782, 23, 49919, 102, 5, 360, 64805, 7583, 4483, 45, 115590, 48, 1235, 45, 152081, 28, 45, 152081, 4, 23, 33182, 986, 100321, 45, 51, 17577, 13120, 45, 16457, 21827, 150, 4, 1718, 505, 4, 72715, 3139, 23, 41267, 31, 5, 911, 23535, 23, 89921, 9316, 47694, 29022, 290, 21, 2829, 6537, 78, 6641, 1430, 3139, 45, 200232, 832, 1311, 13480, 1782, 117, 98978, 220, 1427, 1018, 1782, 23, 49919, 102, 5, 2, 250004], 'attention_mask': [1, 1, 1, 1, 1, 1, 1, 1, 1, 1, 1, 1, 1, 1, 1, 1, 1, 1, 1, 1, 1, 1, 1, 1, 1, 1, 1, 1, 1, 1, 1, 1, 1, 1, 1, 1, 1, 1, 1, 1, 1, 1, 1, 1, 1, 1, 1, 1, 1, 1, 1, 1, 1, 1, 1, 1, 1, 1, 1, 1, 1, 1, 1, 1, 1, 1, 1, 1, 1, 1, 1, 1, 1, 1, 1, 1, 1, 1, 1, 1, 1, 1, 1, 1, 1, 1, 1, 1, 1, 1, 1, 1, 1, 1, 1, 1, 1, 1, 1, 1, 1, 1, 1, 1, 1, 1, 1, 1, 1, 1, 1, 1, 1, 1, 1, 1, 1, 1, 1, 1, 1, 1, 1, 1, 1, 1, 1, 1, 1, 1, 1, 1, 1, 1, 1, 1, 1, 1, 1, 1, 1, 1, 1, 1, 1, 1, 1, 1, 1, 1, 1, 1, 1, 1, 1, 1, 1, 1, 1, 1, 1, 1, 1, 1, 1, 1, 1, 1, 1, 1, 1, 1, 1, 1, 1, 1, 1, 1, 1, 1, 1, 1, 1, 1, 1, 1, 1, 1, 1, 1, 1, 1, 1, 1, 1, 1, 1, 1, 1, 1, 1, 1, 1, 1, 1, 1, 1, 1, 1, 1, 1, 1, 1, 1, 1, 1, 1, 1, 1, 1, 1, 1, 1, 1, 1, 1, 1, 1, 1, 1, 1, 1, 1, 1, 1, 1, 1, 1, 1, 1, 1, 1, 1, 1, 1, 1, 1, 1, 1, 1, 1, 1, 1, 1, 1, 1, 1, 1, 1, 1, 1, 1, 1, 1, 1, 1, 1, 1, 1, 1, 1, 1, 1, 1, 1, 1, 1, 1, 1, 1], 'labels': [891, 9692, 28, 1010, 9601, 27173, 20, 7515, 188, 37728, 4, 45, 108532, 28, 5802, 920, 12994, 6781, 20, 1615, 3269, 14753, 83205, 12762, 68, 318, 4483, 1071, 1718, 4474, 57313, 2, 250004]}.
Yes, cuda is available, Found device: NVIDIA A100-SXM-80GB, n_gpu: 1
05/05/2023 07:47:30 - INFO - __main__ -   ***** Running training *****
05/05/2023 07:47:30 - INFO - __main__ -     Num examples = 31997
05/05/2023 07:47:30 - INFO - __main__ -     Num Epochs = 20
05/05/2023 07:47:30 - INFO - __main__ -     Instantaneous batch size per device = 16
05/05/2023 07:47:30 - INFO - __main__ -     Total train batch size (w. parallel, distributed & accumulation) = 32
05/05/2023 07:47:30 - INFO - __main__ -     Gradient Accumulation steps = 2
05/05/2023 07:47:30 - INFO - __main__ -     Total optimization steps = 20000
05/05/2023 07:47:30 - INFO - __main__ -     student encoder layers = 6
05/05/2023 07:47:30 - INFO - __main__ -     student decoder layers = 6
05/05/2023 07:47:30 - INFO - __main__ -     student encoder layers [0, 1, 2, 3, 4, 5] is mapped with teacher encoder layers [0, 1, 2, 3, 4, 5]
05/05/2023 07:47:30 - INFO - __main__ -     student decoder layers [0, 1, 2, 3, 4, 5] is mapped with teacher decoder layers [0, 1, 2, 3, 4, 5]
05/05/2023 09:30:32 - INFO - __main__ -   evaluation result: {'eval/rouge1': 8.993, 'eval/rouge2': 0.0353, 'eval/rougeL': 8.4832, 'eval/rougeLsum': 8.507} 
