Defaulting to user installation because normal site-packages is not writeable
Requirement already satisfied: pip in /home/sshukla7/.local/lib/python3.10/site-packages (23.1.2)
Defaulting to user installation because normal site-packages is not writeable
Requirement already satisfied: transformers==4.28.1 in /home/sshukla7/.local/lib/python3.10/site-packages (from -r requirementsmlSum.txt (line 1)) (4.28.1)
Requirement already satisfied: datasets==2.12.0 in /home/sshukla7/.local/lib/python3.10/site-packages (from -r requirementsmlSum.txt (line 2)) (2.12.0)
Requirement already satisfied: sacrebleu==2.0 in /home/sshukla7/.local/lib/python3.10/site-packages (from -r requirementsmlSum.txt (line 3)) (2.0.0)
Requirement already satisfied: wandb in /home/sshukla7/.local/lib/python3.10/site-packages (from -r requirementsmlSum.txt (line 4)) (0.15.0)
Requirement already satisfied: nltk in /home/sshukla7/.local/lib/python3.10/site-packages (from -r requirementsmlSum.txt (line 5)) (3.8.1)
Requirement already satisfied: accelerate in /home/sshukla7/.local/lib/python3.10/site-packages (from -r requirementsmlSum.txt (line 6)) (0.18.0)
Requirement already satisfied: tensorboard in /opt/sw/spack/apps/linux-rhel8-x86_64/gcc-10.3.0/python-3.10.1-qb/lib/python3.10/site-packages (from -r requirementsmlSum.txt (line 7)) (2.12.2)
Requirement already satisfied: setuptools in /home/sshukla7/.local/lib/python3.10/site-packages (from -r requirementsmlSum.txt (line 8)) (49.6.0)
Requirement already satisfied: rouge_score in /home/sshukla7/.local/lib/python3.10/site-packages (from -r requirementsmlSum.txt (line 9)) (0.1.2)
Requirement already satisfied: tokenizers==0.11.6 in /home/sshukla7/.local/lib/python3.10/site-packages (from -r requirementsmlSum.txt (line 10)) (0.11.6)
Requirement already satisfied: filelock in /opt/sw/spack/apps/linux-rhel8-x86_64/gcc-10.3.0/python-3.10.1-qb/lib/python3.10/site-packages (from transformers==4.28.1->-r requirementsmlSum.txt (line 1)) (3.12.0)
Requirement already satisfied: huggingface-hub<1.0,>=0.11.0 in /home/sshukla7/.local/lib/python3.10/site-packages (from transformers==4.28.1->-r requirementsmlSum.txt (line 1)) (0.14.1)
Requirement already satisfied: numpy>=1.17 in /opt/sw/spack/apps/linux-rhel8-x86_64/gcc-10.3.0/python-3.10.1-qb/lib/python3.10/site-packages (from transformers==4.28.1->-r requirementsmlSum.txt (line 1)) (1.23.5)
Requirement already satisfied: packaging>=20.0 in /opt/sw/spack/apps/linux-rhel8-x86_64/gcc-10.3.0/python-3.10.1-qb/lib/python3.10/site-packages (from transformers==4.28.1->-r requirementsmlSum.txt (line 1)) (23.1)
Requirement already satisfied: pyyaml>=5.1 in /home/sshukla7/.local/lib/python3.10/site-packages (from transformers==4.28.1->-r requirementsmlSum.txt (line 1)) (6.0)
Requirement already satisfied: regex!=2019.12.17 in /home/sshukla7/.local/lib/python3.10/site-packages (from transformers==4.28.1->-r requirementsmlSum.txt (line 1)) (2023.3.23)
Requirement already satisfied: requests in /opt/sw/spack/apps/linux-rhel8-x86_64/gcc-10.3.0/python-3.10.1-qb/lib/python3.10/site-packages (from transformers==4.28.1->-r requirementsmlSum.txt (line 1)) (2.28.2)
Requirement already satisfied: tqdm>=4.27 in /home/sshukla7/.local/lib/python3.10/site-packages (from transformers==4.28.1->-r requirementsmlSum.txt (line 1)) (4.65.0)
Requirement already satisfied: pyarrow>=8.0.0 in /home/sshukla7/.local/lib/python3.10/site-packages (from datasets==2.12.0->-r requirementsmlSum.txt (line 2)) (11.0.0)
Requirement already satisfied: dill<0.3.7,>=0.3.0 in /home/sshukla7/.local/lib/python3.10/site-packages (from datasets==2.12.0->-r requirementsmlSum.txt (line 2)) (0.3.6)
Requirement already satisfied: pandas in /opt/sw/spack/apps/linux-rhel8-x86_64/gcc-10.3.0/python-3.10.1-qb/lib/python3.10/site-packages (from datasets==2.12.0->-r requirementsmlSum.txt (line 2)) (2.0.1)
Requirement already satisfied: xxhash in /home/sshukla7/.local/lib/python3.10/site-packages (from datasets==2.12.0->-r requirementsmlSum.txt (line 2)) (3.2.0)
Requirement already satisfied: multiprocess in /home/sshukla7/.local/lib/python3.10/site-packages (from datasets==2.12.0->-r requirementsmlSum.txt (line 2)) (0.70.14)
Requirement already satisfied: fsspec[http]>=2021.11.1 in /home/sshukla7/.local/lib/python3.10/site-packages (from datasets==2.12.0->-r requirementsmlSum.txt (line 2)) (2023.4.0)
Requirement already satisfied: aiohttp in /home/sshukla7/.local/lib/python3.10/site-packages (from datasets==2.12.0->-r requirementsmlSum.txt (line 2)) (3.8.4)
Requirement already satisfied: responses<0.19 in /home/sshukla7/.local/lib/python3.10/site-packages (from datasets==2.12.0->-r requirementsmlSum.txt (line 2)) (0.18.0)
Requirement already satisfied: portalocker in /home/sshukla7/.local/lib/python3.10/site-packages (from sacrebleu==2.0->-r requirementsmlSum.txt (line 3)) (2.7.0)
Requirement already satisfied: tabulate>=0.8.9 in /home/sshukla7/.local/lib/python3.10/site-packages (from sacrebleu==2.0->-r requirementsmlSum.txt (line 3)) (0.9.0)
Requirement already satisfied: colorama in /home/sshukla7/.local/lib/python3.10/site-packages (from sacrebleu==2.0->-r requirementsmlSum.txt (line 3)) (0.4.6)
Requirement already satisfied: Click!=8.0.0,>=7.0 in /home/sshukla7/.local/lib/python3.10/site-packages (from wandb->-r requirementsmlSum.txt (line 4)) (8.1.3)
Requirement already satisfied: GitPython!=3.1.29,>=1.0.0 in /home/sshukla7/.local/lib/python3.10/site-packages (from wandb->-r requirementsmlSum.txt (line 4)) (3.1.31)
Requirement already satisfied: psutil>=5.0.0 in /opt/sw/spack/apps/linux-rhel8-x86_64/gcc-10.3.0/python-3.10.1-qb/lib/python3.10/site-packages (from wandb->-r requirementsmlSum.txt (line 4)) (5.9.5)
Requirement already satisfied: sentry-sdk>=1.0.0 in /home/sshukla7/.local/lib/python3.10/site-packages (from wandb->-r requirementsmlSum.txt (line 4)) (1.21.0)
Requirement already satisfied: docker-pycreds>=0.4.0 in /home/sshukla7/.local/lib/python3.10/site-packages (from wandb->-r requirementsmlSum.txt (line 4)) (0.4.0)
Requirement already satisfied: pathtools in /home/sshukla7/.local/lib/python3.10/site-packages (from wandb->-r requirementsmlSum.txt (line 4)) (0.1.2)
Requirement already satisfied: setproctitle in /home/sshukla7/.local/lib/python3.10/site-packages (from wandb->-r requirementsmlSum.txt (line 4)) (1.3.2)
Requirement already satisfied: appdirs>=1.4.3 in /home/sshukla7/.local/lib/python3.10/site-packages (from wandb->-r requirementsmlSum.txt (line 4)) (1.4.4)
Requirement already satisfied: protobuf!=4.21.0,<5,>=3.19.0 in /opt/sw/spack/apps/linux-rhel8-x86_64/gcc-10.3.0/python-3.10.1-qb/lib/python3.10/site-packages (from wandb->-r requirementsmlSum.txt (line 4)) (4.22.3)
Requirement already satisfied: joblib in /opt/sw/spack/apps/linux-rhel8-x86_64/gcc-10.3.0/python-3.10.1-qb/lib/python3.10/site-packages (from nltk->-r requirementsmlSum.txt (line 5)) (1.2.0)
Requirement already satisfied: torch>=1.4.0 in /opt/sw/spack/apps/linux-rhel8-x86_64/gcc-10.3.0/python-3.10.1-qb/lib/python3.10/site-packages (from accelerate->-r requirementsmlSum.txt (line 6)) (2.0.0)
Requirement already satisfied: absl-py>=0.4 in /opt/sw/spack/apps/linux-rhel8-x86_64/gcc-10.3.0/python-3.10.1-qb/lib/python3.10/site-packages (from tensorboard->-r requirementsmlSum.txt (line 7)) (1.4.0)
Requirement already satisfied: grpcio>=1.48.2 in /opt/sw/spack/apps/linux-rhel8-x86_64/gcc-10.3.0/python-3.10.1-qb/lib/python3.10/site-packages (from tensorboard->-r requirementsmlSum.txt (line 7)) (1.54.0)
Requirement already satisfied: google-auth<3,>=1.6.3 in /opt/sw/spack/apps/linux-rhel8-x86_64/gcc-10.3.0/python-3.10.1-qb/lib/python3.10/site-packages (from tensorboard->-r requirementsmlSum.txt (line 7)) (2.17.3)
Requirement already satisfied: google-auth-oauthlib<1.1,>=0.5 in /opt/sw/spack/apps/linux-rhel8-x86_64/gcc-10.3.0/python-3.10.1-qb/lib/python3.10/site-packages (from tensorboard->-r requirementsmlSum.txt (line 7)) (1.0.0)
Requirement already satisfied: markdown>=2.6.8 in /opt/sw/spack/apps/linux-rhel8-x86_64/gcc-10.3.0/python-3.10.1-qb/lib/python3.10/site-packages (from tensorboard->-r requirementsmlSum.txt (line 7)) (3.4.3)
Requirement already satisfied: tensorboard-data-server<0.8.0,>=0.7.0 in /opt/sw/spack/apps/linux-rhel8-x86_64/gcc-10.3.0/python-3.10.1-qb/lib/python3.10/site-packages (from tensorboard->-r requirementsmlSum.txt (line 7)) (0.7.0)
Requirement already satisfied: tensorboard-plugin-wit>=1.6.0 in /opt/sw/spack/apps/linux-rhel8-x86_64/gcc-10.3.0/python-3.10.1-qb/lib/python3.10/site-packages (from tensorboard->-r requirementsmlSum.txt (line 7)) (1.8.1)
Requirement already satisfied: werkzeug>=1.0.1 in /opt/sw/spack/apps/linux-rhel8-x86_64/gcc-10.3.0/python-3.10.1-qb/lib/python3.10/site-packages (from tensorboard->-r requirementsmlSum.txt (line 7)) (2.2.3)
Requirement already satisfied: wheel>=0.26 in /opt/sw/spack/apps/linux-rhel8-x86_64/gcc-10.3.0/python-3.10.1-qb/lib/python3.10/site-packages (from tensorboard->-r requirementsmlSum.txt (line 7)) (0.40.0)
Requirement already satisfied: six>=1.14.0 in /opt/sw/spack/apps/linux-rhel8-x86_64/gcc-10.3.0/python-3.10.1-qb/lib/python3.10/site-packages (from rouge_score->-r requirementsmlSum.txt (line 9)) (1.16.0)
Requirement already satisfied: attrs>=17.3.0 in /home/sshukla7/.local/lib/python3.10/site-packages (from aiohttp->datasets==2.12.0->-r requirementsmlSum.txt (line 2)) (23.1.0)
Requirement already satisfied: charset-normalizer<4.0,>=2.0 in /opt/sw/spack/apps/linux-rhel8-x86_64/gcc-10.3.0/python-3.10.1-qb/lib/python3.10/site-packages (from aiohttp->datasets==2.12.0->-r requirementsmlSum.txt (line 2)) (3.1.0)
Requirement already satisfied: multidict<7.0,>=4.5 in /home/sshukla7/.local/lib/python3.10/site-packages (from aiohttp->datasets==2.12.0->-r requirementsmlSum.txt (line 2)) (6.0.4)
Requirement already satisfied: async-timeout<5.0,>=4.0.0a3 in /home/sshukla7/.local/lib/python3.10/site-packages (from aiohttp->datasets==2.12.0->-r requirementsmlSum.txt (line 2)) (4.0.2)
Requirement already satisfied: yarl<2.0,>=1.0 in /home/sshukla7/.local/lib/python3.10/site-packages (from aiohttp->datasets==2.12.0->-r requirementsmlSum.txt (line 2)) (1.9.2)
Requirement already satisfied: frozenlist>=1.1.1 in /home/sshukla7/.local/lib/python3.10/site-packages (from aiohttp->datasets==2.12.0->-r requirementsmlSum.txt (line 2)) (1.3.3)
Requirement already satisfied: aiosignal>=1.1.2 in /home/sshukla7/.local/lib/python3.10/site-packages (from aiohttp->datasets==2.12.0->-r requirementsmlSum.txt (line 2)) (1.3.1)
Requirement already satisfied: gitdb<5,>=4.0.1 in /home/sshukla7/.local/lib/python3.10/site-packages (from GitPython!=3.1.29,>=1.0.0->wandb->-r requirementsmlSum.txt (line 4)) (4.0.10)
Requirement already satisfied: cachetools<6.0,>=2.0.0 in /opt/sw/spack/apps/linux-rhel8-x86_64/gcc-10.3.0/python-3.10.1-qb/lib/python3.10/site-packages (from google-auth<3,>=1.6.3->tensorboard->-r requirementsmlSum.txt (line 7)) (5.3.0)
Requirement already satisfied: pyasn1-modules>=0.2.1 in /opt/sw/spack/apps/linux-rhel8-x86_64/gcc-10.3.0/python-3.10.1-qb/lib/python3.10/site-packages (from google-auth<3,>=1.6.3->tensorboard->-r requirementsmlSum.txt (line 7)) (0.3.0)
Requirement already satisfied: rsa<5,>=3.1.4 in /opt/sw/spack/apps/linux-rhel8-x86_64/gcc-10.3.0/python-3.10.1-qb/lib/python3.10/site-packages (from google-auth<3,>=1.6.3->tensorboard->-r requirementsmlSum.txt (line 7)) (4.9)
Requirement already satisfied: requests-oauthlib>=0.7.0 in /opt/sw/spack/apps/linux-rhel8-x86_64/gcc-10.3.0/python-3.10.1-qb/lib/python3.10/site-packages (from google-auth-oauthlib<1.1,>=0.5->tensorboard->-r requirementsmlSum.txt (line 7)) (1.3.1)
Requirement already satisfied: typing-extensions>=3.7.4.3 in /opt/sw/spack/apps/linux-rhel8-x86_64/gcc-10.3.0/python-3.10.1-qb/lib/python3.10/site-packages (from huggingface-hub<1.0,>=0.11.0->transformers==4.28.1->-r requirementsmlSum.txt (line 1)) (4.5.0)
Requirement already satisfied: idna<4,>=2.5 in /opt/sw/spack/apps/linux-rhel8-x86_64/gcc-10.3.0/python-3.10.1-qb/lib/python3.10/site-packages (from requests->transformers==4.28.1->-r requirementsmlSum.txt (line 1)) (3.4)
Requirement already satisfied: urllib3<1.27,>=1.21.1 in /opt/sw/spack/apps/linux-rhel8-x86_64/gcc-10.3.0/python-3.10.1-qb/lib/python3.10/site-packages (from requests->transformers==4.28.1->-r requirementsmlSum.txt (line 1)) (1.26.15)
Requirement already satisfied: certifi>=2017.4.17 in /opt/sw/spack/apps/linux-rhel8-x86_64/gcc-10.3.0/python-3.10.1-qb/lib/python3.10/site-packages (from requests->transformers==4.28.1->-r requirementsmlSum.txt (line 1)) (2022.12.7)
Requirement already satisfied: sympy in /opt/sw/spack/apps/linux-rhel8-x86_64/gcc-10.3.0/python-3.10.1-qb/lib/python3.10/site-packages (from torch>=1.4.0->accelerate->-r requirementsmlSum.txt (line 6)) (1.11.1)
Requirement already satisfied: networkx in /opt/sw/spack/apps/linux-rhel8-x86_64/gcc-10.3.0/python-3.10.1-qb/lib/python3.10/site-packages (from torch>=1.4.0->accelerate->-r requirementsmlSum.txt (line 6)) (3.1)
Requirement already satisfied: jinja2 in /opt/sw/spack/apps/linux-rhel8-x86_64/gcc-10.3.0/python-3.10.1-qb/lib/python3.10/site-packages (from torch>=1.4.0->accelerate->-r requirementsmlSum.txt (line 6)) (3.1.2)
Requirement already satisfied: nvidia-cuda-nvrtc-cu11==11.7.99 in /opt/sw/spack/apps/linux-rhel8-x86_64/gcc-10.3.0/python-3.10.1-qb/lib/python3.10/site-packages (from torch>=1.4.0->accelerate->-r requirementsmlSum.txt (line 6)) (11.7.99)
Requirement already satisfied: nvidia-cuda-runtime-cu11==11.7.99 in /opt/sw/spack/apps/linux-rhel8-x86_64/gcc-10.3.0/python-3.10.1-qb/lib/python3.10/site-packages (from torch>=1.4.0->accelerate->-r requirementsmlSum.txt (line 6)) (11.7.99)
Requirement already satisfied: nvidia-cuda-cupti-cu11==11.7.101 in /opt/sw/spack/apps/linux-rhel8-x86_64/gcc-10.3.0/python-3.10.1-qb/lib/python3.10/site-packages (from torch>=1.4.0->accelerate->-r requirementsmlSum.txt (line 6)) (11.7.101)
Requirement already satisfied: nvidia-cudnn-cu11==8.5.0.96 in /opt/sw/spack/apps/linux-rhel8-x86_64/gcc-10.3.0/python-3.10.1-qb/lib/python3.10/site-packages (from torch>=1.4.0->accelerate->-r requirementsmlSum.txt (line 6)) (8.5.0.96)
Requirement already satisfied: nvidia-cublas-cu11==11.10.3.66 in /opt/sw/spack/apps/linux-rhel8-x86_64/gcc-10.3.0/python-3.10.1-qb/lib/python3.10/site-packages (from torch>=1.4.0->accelerate->-r requirementsmlSum.txt (line 6)) (11.10.3.66)
Requirement already satisfied: nvidia-cufft-cu11==10.9.0.58 in /opt/sw/spack/apps/linux-rhel8-x86_64/gcc-10.3.0/python-3.10.1-qb/lib/python3.10/site-packages (from torch>=1.4.0->accelerate->-r requirementsmlSum.txt (line 6)) (10.9.0.58)
Requirement already satisfied: nvidia-curand-cu11==10.2.10.91 in /opt/sw/spack/apps/linux-rhel8-x86_64/gcc-10.3.0/python-3.10.1-qb/lib/python3.10/site-packages (from torch>=1.4.0->accelerate->-r requirementsmlSum.txt (line 6)) (10.2.10.91)
Requirement already satisfied: nvidia-cusolver-cu11==11.4.0.1 in /opt/sw/spack/apps/linux-rhel8-x86_64/gcc-10.3.0/python-3.10.1-qb/lib/python3.10/site-packages (from torch>=1.4.0->accelerate->-r requirementsmlSum.txt (line 6)) (11.4.0.1)
Requirement already satisfied: nvidia-cusparse-cu11==11.7.4.91 in /opt/sw/spack/apps/linux-rhel8-x86_64/gcc-10.3.0/python-3.10.1-qb/lib/python3.10/site-packages (from torch>=1.4.0->accelerate->-r requirementsmlSum.txt (line 6)) (11.7.4.91)
Requirement already satisfied: nvidia-nccl-cu11==2.14.3 in /opt/sw/spack/apps/linux-rhel8-x86_64/gcc-10.3.0/python-3.10.1-qb/lib/python3.10/site-packages (from torch>=1.4.0->accelerate->-r requirementsmlSum.txt (line 6)) (2.14.3)
Requirement already satisfied: nvidia-nvtx-cu11==11.7.91 in /opt/sw/spack/apps/linux-rhel8-x86_64/gcc-10.3.0/python-3.10.1-qb/lib/python3.10/site-packages (from torch>=1.4.0->accelerate->-r requirementsmlSum.txt (line 6)) (11.7.91)
Requirement already satisfied: triton==2.0.0 in /opt/sw/spack/apps/linux-rhel8-x86_64/gcc-10.3.0/python-3.10.1-qb/lib/python3.10/site-packages (from torch>=1.4.0->accelerate->-r requirementsmlSum.txt (line 6)) (2.0.0)
Requirement already satisfied: cmake in /opt/sw/spack/apps/linux-rhel8-x86_64/gcc-10.3.0/python-3.10.1-qb/lib/python3.10/site-packages (from triton==2.0.0->torch>=1.4.0->accelerate->-r requirementsmlSum.txt (line 6)) (3.26.3)
Requirement already satisfied: lit in /opt/sw/spack/apps/linux-rhel8-x86_64/gcc-10.3.0/python-3.10.1-qb/lib/python3.10/site-packages (from triton==2.0.0->torch>=1.4.0->accelerate->-r requirementsmlSum.txt (line 6)) (16.0.2)
Requirement already satisfied: MarkupSafe>=2.1.1 in /opt/sw/spack/apps/linux-rhel8-x86_64/gcc-10.3.0/python-3.10.1-qb/lib/python3.10/site-packages (from werkzeug>=1.0.1->tensorboard->-r requirementsmlSum.txt (line 7)) (2.1.2)
Requirement already satisfied: python-dateutil>=2.8.2 in /opt/sw/spack/apps/linux-rhel8-x86_64/gcc-10.3.0/python-3.10.1-qb/lib/python3.10/site-packages (from pandas->datasets==2.12.0->-r requirementsmlSum.txt (line 2)) (2.8.2)
Requirement already satisfied: pytz>=2020.1 in /opt/sw/spack/apps/linux-rhel8-x86_64/gcc-10.3.0/python-3.10.1-qb/lib/python3.10/site-packages (from pandas->datasets==2.12.0->-r requirementsmlSum.txt (line 2)) (2023.3)
Requirement already satisfied: tzdata>=2022.1 in /opt/sw/spack/apps/linux-rhel8-x86_64/gcc-10.3.0/python-3.10.1-qb/lib/python3.10/site-packages (from pandas->datasets==2.12.0->-r requirementsmlSum.txt (line 2)) (2023.3)
Requirement already satisfied: smmap<6,>=3.0.1 in /home/sshukla7/.local/lib/python3.10/site-packages (from gitdb<5,>=4.0.1->GitPython!=3.1.29,>=1.0.0->wandb->-r requirementsmlSum.txt (line 4)) (5.0.0)
Requirement already satisfied: pyasn1<0.6.0,>=0.4.6 in /opt/sw/spack/apps/linux-rhel8-x86_64/gcc-10.3.0/python-3.10.1-qb/lib/python3.10/site-packages (from pyasn1-modules>=0.2.1->google-auth<3,>=1.6.3->tensorboard->-r requirementsmlSum.txt (line 7)) (0.5.0)
Requirement already satisfied: oauthlib>=3.0.0 in /opt/sw/spack/apps/linux-rhel8-x86_64/gcc-10.3.0/python-3.10.1-qb/lib/python3.10/site-packages (from requests-oauthlib>=0.7.0->google-auth-oauthlib<1.1,>=0.5->tensorboard->-r requirementsmlSum.txt (line 7)) (3.2.2)
Requirement already satisfied: mpmath>=0.19 in /opt/sw/spack/apps/linux-rhel8-x86_64/gcc-10.3.0/python-3.10.1-qb/lib/python3.10/site-packages (from sympy->torch>=1.4.0->accelerate->-r requirementsmlSum.txt (line 6)) (1.3.0)
05/06/2023 08:39:35 - INFO - __main__ -   Distributed environment: NO
Num processes: 1
Process index: 0
Local process index: 0
Device: cuda

Mixed precision type: no

05/06/2023 08:39:35 - WARNING - __main__ -   Namespace(dataset_name='mlsum', dataset_config_name='de', train_file=None, validation_file=None, ignore_pad_token_for_loss=True, max_source_length=1024, source_prefix=None, preprocessing_num_workers=None, overwrite_cache=None, max_target_length=128, val_max_target_length=None, pad_to_max_length=False, model_name_or_path='Shahm/bart-german', config_name=None, tokenizer_name=None, text_column=None, summary_column=None, use_slow_tokenizer=False, per_device_train_batch_size=6, per_device_eval_batch_size=4, learning_rate=5e-05, weight_decay=0.0, num_train_epochs=5, max_train_steps=None, gradient_accumulation_steps=2, lr_scheduler_type=<SchedulerType.LINEAR: 'linear'>, warmup_ratio=0.05, output_dir='./output_mlsum/8_8_6_6_5_5e-05_fp16', seed=42, model_type=None, teacher_model='Shahm/bart-german', student_model='Shahm/bart-german', pred_distill=True, intermediate_distill=True, weight_bits=8, input_bits=8, clip_val=2.5, length_penalty=1.0, max_length=160, min_length=64, num_beams=6, do_train=True, do_test=True, test_teacher=False, distill_encoder=6, distill_decoder=6, log_steps=20, local_rank=0, weighted=False, new_distill_map=False, task_weight=1, logits_weight=1, hid_weight=1)
Downloading and preparing dataset mlsum/de to /home/sshukla7/.cache/huggingface/datasets/mlsum/de/1.0.0/1b2d4e3020a63e9423caeccd38a04b02b7472d5694a33f4b2ae5b09e11e1f4cb...
Dataset mlsum downloaded and prepared to /home/sshukla7/.cache/huggingface/datasets/mlsum/de/1.0.0/1b2d4e3020a63e9423caeccd38a04b02b7472d5694a33f4b2ae5b09e11e1f4cb. Subsequent calls will reuse this data.
init quantize emb
datasets size, train: 220887, validate: 11394, test: 10701
05/06/2023 08:41:37 - INFO - __main__ -   Sample 167621 of the training set: {'input_ids': [0, 1121, 7247, 4468, 1848, 4342, 7805, 405, 9306, 579, 1725, 988, 6987, 462, 397, 6852, 5527, 677, 12, 846, 11249, 459, 1725, 524, 4969, 3999, 1073, 11, 1935, 3848, 25937, 1334, 4125, 4182, 22494, 11186, 4, 1811, 261, 291, 3635, 19995, 2292, 1561, 1334, 1368, 21739, 939, 10245, 295, 5398, 295, 710, 18404, 225, 5473, 298, 3671, 9713, 6, 1597, 15475, 295, 5398, 4356, 4833, 783, 821, 2753, 293, 225, 885, 9475, 6, 1076, 29, 1935, 7131, 405, 1561, 282, 2694, 263, 1182, 3866, 2457, 2505, 12, 347, 658, 12, 16215, 7042, 28, 118, 1935, 15428, 611, 11527, 7804, 1397, 225, 7946, 1090, 330, 261, 506, 8663, 329, 1597, 15191, 611, 3707, 225, 24212, 2694, 21116, 225, 8494, 8299, 449, 3961, 8539, 2399, 3988, 859, 4, 83, 4272, 3069, 364, 28207, 5895, 2457, 1614, 5224, 26511, 3988, 859, 1597, 229, 3961, 967, 11, 329, 605, 4473, 2457, 10, 2951, 12698, 1694, 4138, 3335, 241, 5398, 4, 22, 45081, 3335, 385, 281, 885, 10126, 9182, 821, 293, 1073, 90, 1297, 24275, 859, 1935, 14731, 2911, 415, 19831, 9994, 19494, 15111, 119, 7160, 35, 22, 34788, 21116, 225, 16, 90, 885, 324, 364, 179, 5527, 677, 1917, 381, 700, 3335, 579, 1725, 385, 1222, 257, 952, 10470, 257, 7804, 3281, 449, 20905, 858, 6, 475, 2768, 29, 1090, 3335, 952, 4394, 1943, 1597, 29199, 4308, 225, 24212, 364, 833, 234, 11629, 8447, 462, 2001, 225, 6, 449, 2768, 1187, 1023, 859, 15111, 119, 7160, 41, 4, 7065, 821, 873, 364, 179, 6044, 271, 4594, 16291, 1561, 338, 1545, 29, 1253, 1561, 90, 2158, 1236, 9401, 2629, 2694, 5527, 6629, 6, 10, 2951, 1597, 579, 1725, 22626, 364, 179, 8554, 449, 261, 3999, 225, 6, 295, 1488, 12789, 8524, 242, 992, 3252, 459, 1725, 31550, 3671, 90, 7876, 1076, 29, 10, 4272, 952, 4394, 1943, 5079, 2871, 1187, 242, 112, 35, 306, 12, 487, 2550, 254, 462, 1580, 2694, 263, 1182, 3866, 2457, 2505, 12, 347, 658, 12, 16215, 7042, 821, 3733, 225, 1597, 49467, 890, 8447, 459, 8797, 2816, 12138, 571, 17225, 11892, 29, 7794, 2543, 19333, 8490, 4, 22, 14696, 5039, 3722, 113, 842, 118, 364, 5720, 70, 293, 821, 2753, 293, 225, 6, 17929, 859, 12830, 7794, 525, 12081, 705, 6, 1132, 4, 17023, 428, 2552, 179, 11124, 428, 11084, 241, 295, 1488, 842, 10748, 905, 329, 3869, 381, 1344, 15586, 997, 3335, 7540, 2711, 992, 710, 2768, 2420, 1899, 1071, 5039, 90, 2432, 3988, 859, 385, 2279, 41, 1935, 1608, 1459, 842, 3141, 992, 14897, 282, 11084, 241, 1236, 2768, 282, 1899, 2558, 2265, 38953, 4837, 385, 281, 3335, 6526, 17981, 611, 605, 4742, 5016, 30165, 1935, 263, 1182, 3866, 2457, 2505, 12, 347, 658, 12, 534, 293, 611, 1725, 859, 11, 856, 2768, 282, 506, 208, 1561, 90, 7889, 4342, 462, 15904, 35, 22, 100, 611, 2489, 1610, 295, 324, 885, 10126, 9182, 1597, 10318, 700, 821, 4550, 3194, 225, 4, 7065, 3988, 4356, 2089, 364, 833, 234, 8649, 30642, 1561, 90, 5473, 1899, 5720, 6, 1597, 1437, 1725, 295, 324, 4091, 4308, 225, 449, 261, 3999, 242, 72, 83, 4272, 6987, 462, 4621, 3988, 859, 364, 11072, 44016, 225, 22, 500, 918, 15477, 37356, 113, 7252, 1597, 525, 12081, 15597, 885, 895, 338, 4138, 8615, 225, 4, 211, 2401, 1597, 2265, 2768, 3624, 6286, 11491, 7804, 254, 660, 4182, 2279, 1545, 11, 385, 281, 9018, 821, 3733, 1097, 225, 842, 2495, 6, 842, 118, 295, 1488, 705, 3937, 14807, 298, 4901, 4, 525, 783, 8, 8663, 885, 9475, 579, 1725, 22626, 364, 179, 1023, 6, 385, 2401, 1935, 34132, 906, 2206, 211, 9636, 354, 6, 234, 22539, 5169, 1935, 305, 6607, 6, 295, 5398, 748, 5255, 741, 3361, 254, 14731, 2292, 5255, 225, 449, 2279, 6, 1076, 29, 3335, 2714, 524, 305, 1975, 2457, 14537, 326, 415, 4, 12663, 842, 5101, 542, 2696, 13212, 15418, 225, 248, 2768, 2420, 4539, 2432, 163, 1561, 890, 225, 6, 1597, 10, 2951, 1935, 272, 3733, 9401, 1459, 1769, 6105, 4138, 3089, 324, 5720, 6, 3988, 859, 211, 9636, 354, 3335, 620, 25955, 6987, 6634, 611, 241, 9760, 5473, 1561, 17865, 2399, 111, 2432, 992, 21225, 255, 1580, 2292, 1561, 1334, 3069, 1437, 4189, 2871, 808, 1397, 225, 29780, 90, 992, 783, 155, 35, 134, 821, 3733, 225, 4837, 525, 12081, 705, 3335, 330, 1561, 6195, 2543, 4, 211, 9636, 354, 2489, 1610, 22, 1694, 405, 952, 4394, 1943, 842, 11072, 3060, 298, 1561, 7984, 282, 3006, 225, 821, 21359, 118, 6607, 1297, 856, 463, 6987, 462, 4621, 4, 22, 21976, 3988, 842, 5039, 8731, 821, 21359, 118, 6607, 6, 939, 13492, 6105, 19377, 1935, 3037, 15586, 741, 3361, 254, 1297, 17929, 859, 525, 12081, 705, 4, 19531, 6168, 11527, 19377, 4356, 2505, 968, 1597, 305, 9791, 2694, 4231, 3443, 4410, 20691, 1899, 1943, 4, 208, 3937, 859, 1935, 3037, 15586, 67, 885, 10126, 9182, 211, 9636, 354, 741, 3361, 254, 821, 4550, 1250, 225, 2489, 5720, 1076, 29, 525, 12081, 705, 6, 385, 2279, 475, 4781, 748, 368, 1843, 10209, 571, 1397, 594, 7325, 8447, 14134, 24612, 1180, 22132, 842, 179, 4, 22, 31535, 6, 385, 281, 385, 21377, 98, 295, 5398, 162, 5039, 1323, 324, 2558, 1297, 17929, 90, 1935, 29950, 2462, 338, 1561, 29, 8009, 4594, 2489, 1610, 364, 11072, 22, 32373, 33243, 225, 4231, 1073, 6286, 9379, 9506, 23709, 4862, 1545, 113, 275, 1641, 90, 6, 17929, 859, 6987, 462, 4621, 4, 23493, 14134, 2399, 2136, 225, 842, 118, 784, 4255, 160, 1210, 324, 12853, 15212, 1545, 1935, 3779, 597, 364, 179, 21116, 225, 6286, 1935, 381, 1023, 1290, 7794, 2543, 22, 37661, 1769, 113, 111, 67, 364, 179, 475, 2582, 2507, 13212, 15098, 6286, 2342, 1043, 10859, 119, 23709, 4862, 1545, 4, 381, 179, 2342, 8365, 23709, 4862, 1545, 885, 5172, 2794, 211, 9636, 354, 108, 14223, 858, 11040, 449, 22317, 2428, 1397, 225, 163, 1561, 462, 459, 1769, 992, 783, 4594, 11527, 4138, 836, 225, 4, 14111, 385, 2279, 6105, 7804, 6987, 462, 4621, 842, 179, 11, 1935, 17734, 28, 2089, 34400, 605, 2399, 293, 449, 27377, 17661, 5559, 19600, 1725, 10892, 24665, 4138, 35, 22, 771, 4734, 17023, 4356, 11561, 364, 179, 3089, 1182, 1023, 293, 2], 'attention_mask': [1, 1, 1, 1, 1, 1, 1, 1, 1, 1, 1, 1, 1, 1, 1, 1, 1, 1, 1, 1, 1, 1, 1, 1, 1, 1, 1, 1, 1, 1, 1, 1, 1, 1, 1, 1, 1, 1, 1, 1, 1, 1, 1, 1, 1, 1, 1, 1, 1, 1, 1, 1, 1, 1, 1, 1, 1, 1, 1, 1, 1, 1, 1, 1, 1, 1, 1, 1, 1, 1, 1, 1, 1, 1, 1, 1, 1, 1, 1, 1, 1, 1, 1, 1, 1, 1, 1, 1, 1, 1, 1, 1, 1, 1, 1, 1, 1, 1, 1, 1, 1, 1, 1, 1, 1, 1, 1, 1, 1, 1, 1, 1, 1, 1, 1, 1, 1, 1, 1, 1, 1, 1, 1, 1, 1, 1, 1, 1, 1, 1, 1, 1, 1, 1, 1, 1, 1, 1, 1, 1, 1, 1, 1, 1, 1, 1, 1, 1, 1, 1, 1, 1, 1, 1, 1, 1, 1, 1, 1, 1, 1, 1, 1, 1, 1, 1, 1, 1, 1, 1, 1, 1, 1, 1, 1, 1, 1, 1, 1, 1, 1, 1, 1, 1, 1, 1, 1, 1, 1, 1, 1, 1, 1, 1, 1, 1, 1, 1, 1, 1, 1, 1, 1, 1, 1, 1, 1, 1, 1, 1, 1, 1, 1, 1, 1, 1, 1, 1, 1, 1, 1, 1, 1, 1, 1, 1, 1, 1, 1, 1, 1, 1, 1, 1, 1, 1, 1, 1, 1, 1, 1, 1, 1, 1, 1, 1, 1, 1, 1, 1, 1, 1, 1, 1, 1, 1, 1, 1, 1, 1, 1, 1, 1, 1, 1, 1, 1, 1, 1, 1, 1, 1, 1, 1, 1, 1, 1, 1, 1, 1, 1, 1, 1, 1, 1, 1, 1, 1, 1, 1, 1, 1, 1, 1, 1, 1, 1, 1, 1, 1, 1, 1, 1, 1, 1, 1, 1, 1, 1, 1, 1, 1, 1, 1, 1, 1, 1, 1, 1, 1, 1, 1, 1, 1, 1, 1, 1, 1, 1, 1, 1, 1, 1, 1, 1, 1, 1, 1, 1, 1, 1, 1, 1, 1, 1, 1, 1, 1, 1, 1, 1, 1, 1, 1, 1, 1, 1, 1, 1, 1, 1, 1, 1, 1, 1, 1, 1, 1, 1, 1, 1, 1, 1, 1, 1, 1, 1, 1, 1, 1, 1, 1, 1, 1, 1, 1, 1, 1, 1, 1, 1, 1, 1, 1, 1, 1, 1, 1, 1, 1, 1, 1, 1, 1, 1, 1, 1, 1, 1, 1, 1, 1, 1, 1, 1, 1, 1, 1, 1, 1, 1, 1, 1, 1, 1, 1, 1, 1, 1, 1, 1, 1, 1, 1, 1, 1, 1, 1, 1, 1, 1, 1, 1, 1, 1, 1, 1, 1, 1, 1, 1, 1, 1, 1, 1, 1, 1, 1, 1, 1, 1, 1, 1, 1, 1, 1, 1, 1, 1, 1, 1, 1, 1, 1, 1, 1, 1, 1, 1, 1, 1, 1, 1, 1, 1, 1, 1, 1, 1, 1, 1, 1, 1, 1, 1, 1, 1, 1, 1, 1, 1, 1, 1, 1, 1, 1, 1, 1, 1, 1, 1, 1, 1, 1, 1, 1, 1, 1, 1, 1, 1, 1, 1, 1, 1, 1, 1, 1, 1, 1, 1, 1, 1, 1, 1, 1, 1, 1, 1, 1, 1, 1, 1, 1, 1, 1, 1, 1, 1, 1, 1, 1, 1, 1, 1, 1, 1, 1, 1, 1, 1, 1, 1, 1, 1, 1, 1, 1, 1, 1, 1, 1, 1, 1, 1, 1, 1, 1, 1, 1, 1, 1, 1, 1, 1, 1, 1, 1, 1, 1, 1, 1, 1, 1, 1, 1, 1, 1, 1, 1, 1, 1, 1, 1, 1, 1, 1, 1, 1, 1, 1, 1, 1, 1, 1, 1, 1, 1, 1, 1, 1, 1, 1, 1, 1, 1, 1, 1, 1, 1, 1, 1, 1, 1, 1, 1, 1, 1, 1, 1, 1, 1, 1, 1, 1, 1, 1, 1, 1, 1, 1, 1, 1, 1, 1, 1, 1, 1, 1, 1, 1, 1, 1, 1, 1, 1, 1, 1, 1, 1, 1, 1, 1, 1, 1, 1, 1, 1, 1, 1, 1, 1, 1, 1, 1, 1, 1, 1, 1, 1, 1, 1, 1, 1, 1, 1, 1, 1, 1, 1, 1, 1, 1, 1, 1, 1, 1, 1, 1, 1, 1, 1, 1, 1, 1, 1, 1, 1, 1, 1, 1, 1, 1, 1, 1, 1, 1, 1, 1, 1, 1, 1, 1, 1, 1, 1, 1, 1, 1, 1, 1, 1, 1, 1, 1, 1, 1, 1, 1, 1, 1, 1, 1, 1, 1, 1, 1, 1, 1, 1, 1, 1, 1, 1, 1, 1, 1, 1, 1, 1, 1, 1, 1, 1, 1, 1, 1, 1, 1, 1, 1, 1, 1, 1, 1, 1, 1, 1, 1, 1, 1, 1, 1, 1, 1, 1, 1, 1, 1, 1, 1, 1, 1, 1, 1, 1, 1, 1, 1, 1, 1, 1, 1, 1, 1, 1, 1, 1, 1, 1, 1, 1, 1, 1, 1, 1, 1, 1, 1, 1, 1, 1, 1, 1, 1, 1, 1, 1, 1, 1, 1, 1, 1, 1, 1, 1, 1, 1, 1, 1, 1, 1, 1, 1, 1, 1, 1, 1, 1, 1, 1, 1, 1, 1, 1, 1, 1, 1, 1, 1, 1, 1, 1, 1, 1, 1, 1, 1, 1, 1, 1, 1, 1, 1, 1, 1, 1, 1, 1, 1, 1, 1, 1, 1, 1, 1, 1, 1, 1, 1, 1, 1, 1, 1, 1, 1, 1, 1, 1, 1, 1, 1, 1, 1, 1, 1, 1, 1, 1, 1, 1, 1, 1, 1, 1, 1, 1, 1, 1, 1, 1, 1, 1, 1, 1, 1, 1, 1, 1, 1, 1, 1, 1, 1, 1, 1, 1, 1, 1, 1, 1, 1, 1, 1, 1, 1, 1, 1, 1, 1, 1, 1, 1, 1, 1, 1, 1, 1, 1, 1, 1, 1, 1, 1, 1, 1, 1, 1, 1, 1, 1, 1, 1, 1, 1, 1, 1, 1, 1, 1, 1, 1, 1, 1, 1, 1, 1, 1, 1, 1, 1, 1, 1, 1, 1, 1, 1, 1, 1, 1, 1, 1, 1, 1, 1, 1, 1, 1, 1, 1, 1, 1, 1, 1], 'labels': [0, 495, 281, 263, 35816, 2505, 12, 347, 658, 12, 20158, 56, 2399, 6286, 1935, 952, 4394, 1943, 5079, 2871, 1187, 225, 234, 2550, 254, 462, 1580, 821, 3733, 225, 34132, 2495, 2432, 465, 594, 364, 11072, 13151, 1187, 35, 6113, 4231, 1073, 842, 118, 295, 5398, 98, 821, 2753, 293, 225, 885, 324, 275, 1641, 90, 111, 1935, 22682, 267, 1561, 298, 7638, 242, 211, 16566, 12, 387, 1630, 225, 462, 14134, 254, 927, 52, 5039, 90, 579, 1725, 6286, 8447, 462, 2768, 7485, 8554, 45998, 225, 4, 2]}.
Yes, cuda is available, Found device: NVIDIA A100-SXM-80GB, n_gpu: 1
05/06/2023 08:41:43 - INFO - __main__ -   ***** Running training *****
05/06/2023 08:41:43 - INFO - __main__ -     Num examples = 220887
05/06/2023 08:41:43 - INFO - __main__ -     Num Epochs = 5
05/06/2023 08:41:43 - INFO - __main__ -     Instantaneous batch size per device = 6
05/06/2023 08:41:43 - INFO - __main__ -     Total train batch size (w. parallel, distributed & accumulation) = 12
05/06/2023 08:41:43 - INFO - __main__ -     Gradient Accumulation steps = 2
05/06/2023 08:41:43 - INFO - __main__ -     Total optimization steps = 92040
05/06/2023 08:41:43 - INFO - __main__ -     student encoder layers = 6
05/06/2023 08:41:43 - INFO - __main__ -     student decoder layers = 6
05/06/2023 08:41:43 - INFO - __main__ -     student encoder layers [0, 1, 2, 3, 4, 5] is mapped with teacher encoder layers [0, 1, 2, 3, 4, 5]
05/06/2023 08:41:43 - INFO - __main__ -     student decoder layers [0, 1, 2, 3, 4, 5] is mapped with teacher decoder layers [0, 1, 2, 3, 4, 5]
05/06/2023 19:11:44 - INFO - __main__ -   evaluation result: {'eval/rouge1': 40.4114, 'eval/rouge2': 29.3689, 'eval/rougeL': 36.2174, 'eval/rougeLsum': 38.2353} 
