Defaulting to user installation because normal site-packages is not writeable
Requirement already satisfied: pip in /home/bantiya/.local/lib/python3.10/site-packages (23.1.2)
Defaulting to user installation because normal site-packages is not writeable
Requirement already satisfied: transformers==4.17.0 in /home/bantiya/.local/lib/python3.10/site-packages (from -r requirements.txt (line 1)) (4.17.0)
Requirement already satisfied: datasets==2.11.0 in /home/bantiya/.local/lib/python3.10/site-packages (from -r requirements.txt (line 2)) (2.11.0)
Requirement already satisfied: sacrebleu==2.0 in /home/bantiya/.local/lib/python3.10/site-packages (from -r requirements.txt (line 3)) (2.0.0)
Requirement already satisfied: wandb in /home/bantiya/.local/lib/python3.10/site-packages (from -r requirements.txt (line 4)) (0.15.0)
Requirement already satisfied: nltk in /home/bantiya/.local/lib/python3.10/site-packages (from -r requirements.txt (line 5)) (3.8.1)
Requirement already satisfied: accelerate==0.18.0 in /home/bantiya/.local/lib/python3.10/site-packages (from -r requirements.txt (line 6)) (0.18.0)
Requirement already satisfied: tensorboard in /opt/sw/spack/apps/linux-rhel8-x86_64/gcc-10.3.0/python-3.10.1-qb/lib/python3.10/site-packages (from -r requirements.txt (line 7)) (2.12.2)
Requirement already satisfied: setuptools in /home/bantiya/.local/lib/python3.10/site-packages (from -r requirements.txt (line 8)) (49.6.0)
Requirement already satisfied: rouge_score in /home/bantiya/.local/lib/python3.10/site-packages (from -r requirements.txt (line 9)) (0.1.2)
Requirement already satisfied: sentencepiece in /home/bantiya/.local/lib/python3.10/site-packages (from -r requirements.txt (line 10)) (0.1.99)
Requirement already satisfied: filelock in /opt/sw/spack/apps/linux-rhel8-x86_64/gcc-10.3.0/python-3.10.1-qb/lib/python3.10/site-packages (from transformers==4.17.0->-r requirements.txt (line 1)) (3.12.0)
Requirement already satisfied: huggingface-hub<1.0,>=0.1.0 in /home/bantiya/.local/lib/python3.10/site-packages (from transformers==4.17.0->-r requirements.txt (line 1)) (0.14.1)
Requirement already satisfied: numpy>=1.17 in /opt/sw/spack/apps/linux-rhel8-x86_64/gcc-10.3.0/python-3.10.1-qb/lib/python3.10/site-packages (from transformers==4.17.0->-r requirements.txt (line 1)) (1.23.5)
Requirement already satisfied: packaging>=20.0 in /opt/sw/spack/apps/linux-rhel8-x86_64/gcc-10.3.0/python-3.10.1-qb/lib/python3.10/site-packages (from transformers==4.17.0->-r requirements.txt (line 1)) (23.1)
Requirement already satisfied: pyyaml>=5.1 in /home/bantiya/.local/lib/python3.10/site-packages (from transformers==4.17.0->-r requirements.txt (line 1)) (6.0)
Requirement already satisfied: regex!=2019.12.17 in /home/bantiya/.local/lib/python3.10/site-packages (from transformers==4.17.0->-r requirements.txt (line 1)) (2023.3.23)
Requirement already satisfied: requests in /opt/sw/spack/apps/linux-rhel8-x86_64/gcc-10.3.0/python-3.10.1-qb/lib/python3.10/site-packages (from transformers==4.17.0->-r requirements.txt (line 1)) (2.28.2)
Requirement already satisfied: sacremoses in /home/bantiya/.local/lib/python3.10/site-packages (from transformers==4.17.0->-r requirements.txt (line 1)) (0.0.53)
Requirement already satisfied: tokenizers!=0.11.3,>=0.11.1 in /home/bantiya/.local/lib/python3.10/site-packages (from transformers==4.17.0->-r requirements.txt (line 1)) (0.13.3)
Requirement already satisfied: tqdm>=4.27 in /home/bantiya/.local/lib/python3.10/site-packages (from transformers==4.17.0->-r requirements.txt (line 1)) (4.65.0)
Requirement already satisfied: pyarrow>=8.0.0 in /home/bantiya/.local/lib/python3.10/site-packages (from datasets==2.11.0->-r requirements.txt (line 2)) (11.0.0)
Requirement already satisfied: dill<0.3.7,>=0.3.0 in /home/bantiya/.local/lib/python3.10/site-packages (from datasets==2.11.0->-r requirements.txt (line 2)) (0.3.6)
Requirement already satisfied: pandas in /opt/sw/spack/apps/linux-rhel8-x86_64/gcc-10.3.0/python-3.10.1-qb/lib/python3.10/site-packages (from datasets==2.11.0->-r requirements.txt (line 2)) (2.0.1)
Requirement already satisfied: xxhash in /home/bantiya/.local/lib/python3.10/site-packages (from datasets==2.11.0->-r requirements.txt (line 2)) (3.2.0)
Requirement already satisfied: multiprocess in /home/bantiya/.local/lib/python3.10/site-packages (from datasets==2.11.0->-r requirements.txt (line 2)) (0.70.14)
Requirement already satisfied: fsspec[http]>=2021.11.1 in /home/bantiya/.local/lib/python3.10/site-packages (from datasets==2.11.0->-r requirements.txt (line 2)) (2023.4.0)
Requirement already satisfied: aiohttp in /home/bantiya/.local/lib/python3.10/site-packages (from datasets==2.11.0->-r requirements.txt (line 2)) (3.8.4)
Requirement already satisfied: responses<0.19 in /home/bantiya/.local/lib/python3.10/site-packages (from datasets==2.11.0->-r requirements.txt (line 2)) (0.18.0)
Requirement already satisfied: portalocker in /home/bantiya/.local/lib/python3.10/site-packages (from sacrebleu==2.0->-r requirements.txt (line 3)) (2.7.0)
Requirement already satisfied: tabulate>=0.8.9 in /home/bantiya/.local/lib/python3.10/site-packages (from sacrebleu==2.0->-r requirements.txt (line 3)) (0.9.0)
Requirement already satisfied: colorama in /home/bantiya/.local/lib/python3.10/site-packages (from sacrebleu==2.0->-r requirements.txt (line 3)) (0.4.6)
Requirement already satisfied: psutil in /opt/sw/spack/apps/linux-rhel8-x86_64/gcc-10.3.0/python-3.10.1-qb/lib/python3.10/site-packages (from accelerate==0.18.0->-r requirements.txt (line 6)) (5.9.5)
Requirement already satisfied: torch>=1.4.0 in /opt/sw/spack/apps/linux-rhel8-x86_64/gcc-10.3.0/python-3.10.1-qb/lib/python3.10/site-packages (from accelerate==0.18.0->-r requirements.txt (line 6)) (2.0.0)
Requirement already satisfied: Click!=8.0.0,>=7.0 in /home/bantiya/.local/lib/python3.10/site-packages (from wandb->-r requirements.txt (line 4)) (8.1.3)
Requirement already satisfied: GitPython!=3.1.29,>=1.0.0 in /home/bantiya/.local/lib/python3.10/site-packages (from wandb->-r requirements.txt (line 4)) (3.1.31)
Requirement already satisfied: sentry-sdk>=1.0.0 in /home/bantiya/.local/lib/python3.10/site-packages (from wandb->-r requirements.txt (line 4)) (1.21.1)
Requirement already satisfied: docker-pycreds>=0.4.0 in /home/bantiya/.local/lib/python3.10/site-packages (from wandb->-r requirements.txt (line 4)) (0.4.0)
Requirement already satisfied: pathtools in /home/bantiya/.local/lib/python3.10/site-packages (from wandb->-r requirements.txt (line 4)) (0.1.2)
Requirement already satisfied: setproctitle in /home/bantiya/.local/lib/python3.10/site-packages (from wandb->-r requirements.txt (line 4)) (1.3.2)
Requirement already satisfied: appdirs>=1.4.3 in /home/bantiya/.local/lib/python3.10/site-packages (from wandb->-r requirements.txt (line 4)) (1.4.4)
Requirement already satisfied: protobuf!=4.21.0,<5,>=3.19.0 in /opt/sw/spack/apps/linux-rhel8-x86_64/gcc-10.3.0/python-3.10.1-qb/lib/python3.10/site-packages (from wandb->-r requirements.txt (line 4)) (4.22.3)
Requirement already satisfied: joblib in /opt/sw/spack/apps/linux-rhel8-x86_64/gcc-10.3.0/python-3.10.1-qb/lib/python3.10/site-packages (from nltk->-r requirements.txt (line 5)) (1.2.0)
Requirement already satisfied: absl-py>=0.4 in /opt/sw/spack/apps/linux-rhel8-x86_64/gcc-10.3.0/python-3.10.1-qb/lib/python3.10/site-packages (from tensorboard->-r requirements.txt (line 7)) (1.4.0)
Requirement already satisfied: grpcio>=1.48.2 in /opt/sw/spack/apps/linux-rhel8-x86_64/gcc-10.3.0/python-3.10.1-qb/lib/python3.10/site-packages (from tensorboard->-r requirements.txt (line 7)) (1.54.0)
Requirement already satisfied: google-auth<3,>=1.6.3 in /opt/sw/spack/apps/linux-rhel8-x86_64/gcc-10.3.0/python-3.10.1-qb/lib/python3.10/site-packages (from tensorboard->-r requirements.txt (line 7)) (2.17.3)
Requirement already satisfied: google-auth-oauthlib<1.1,>=0.5 in /opt/sw/spack/apps/linux-rhel8-x86_64/gcc-10.3.0/python-3.10.1-qb/lib/python3.10/site-packages (from tensorboard->-r requirements.txt (line 7)) (1.0.0)
Requirement already satisfied: markdown>=2.6.8 in /opt/sw/spack/apps/linux-rhel8-x86_64/gcc-10.3.0/python-3.10.1-qb/lib/python3.10/site-packages (from tensorboard->-r requirements.txt (line 7)) (3.4.3)
Requirement already satisfied: tensorboard-data-server<0.8.0,>=0.7.0 in /opt/sw/spack/apps/linux-rhel8-x86_64/gcc-10.3.0/python-3.10.1-qb/lib/python3.10/site-packages (from tensorboard->-r requirements.txt (line 7)) (0.7.0)
Requirement already satisfied: tensorboard-plugin-wit>=1.6.0 in /opt/sw/spack/apps/linux-rhel8-x86_64/gcc-10.3.0/python-3.10.1-qb/lib/python3.10/site-packages (from tensorboard->-r requirements.txt (line 7)) (1.8.1)
Requirement already satisfied: werkzeug>=1.0.1 in /opt/sw/spack/apps/linux-rhel8-x86_64/gcc-10.3.0/python-3.10.1-qb/lib/python3.10/site-packages (from tensorboard->-r requirements.txt (line 7)) (2.2.3)
Requirement already satisfied: wheel>=0.26 in /opt/sw/spack/apps/linux-rhel8-x86_64/gcc-10.3.0/python-3.10.1-qb/lib/python3.10/site-packages (from tensorboard->-r requirements.txt (line 7)) (0.40.0)
Requirement already satisfied: six>=1.14.0 in /opt/sw/spack/apps/linux-rhel8-x86_64/gcc-10.3.0/python-3.10.1-qb/lib/python3.10/site-packages (from rouge_score->-r requirements.txt (line 9)) (1.16.0)
Requirement already satisfied: attrs>=17.3.0 in /home/bantiya/.local/lib/python3.10/site-packages (from aiohttp->datasets==2.11.0->-r requirements.txt (line 2)) (23.1.0)
Requirement already satisfied: charset-normalizer<4.0,>=2.0 in /opt/sw/spack/apps/linux-rhel8-x86_64/gcc-10.3.0/python-3.10.1-qb/lib/python3.10/site-packages (from aiohttp->datasets==2.11.0->-r requirements.txt (line 2)) (3.1.0)
Requirement already satisfied: multidict<7.0,>=4.5 in /home/bantiya/.local/lib/python3.10/site-packages (from aiohttp->datasets==2.11.0->-r requirements.txt (line 2)) (6.0.4)
Requirement already satisfied: async-timeout<5.0,>=4.0.0a3 in /home/bantiya/.local/lib/python3.10/site-packages (from aiohttp->datasets==2.11.0->-r requirements.txt (line 2)) (4.0.2)
Requirement already satisfied: yarl<2.0,>=1.0 in /home/bantiya/.local/lib/python3.10/site-packages (from aiohttp->datasets==2.11.0->-r requirements.txt (line 2)) (1.9.2)
Requirement already satisfied: frozenlist>=1.1.1 in /home/bantiya/.local/lib/python3.10/site-packages (from aiohttp->datasets==2.11.0->-r requirements.txt (line 2)) (1.3.3)
Requirement already satisfied: aiosignal>=1.1.2 in /home/bantiya/.local/lib/python3.10/site-packages (from aiohttp->datasets==2.11.0->-r requirements.txt (line 2)) (1.3.1)
Requirement already satisfied: gitdb<5,>=4.0.1 in /home/bantiya/.local/lib/python3.10/site-packages (from GitPython!=3.1.29,>=1.0.0->wandb->-r requirements.txt (line 4)) (4.0.10)
Requirement already satisfied: cachetools<6.0,>=2.0.0 in /opt/sw/spack/apps/linux-rhel8-x86_64/gcc-10.3.0/python-3.10.1-qb/lib/python3.10/site-packages (from google-auth<3,>=1.6.3->tensorboard->-r requirements.txt (line 7)) (5.3.0)
Requirement already satisfied: pyasn1-modules>=0.2.1 in /opt/sw/spack/apps/linux-rhel8-x86_64/gcc-10.3.0/python-3.10.1-qb/lib/python3.10/site-packages (from google-auth<3,>=1.6.3->tensorboard->-r requirements.txt (line 7)) (0.3.0)
Requirement already satisfied: rsa<5,>=3.1.4 in /opt/sw/spack/apps/linux-rhel8-x86_64/gcc-10.3.0/python-3.10.1-qb/lib/python3.10/site-packages (from google-auth<3,>=1.6.3->tensorboard->-r requirements.txt (line 7)) (4.9)
Requirement already satisfied: requests-oauthlib>=0.7.0 in /opt/sw/spack/apps/linux-rhel8-x86_64/gcc-10.3.0/python-3.10.1-qb/lib/python3.10/site-packages (from google-auth-oauthlib<1.1,>=0.5->tensorboard->-r requirements.txt (line 7)) (1.3.1)
Requirement already satisfied: typing-extensions>=3.7.4.3 in /opt/sw/spack/apps/linux-rhel8-x86_64/gcc-10.3.0/python-3.10.1-qb/lib/python3.10/site-packages (from huggingface-hub<1.0,>=0.1.0->transformers==4.17.0->-r requirements.txt (line 1)) (4.5.0)
Requirement already satisfied: idna<4,>=2.5 in /opt/sw/spack/apps/linux-rhel8-x86_64/gcc-10.3.0/python-3.10.1-qb/lib/python3.10/site-packages (from requests->transformers==4.17.0->-r requirements.txt (line 1)) (3.4)
Requirement already satisfied: urllib3<1.27,>=1.21.1 in /opt/sw/spack/apps/linux-rhel8-x86_64/gcc-10.3.0/python-3.10.1-qb/lib/python3.10/site-packages (from requests->transformers==4.17.0->-r requirements.txt (line 1)) (1.26.15)
Requirement already satisfied: certifi>=2017.4.17 in /opt/sw/spack/apps/linux-rhel8-x86_64/gcc-10.3.0/python-3.10.1-qb/lib/python3.10/site-packages (from requests->transformers==4.17.0->-r requirements.txt (line 1)) (2022.12.7)
Requirement already satisfied: sympy in /opt/sw/spack/apps/linux-rhel8-x86_64/gcc-10.3.0/python-3.10.1-qb/lib/python3.10/site-packages (from torch>=1.4.0->accelerate==0.18.0->-r requirements.txt (line 6)) (1.11.1)
Requirement already satisfied: networkx in /opt/sw/spack/apps/linux-rhel8-x86_64/gcc-10.3.0/python-3.10.1-qb/lib/python3.10/site-packages (from torch>=1.4.0->accelerate==0.18.0->-r requirements.txt (line 6)) (3.1)
Requirement already satisfied: jinja2 in /opt/sw/spack/apps/linux-rhel8-x86_64/gcc-10.3.0/python-3.10.1-qb/lib/python3.10/site-packages (from torch>=1.4.0->accelerate==0.18.0->-r requirements.txt (line 6)) (3.1.2)
Requirement already satisfied: nvidia-cuda-nvrtc-cu11==11.7.99 in /opt/sw/spack/apps/linux-rhel8-x86_64/gcc-10.3.0/python-3.10.1-qb/lib/python3.10/site-packages (from torch>=1.4.0->accelerate==0.18.0->-r requirements.txt (line 6)) (11.7.99)
Requirement already satisfied: nvidia-cuda-runtime-cu11==11.7.99 in /opt/sw/spack/apps/linux-rhel8-x86_64/gcc-10.3.0/python-3.10.1-qb/lib/python3.10/site-packages (from torch>=1.4.0->accelerate==0.18.0->-r requirements.txt (line 6)) (11.7.99)
Requirement already satisfied: nvidia-cuda-cupti-cu11==11.7.101 in /opt/sw/spack/apps/linux-rhel8-x86_64/gcc-10.3.0/python-3.10.1-qb/lib/python3.10/site-packages (from torch>=1.4.0->accelerate==0.18.0->-r requirements.txt (line 6)) (11.7.101)
Requirement already satisfied: nvidia-cudnn-cu11==8.5.0.96 in /opt/sw/spack/apps/linux-rhel8-x86_64/gcc-10.3.0/python-3.10.1-qb/lib/python3.10/site-packages (from torch>=1.4.0->accelerate==0.18.0->-r requirements.txt (line 6)) (8.5.0.96)
Requirement already satisfied: nvidia-cublas-cu11==11.10.3.66 in /opt/sw/spack/apps/linux-rhel8-x86_64/gcc-10.3.0/python-3.10.1-qb/lib/python3.10/site-packages (from torch>=1.4.0->accelerate==0.18.0->-r requirements.txt (line 6)) (11.10.3.66)
Requirement already satisfied: nvidia-cufft-cu11==10.9.0.58 in /opt/sw/spack/apps/linux-rhel8-x86_64/gcc-10.3.0/python-3.10.1-qb/lib/python3.10/site-packages (from torch>=1.4.0->accelerate==0.18.0->-r requirements.txt (line 6)) (10.9.0.58)
Requirement already satisfied: nvidia-curand-cu11==10.2.10.91 in /opt/sw/spack/apps/linux-rhel8-x86_64/gcc-10.3.0/python-3.10.1-qb/lib/python3.10/site-packages (from torch>=1.4.0->accelerate==0.18.0->-r requirements.txt (line 6)) (10.2.10.91)
Requirement already satisfied: nvidia-cusolver-cu11==11.4.0.1 in /opt/sw/spack/apps/linux-rhel8-x86_64/gcc-10.3.0/python-3.10.1-qb/lib/python3.10/site-packages (from torch>=1.4.0->accelerate==0.18.0->-r requirements.txt (line 6)) (11.4.0.1)
Requirement already satisfied: nvidia-cusparse-cu11==11.7.4.91 in /opt/sw/spack/apps/linux-rhel8-x86_64/gcc-10.3.0/python-3.10.1-qb/lib/python3.10/site-packages (from torch>=1.4.0->accelerate==0.18.0->-r requirements.txt (line 6)) (11.7.4.91)
Requirement already satisfied: nvidia-nccl-cu11==2.14.3 in /opt/sw/spack/apps/linux-rhel8-x86_64/gcc-10.3.0/python-3.10.1-qb/lib/python3.10/site-packages (from torch>=1.4.0->accelerate==0.18.0->-r requirements.txt (line 6)) (2.14.3)
Requirement already satisfied: nvidia-nvtx-cu11==11.7.91 in /opt/sw/spack/apps/linux-rhel8-x86_64/gcc-10.3.0/python-3.10.1-qb/lib/python3.10/site-packages (from torch>=1.4.0->accelerate==0.18.0->-r requirements.txt (line 6)) (11.7.91)
Requirement already satisfied: triton==2.0.0 in /opt/sw/spack/apps/linux-rhel8-x86_64/gcc-10.3.0/python-3.10.1-qb/lib/python3.10/site-packages (from torch>=1.4.0->accelerate==0.18.0->-r requirements.txt (line 6)) (2.0.0)
Requirement already satisfied: cmake in /opt/sw/spack/apps/linux-rhel8-x86_64/gcc-10.3.0/python-3.10.1-qb/lib/python3.10/site-packages (from triton==2.0.0->torch>=1.4.0->accelerate==0.18.0->-r requirements.txt (line 6)) (3.26.3)
Requirement already satisfied: lit in /opt/sw/spack/apps/linux-rhel8-x86_64/gcc-10.3.0/python-3.10.1-qb/lib/python3.10/site-packages (from triton==2.0.0->torch>=1.4.0->accelerate==0.18.0->-r requirements.txt (line 6)) (16.0.2)
Requirement already satisfied: MarkupSafe>=2.1.1 in /opt/sw/spack/apps/linux-rhel8-x86_64/gcc-10.3.0/python-3.10.1-qb/lib/python3.10/site-packages (from werkzeug>=1.0.1->tensorboard->-r requirements.txt (line 7)) (2.1.2)
Requirement already satisfied: python-dateutil>=2.8.2 in /opt/sw/spack/apps/linux-rhel8-x86_64/gcc-10.3.0/python-3.10.1-qb/lib/python3.10/site-packages (from pandas->datasets==2.11.0->-r requirements.txt (line 2)) (2.8.2)
Requirement already satisfied: pytz>=2020.1 in /opt/sw/spack/apps/linux-rhel8-x86_64/gcc-10.3.0/python-3.10.1-qb/lib/python3.10/site-packages (from pandas->datasets==2.11.0->-r requirements.txt (line 2)) (2023.3)
Requirement already satisfied: tzdata>=2022.1 in /opt/sw/spack/apps/linux-rhel8-x86_64/gcc-10.3.0/python-3.10.1-qb/lib/python3.10/site-packages (from pandas->datasets==2.11.0->-r requirements.txt (line 2)) (2023.3)
Requirement already satisfied: smmap<6,>=3.0.1 in /home/bantiya/.local/lib/python3.10/site-packages (from gitdb<5,>=4.0.1->GitPython!=3.1.29,>=1.0.0->wandb->-r requirements.txt (line 4)) (5.0.0)
Requirement already satisfied: pyasn1<0.6.0,>=0.4.6 in /opt/sw/spack/apps/linux-rhel8-x86_64/gcc-10.3.0/python-3.10.1-qb/lib/python3.10/site-packages (from pyasn1-modules>=0.2.1->google-auth<3,>=1.6.3->tensorboard->-r requirements.txt (line 7)) (0.5.0)
Requirement already satisfied: oauthlib>=3.0.0 in /opt/sw/spack/apps/linux-rhel8-x86_64/gcc-10.3.0/python-3.10.1-qb/lib/python3.10/site-packages (from requests-oauthlib>=0.7.0->google-auth-oauthlib<1.1,>=0.5->tensorboard->-r requirements.txt (line 7)) (3.2.2)
Requirement already satisfied: mpmath>=0.19 in /opt/sw/spack/apps/linux-rhel8-x86_64/gcc-10.3.0/python-3.10.1-qb/lib/python3.10/site-packages (from sympy->torch>=1.4.0->accelerate==0.18.0->-r requirements.txt (line 6)) (1.3.0)
05/04/2023 18:57:20 - INFO - __main__ -   Distributed environment: NO
Num processes: 1
Process index: 0
Local process index: 0
Device: cuda

Mixed precision type: no

05/04/2023 18:57:20 - WARNING - __main__ -   Namespace(dataset_name='jkorsvik/cnn_daily_mail_nor_final', dataset_config_name='3.0.0', train_file=None, validation_file=None, ignore_pad_token_for_loss=True, max_source_length=1024, source_prefix=None, preprocessing_num_workers=None, overwrite_cache=None, max_target_length=128, val_max_target_length=None, pad_to_max_length=False, model_name_or_path='facebook/bart-base', config_name=None, tokenizer_name=None, text_column=None, summary_column=None, use_slow_tokenizer=False, per_device_train_batch_size=16, per_device_eval_batch_size=4, learning_rate=3e-05, weight_decay=0.0, num_train_epochs=20, max_train_steps=None, gradient_accumulation_steps=2, lr_scheduler_type=<SchedulerType.LINEAR: 'linear'>, warmup_ratio=0.05, output_dir='./output_jkorsvik_cnn_daily_mail_nor_final/2_8_1_1_20_3e-05_fp16', seed=28, model_type=None, teacher_model='facebook/bart-base', student_model='facebook/bart-base', pred_distill=True, intermediate_distill=True, weight_bits=2, input_bits=8, clip_val=2.5, length_penalty=1.0, max_length=160, min_length=50, num_beams=4, do_train=True, do_test=True, test_teacher=False, distill_encoder=1, distill_decoder=1, log_steps=20, local_rank=0, weighted=False, new_distill_map=False, task_weight=1, logits_weight=1, hid_weight=1)


the arguments are:  Namespace(dataset_name='jkorsvik/cnn_daily_mail_nor_final', dataset_config_name='3.0.0', train_file=None, validation_file=None, ignore_pad_token_for_loss=True, max_source_length=1024, source_prefix=None, preprocessing_num_workers=None, overwrite_cache=None, max_target_length=128, val_max_target_length=None, pad_to_max_length=False, model_name_or_path='facebook/bart-base', config_name=None, tokenizer_name=None, text_column=None, summary_column=None, use_slow_tokenizer=False, per_device_train_batch_size=16, per_device_eval_batch_size=4, learning_rate=3e-05, weight_decay=0.0, num_train_epochs=20, max_train_steps=None, gradient_accumulation_steps=2, lr_scheduler_type=<SchedulerType.LINEAR: 'linear'>, warmup_ratio=0.05, output_dir='./output_jkorsvik_cnn_daily_mail_nor_final/2_8_1_1_20_3e-05_fp16', seed=28, model_type=None, teacher_model='facebook/bart-base', student_model='facebook/bart-base', pred_distill=True, intermediate_distill=True, weight_bits=2, input_bits=8, clip_val=2.5, length_penalty=1.0, max_length=160, min_length=50, num_beams=4, do_train=True, do_test=True, test_teacher=False, distill_encoder=1, distill_decoder=1, log_steps=20, local_rank=0, weighted=False, new_distill_map=False, task_weight=1, logits_weight=1, hid_weight=1)


the args output_dir is:  ./output_jkorsvik_cnn_daily_mail_nor_final/2_8_1_1_20_3e-05_fp16




dataset is not none




dataset name is : jkorsvik/cnn_daily_mail_nor_final and config name is: 3.0.0
05/04/2023 18:57:21 - WARNING - datasets.builder -   Found cached dataset parquet (/home/bantiya/.cache/huggingface/datasets/jkorsvik___parquet/jkorsvik--cnn_daily_mail_nor_final-829ec2425a22fa1d/0.0.0/2a3b91fbd88a2c90d1dbbb32b460cf621d31bd5b05b934492fdef7d8d6f236ec)




Raw data set after loading the data is :  DatasetDict({
    train: Dataset({
        features: ['article', 'highlights', 'id'],
        num_rows: 47171
    })
    validation: Dataset({
        features: ['article', 'highlights', 'id'],
        num_rows: 3551
    })
    test: Dataset({
        features: ['article', 'highlights', 'id'],
        num_rows: 5636
    })
})
init quantize emb




 The raw datset is :  DatasetDict({
    train: Dataset({
        features: ['article', 'highlights', 'id'],
        num_rows: 47171
    })
    validation: Dataset({
        features: ['article', 'highlights', 'id'],
        num_rows: 3551
    })
    test: Dataset({
        features: ['article', 'highlights', 'id'],
        num_rows: 5636
    })
})
datasets size, train: 47171, validate: 3551, test: 5636
05/04/2023 18:57:43 - INFO - __main__ -   Sample 7402 of the training set: {'input_ids': [0, 2271, 10635, 757, 2279, 939, 5819, 2972, 267, 14562, 90, 939, 856, 267, 368, 4400, 1334, 23, 1368, 260, 56, 2794, 385, 241, 3320, 1177, 2536, 90, 13550, 330, 23119, 2013, 313, 282, 223, 4400, 3369, 8299, 119, 11489, 462, 1437, 967, 1071, 856, 21609, 633, 5720, 19976, 428, 5113, 6, 1177, 15551, 18594, 10635, 808, 1885, 7282, 14562, 8564, 275, 991, 859, 842, 571, 181, 11489, 17047, 1073, 4, 5469, 1554, 2596, 2972, 267, 14562, 90, 211, 2533, 241, 4127, 501, 821, 8395, 939, 28200, 718, 223, 1177, 449, 261, 9289, 281, 23368, 16487, 386, 594, 5679, 23, 160, 354, 8663, 5667, 2088, 17218, 4899, 90, 1638, 1177, 23021, 6646, 417, 7771, 2533, 9671, 181, 11489, 3069, 1368, 267, 991, 462, 14562, 1090, 313, 19596, 4, 318, 14562, 462, 1899, 1554, 2596, 48501, 4127, 6, 16487, 56, 2794, 98, 18068, 939, 1177, 2221, 939, 1051, 10904, 6, 160, 13844, 620, 10570, 1021, 571, 5667, 12597, 11402, 5679, 3069, 4, 211, 2533, 241, 3600, 10325, 1790, 14628, 5011, 6, 16487, 3335, 939, 1051, 10904, 6, 449, 10770, 2089, 1177, 1690, 14562, 5967, 21359, 8690, 4400, 1334, 23, 6110, 5679, 10770, 2089, 26830, 5378, 2279, 3677, 225, 594, 1690, 14562, 5967, 594, 23, 10635, 757, 2279, 225, 5469, 1554, 2596, 13819, 2972, 9259, 223, 1177, 1368, 14562, 4506, 939, 5819, 181, 11489, 17047, 1073, 4, 5469, 1554, 2596, 6, 21011, 24769, 6, 2972, 267, 14562, 90, 211, 2533, 241, 4127, 6, 1368, 14562, 15974, 6, 501, 821, 8395, 939, 28200, 718, 939, 856, 267, 368, 6, 223, 1177, 449, 261, 9289, 281, 23368, 16487, 28, 4740, 3999, 242, 5679, 23, 160, 354, 8663, 5667, 2088, 17218, 2972, 922, 459, 2489, 579, 267, 1951, 19613, 3069, 1368, 267, 991, 462, 14562, 1090, 313, 19596, 4, 6213, 12, 330, 8615, 354, 23368, 30422, 338, 12, 642, 1728, 2716, 30934, 16080, 23, 1554, 2596, 5378, 14562, 90, 6402, 10273, 1033, 36299, 1638, 29091, 2955, 1368, 260, 3349, 14562, 705, 2794, 952, 8210, 910, 1253, 5113, 313, 19596, 952, 18537, 219, 3209, 462, 21609, 856, 14562, 338, 263, 28, 4740, 3999, 242, 952, 8210, 3369, 11489, 7485, 4, 3600, 10325, 1790, 13403, 718, 324, 1021, 571, 21011, 1396, 1236, 1792, 2716, 2955, 385, 8615, 225, 81, 1554, 30915, 9988, 4122, 90, 3509, 13819, 449, 879, 2590, 267, 2723, 4, 3773, 90, 1688, 858, 12906, 242, 23, 6360, 2577, 225, 15747, 28, 18235, 1023, 594, 6, 604, 579, 267, 4550, 2344, 6969, 9049, 594, 1554, 2596, 1021, 571, 2241, 23, 1368, 260, 1717, 18235, 38177, 1023, 386, 594, 1177, 10512, 12, 3955, 4, 8923, 1334, 506, 994, 1071, 241, 37, 705, 3624, 23, 1554, 2596, 1437, 967, 1071, 449, 879, 858, 20935, 462, 1322, 1368, 23690, 1990, 1368, 260, 856, 14562, 462, 859, 34960, 1417, 13, 952, 8210, 449, 462, 3340, 242, 295, 196, 4127, 16080, 2137, 1177, 12358, 2816, 890, 14168, 181, 11489, 23, 1368, 267, 991, 462, 14562, 1090, 1021, 571, 43114, 330, 6812, 13550, 1071, 9, 859, 741, 30422, 8564, 11269, 8538, 4, 4127, 56, 2794, 33554, 8447, 1210, 1116, 2558, 118, 6, 604, 13403, 718, 2495, 12280, 17929, 90, 23, 1368, 260, 1437, 967, 1071, 15747, 444, 17218, 4, 11548, 41702, 225, 12241, 225, 330, 859, 11402, 13, 952, 8210, 2489, 21422, 11489, 5967, 1177, 34550, 1506, 90, 44617, 6, 12686, 2241, 1190, 2032, 6806, 225, 6, 1177, 34369, 1638, 415, 16487, 3594, 254, 859, 18770, 6285, 594, 6, 939, 6402, 9996, 9259, 14537, 4795, 254, 17047, 1073, 4, 128, 43170, 15747, 1437, 967, 1071, 4435, 17424, 23546, 13, 36, 11632, 12, 3955, 594, 322, 108, 5819, 12, 25214, 757, 2279, 14950, 2871, 5967, 14306, 1396, 223, 5819, 5378, 2279, 12, 1021, 571, 10635, 967, 8615, 354, 267, 1790, 1368, 14562, 4506, 13, 5469, 1554, 2596, 16487, 12241, 594, 633, 5720, 4400, 1334, 952, 8210, 2489, 6402, 506, 4503, 90, 501, 2972, 7027, 939, 385, 14562, 11622, 32783, 2716, 19976, 4127, 939, 28200, 718, 777, 4, 2032, 6806, 225, 56, 2794, 4795, 2399, 13, 23, 160, 354, 7160, 10905, 9864, 449, 1001, 35849, 9578, 405, 2816, 117, 225, 1368, 9578, 263, 5679, 17239, 523, 1023, 4626, 12241, 225, 5029, 23, 621, 225, 3335, 28, 705, 30422, 642, 4135, 1021, 571, 16080, 571, 267, 14562, 338, 1177, 2664, 687, 5317, 4, 6090, 856, 281, 212, 279, 90, 23, 1554, 2596, 10, 4779, 1069, 20935, 462, 13775, 449, 462, 2013, 1368, 705, 29742, 1368, 260, 856, 14562, 462, 859, 842, 571, 35121, 594, 4, 1554, 30915, 34369, 1638, 415, 56, 2794, 4795, 2399, 23, 11548, 17701, 821, 4636, 748, 196, 326, 7623, 990, 225, 12686, 1437, 967, 1071, 449, 23559, 2794, 23, 160, 354, 8663, 13819, 9049, 594, 4, 344, 3733, 29571, 3089, 118, 10635, 757, 2279, 4, 11185, 3335, 3069, 1236, 3733, 3335, 4, 344, 3733, 12280, 1368, 267, 922, 13713, 13134, 37, 459, 697, 90, 6, 48584, 10172, 48110, 6407, 2596, 15016, 337, 859, 41578, 2716, 4, 221, 11489, 29420, 27171, 1187, 1023, 700, 3869, 293, 9988, 462, 1182, 3509, 939, 2694, 22542, 16780, 1437, 967, 1071, 952, 8210, 579, 967, 859, 1554, 2596, 13, 1177, 34550, 1506, 90, 44617, 16080, 462, 14562, 6526, 385, 6988, 5679, 856, 2050, 523, 7876, 13049, 2262, 620, 14562, 90, 16487, 579, 11489, 30673, 260, 1334, 13049, 2262, 462, 25835, 3600, 10325, 1790, 385, 14562, 417, 5679, 988, 7549, 5886, 1627, 6360, 2577, 18408, 37, 1187, 2552, 19976, 1177, 1368, 705, 405, 160, 5999, 939, 8889, 6, 4630, 4, 211, 2533, 241, 3600, 10325, 1790, 5378, 368, 6, 13320, 4127, 6, 15016, 337, 859, 8812, 4742, 4400, 1334, 41578, 10219, 856, 14562, 338, 6526, 449, 267, 4734, 44617, 181, 11489, 17047, 1073, 23, 13403, 718, 2495, 15747, 13, 282, 14562, 9611, 5679, 44678, 267, 14562, 5982, 7305, 4, 11548, 43170, 449, 1075, 2089, 253, 102, 9374, 6, 12686, 897, 1368, 260, 19976, 4, 344, 3733, 3089, 853, 1437, 967, 1071, 13, 282, 14562, 9611, 856, 14562, 338, 22626, 5032, 2379, 7282, 7160, 1021, 7485, 6, 5032, 2379, 7282, 7160, 13134, 6, 5032, 2379, 7282, 7160, 748, 11489, 241, 4435, 17424, 26979, 9426, 3361, 7876, 769, 5967, 1023, 31995, 4, 5011, 4127, 6, 211, 2533, 241, 3600, 10325, 1790, 2], 'attention_mask': [1, 1, 1, 1, 1, 1, 1, 1, 1, 1, 1, 1, 1, 1, 1, 1, 1, 1, 1, 1, 1, 1, 1, 1, 1, 1, 1, 1, 1, 1, 1, 1, 1, 1, 1, 1, 1, 1, 1, 1, 1, 1, 1, 1, 1, 1, 1, 1, 1, 1, 1, 1, 1, 1, 1, 1, 1, 1, 1, 1, 1, 1, 1, 1, 1, 1, 1, 1, 1, 1, 1, 1, 1, 1, 1, 1, 1, 1, 1, 1, 1, 1, 1, 1, 1, 1, 1, 1, 1, 1, 1, 1, 1, 1, 1, 1, 1, 1, 1, 1, 1, 1, 1, 1, 1, 1, 1, 1, 1, 1, 1, 1, 1, 1, 1, 1, 1, 1, 1, 1, 1, 1, 1, 1, 1, 1, 1, 1, 1, 1, 1, 1, 1, 1, 1, 1, 1, 1, 1, 1, 1, 1, 1, 1, 1, 1, 1, 1, 1, 1, 1, 1, 1, 1, 1, 1, 1, 1, 1, 1, 1, 1, 1, 1, 1, 1, 1, 1, 1, 1, 1, 1, 1, 1, 1, 1, 1, 1, 1, 1, 1, 1, 1, 1, 1, 1, 1, 1, 1, 1, 1, 1, 1, 1, 1, 1, 1, 1, 1, 1, 1, 1, 1, 1, 1, 1, 1, 1, 1, 1, 1, 1, 1, 1, 1, 1, 1, 1, 1, 1, 1, 1, 1, 1, 1, 1, 1, 1, 1, 1, 1, 1, 1, 1, 1, 1, 1, 1, 1, 1, 1, 1, 1, 1, 1, 1, 1, 1, 1, 1, 1, 1, 1, 1, 1, 1, 1, 1, 1, 1, 1, 1, 1, 1, 1, 1, 1, 1, 1, 1, 1, 1, 1, 1, 1, 1, 1, 1, 1, 1, 1, 1, 1, 1, 1, 1, 1, 1, 1, 1, 1, 1, 1, 1, 1, 1, 1, 1, 1, 1, 1, 1, 1, 1, 1, 1, 1, 1, 1, 1, 1, 1, 1, 1, 1, 1, 1, 1, 1, 1, 1, 1, 1, 1, 1, 1, 1, 1, 1, 1, 1, 1, 1, 1, 1, 1, 1, 1, 1, 1, 1, 1, 1, 1, 1, 1, 1, 1, 1, 1, 1, 1, 1, 1, 1, 1, 1, 1, 1, 1, 1, 1, 1, 1, 1, 1, 1, 1, 1, 1, 1, 1, 1, 1, 1, 1, 1, 1, 1, 1, 1, 1, 1, 1, 1, 1, 1, 1, 1, 1, 1, 1, 1, 1, 1, 1, 1, 1, 1, 1, 1, 1, 1, 1, 1, 1, 1, 1, 1, 1, 1, 1, 1, 1, 1, 1, 1, 1, 1, 1, 1, 1, 1, 1, 1, 1, 1, 1, 1, 1, 1, 1, 1, 1, 1, 1, 1, 1, 1, 1, 1, 1, 1, 1, 1, 1, 1, 1, 1, 1, 1, 1, 1, 1, 1, 1, 1, 1, 1, 1, 1, 1, 1, 1, 1, 1, 1, 1, 1, 1, 1, 1, 1, 1, 1, 1, 1, 1, 1, 1, 1, 1, 1, 1, 1, 1, 1, 1, 1, 1, 1, 1, 1, 1, 1, 1, 1, 1, 1, 1, 1, 1, 1, 1, 1, 1, 1, 1, 1, 1, 1, 1, 1, 1, 1, 1, 1, 1, 1, 1, 1, 1, 1, 1, 1, 1, 1, 1, 1, 1, 1, 1, 1, 1, 1, 1, 1, 1, 1, 1, 1, 1, 1, 1, 1, 1, 1, 1, 1, 1, 1, 1, 1, 1, 1, 1, 1, 1, 1, 1, 1, 1, 1, 1, 1, 1, 1, 1, 1, 1, 1, 1, 1, 1, 1, 1, 1, 1, 1, 1, 1, 1, 1, 1, 1, 1, 1, 1, 1, 1, 1, 1, 1, 1, 1, 1, 1, 1, 1, 1, 1, 1, 1, 1, 1, 1, 1, 1, 1, 1, 1, 1, 1, 1, 1, 1, 1, 1, 1, 1, 1, 1, 1, 1, 1, 1, 1, 1, 1, 1, 1, 1, 1, 1, 1, 1, 1, 1, 1, 1, 1, 1, 1, 1, 1, 1, 1, 1, 1, 1, 1, 1, 1, 1, 1, 1, 1, 1, 1, 1, 1, 1, 1, 1, 1, 1, 1, 1, 1, 1, 1, 1, 1, 1, 1, 1, 1, 1, 1, 1, 1, 1, 1, 1, 1, 1, 1, 1, 1, 1, 1, 1, 1, 1, 1, 1, 1, 1, 1, 1, 1, 1, 1, 1, 1, 1, 1, 1, 1, 1, 1, 1, 1, 1, 1, 1, 1, 1, 1, 1, 1, 1, 1, 1, 1, 1, 1, 1, 1, 1, 1, 1, 1, 1, 1, 1, 1, 1, 1, 1, 1, 1, 1, 1, 1, 1, 1, 1, 1, 1, 1, 1, 1, 1, 1, 1, 1, 1, 1, 1, 1, 1, 1, 1, 1, 1, 1, 1, 1, 1, 1, 1, 1, 1, 1, 1, 1, 1, 1, 1, 1, 1, 1, 1, 1, 1, 1, 1, 1, 1, 1, 1, 1, 1, 1, 1, 1, 1, 1, 1, 1, 1, 1, 1, 1, 1, 1, 1, 1, 1, 1, 1, 1, 1, 1, 1, 1, 1, 1, 1, 1, 1, 1, 1, 1, 1, 1, 1, 1, 1, 1, 1, 1, 1, 1, 1, 1, 1, 1, 1, 1, 1, 1, 1, 1, 1, 1, 1, 1, 1, 1, 1, 1, 1, 1, 1, 1, 1, 1, 1, 1, 1, 1, 1, 1, 1, 1, 1, 1, 1, 1, 1, 1, 1, 1, 1, 1, 1, 1, 1, 1, 1, 1, 1, 1, 1, 1, 1, 1, 1, 1, 1, 1, 1, 1, 1, 1, 1, 1, 1, 1, 1, 1, 1, 1, 1, 1, 1, 1, 1, 1, 1, 1, 1, 1, 1, 1, 1, 1, 1, 1, 1, 1, 1, 1, 1, 1, 1, 1, 1, 1, 1, 1, 1, 1, 1, 1, 1, 1, 1, 1, 1, 1, 1, 1, 1, 1, 1, 1, 1, 1, 1, 1, 1, 1, 1, 1, 1, 1, 1, 1, 1, 1, 1, 1, 1, 1, 1, 1, 1, 1, 1, 1, 1, 1, 1, 1, 1, 1, 1, 1, 1, 1, 1, 1, 1, 1, 1, 1, 1, 1, 1, 1, 1, 1, 1, 1, 1, 1, 1, 1, 1, 1, 1, 1, 1, 1, 1, 1, 1, 1, 1, 1, 1, 1, 1, 1, 1, 1, 1, 1, 1, 1, 1], 'labels': [0, 16373, 757, 2279, 225, 5469, 1554, 2596, 13819, 2972, 9259, 4400, 1334, 23, 1368, 260, 2972, 267, 14562, 90, 211, 2533, 241, 4127, 501, 821, 8395, 223, 4400, 3369, 8299, 119, 11489, 462, 939, 28200, 718, 4, 10682, 1073, 3087, 7282, 594, 4400, 2798, 6402, 10635, 808, 1885, 7282, 14562, 8564, 11402, 952, 8210, 3089, 118, 821, 7623, 5246, 29, 2611, 13, 7506, 1368, 260, 56, 2794, 43478, 90, 6402, 10273, 1033, 36299, 1638, 29091, 4, 1554, 2596, 579, 267, 1951, 19613, 3069, 1368, 267, 991, 462, 14562, 1090, 313, 19596, 2955, 1368, 260, 275, 991, 859, 842, 571, 13, 952, 8210, 910, 1253, 5113, 4127, 1021, 571, 1177, 449, 261, 9289, 281, 23368, 43142, 571, 859, 4, 3773, 90, 1688, 858, 12906, 242, 23, 6360, 2]}.
Yes, cuda is available, Found device: NVIDIA A100-SXM-80GB, n_gpu: 1
05/04/2023 18:57:47 - INFO - __main__ -   ***** Running training *****
05/04/2023 18:57:47 - INFO - __main__ -     Num examples = 47171
05/04/2023 18:57:47 - INFO - __main__ -     Num Epochs = 20
05/04/2023 18:57:47 - INFO - __main__ -     Instantaneous batch size per device = 16
05/04/2023 18:57:47 - INFO - __main__ -     Total train batch size (w. parallel, distributed & accumulation) = 32
05/04/2023 18:57:47 - INFO - __main__ -     Gradient Accumulation steps = 2
05/04/2023 18:57:47 - INFO - __main__ -     Total optimization steps = 29500
05/04/2023 18:57:47 - INFO - __main__ -     student encoder layers = 1
05/04/2023 18:57:47 - INFO - __main__ -     student decoder layers = 1
05/04/2023 18:57:47 - INFO - __main__ -     student encoder layers [0] is mapped with teacher encoder layers [5]
05/04/2023 18:57:47 - INFO - __main__ -     student decoder layers [0] is mapped with teacher decoder layers [5]
05/04/2023 19:24:35 - INFO - __main__ -   evaluation result: {'eval/rouge1': 11.9654, 'eval/rouge2': 0.4037, 'eval/rougeL': 8.6064, 'eval/rougeLsum': 11.018} 
